Log file open, 02/08/18 09:56:18
LogWindows: LoadLibraryWithSearchPaths failed for file aqProf.dll. GetLastError=0
LogWindows: LoadLibraryWithSearchPaths failed for file VtuneApi.dll. GetLastError=0
LogWindows: LoadLibraryWithSearchPaths failed for file VtuneApi32e.dll. GetLastError=0
LogInit: Display: Running engine for game: FPS_NetflixBoredom
LogPlatformFile: Not using cached read wrapper
LogInit: Display: RandInit(1638449754) SRandInit(1638449754).
LogTaskGraph: Started task graph with 5 named threads and 14 total threads with 3 sets of task threads.
LogStats: Stats thread started at 0.214858
LogD3D11RHI: Aftermath initialized
LogPluginManager: Mounting plugin Paper2D
LogPluginManager: Mounting plugin LightPropagationVolume
LogPluginManager: Mounting plugin CodeLiteSourceCodeAccess
LogPluginManager: Mounting plugin GitSourceControl
LogPluginManager: Mounting plugin KDevelopSourceCodeAccess
LogPluginManager: Mounting plugin NullSourceCodeAccess
LogPluginManager: Mounting plugin PerforceSourceControl
LogPluginManager: Mounting plugin SubversionSourceControl
LogPluginManager: Mounting plugin UObjectPlugin
LogPluginManager: Mounting plugin VisualStudioSourceCodeAccess
LogPluginManager: Mounting plugin XCodeSourceCodeAccess
LogPluginManager: Mounting plugin AssetManagerEditor
LogPluginManager: Mounting plugin AudioCapture
LogPluginManager: Mounting plugin FacialAnimation
LogPluginManager: Mounting plugin GameplayTagsEditor
LogPluginManager: Mounting plugin MobileLauncherProfileWizard
LogPluginManager: Mounting plugin PluginBrowser
LogPluginManager: Mounting plugin SpeedTreeImporter
LogPluginManager: Mounting plugin AlembicImporter
LogPluginManager: Mounting plugin CharacterAI
LogPluginManager: Mounting plugin HTML5Networking
LogPluginManager: Mounting plugin AndroidMedia
LogPluginManager: Mounting plugin AvfMedia
LogPluginManager: Mounting plugin MediaPlayerEditor
LogPluginManager: Mounting plugin WmfMedia
LogPluginManager: Mounting plugin TcpMessaging
LogPluginManager: Mounting plugin UdpMessaging
LogPluginManager: Mounting plugin LevelSequenceEditor
LogPluginManager: Mounting plugin MatineeToLevelSequence
LogPluginManager: Mounting plugin OnlineSubsystemGooglePlay
LogPluginManager: Mounting plugin OnlineSubsystemIOS
LogPluginManager: Mounting plugin OnlineSubsystem
LogPluginManager: Mounting plugin OnlineSubsystemNull
LogPluginManager: Mounting plugin OnlineSubsystemUtils
LogPluginManager: Mounting plugin AndroidDeviceProfileSelector
LogPluginManager: Mounting plugin AndroidMoviePlayer
LogPluginManager: Mounting plugin AndroidPermission
LogPluginManager: Mounting plugin AppleMoviePlayer
LogPluginManager: Mounting plugin ArchVisCharacter
LogPluginManager: Mounting plugin CableComponent
LogPluginManager: Mounting plugin CustomMeshComponent
LogPluginManager: Mounting plugin ExampleDeviceProfileSelector
LogPluginManager: Mounting plugin GoogleCloudMessaging
LogPluginManager: Mounting plugin ImmediatePhysics
LogPluginManager: Mounting plugin IOSDeviceProfileSelector
LogPluginManager: Mounting plugin LinuxDeviceProfileSelector
LogPluginManager: Mounting plugin LocationServicesBPLibrary
LogPluginManager: Mounting plugin MobilePatchingUtils
LogPluginManager: Mounting plugin OculusVR
LogPluginManager: Mounting plugin PhysXVehicles
LogPluginManager: Mounting plugin ProceduralMeshComponent
LogPluginManager: Mounting plugin RuntimePhysXCooking
LogPluginManager: Mounting plugin SteamVR
LogPluginManager: Mounting plugin WindowsMoviePlayer
LogInit: Using libcurl 7.47.1
LogInit:  - built for x86_64-pc-win32
LogInit:  - supports SSL with OpenSSL/1.0.2g
LogInit:  - supports HTTP deflate (compression) using libz 1.2.8
LogInit:  - other features:
LogInit:      CURL_VERSION_SSL
LogInit:      CURL_VERSION_LIBZ
LogInit:      CURL_VERSION_IPV6
LogInit:      CURL_VERSION_ASYNCHDNS
LogInit:      CURL_VERSION_LARGEFILE
LogInit:      CURL_VERSION_IDN
LogInit:  CurlRequestOptions (configurable via config and command line):
LogInit:  - bVerifyPeer = false  - Libcurl will NOT verify peer certificate
LogInit:  - bUseHttpProxy = false  - Libcurl will NOT use HTTP proxy
LogInit:  - bDontReuseConnections = false  - Libcurl will reuse connections
LogInit:  - CertBundlePath = nullptr  - Libcurl will use whatever was configured at build time.
LogInit: Build: ++UE4+Release-4.17-CL-3586342
LogInit: Engine Version: 4.17.1-3586342+++UE4+Release-4.17
LogInit: Compatible Engine Version: 4.17.0-3573198+++UE4+Release-4.17
LogInit: Net CL: 3573198
LogDevObjectVersion: Number of dev versions registered: 16
LogDevObjectVersion:   Dev-Blueprints (B0D832E4-1F89-4F0D-ACCF-7EB736FD4AA2): 10
LogDevObjectVersion:   Dev-Build (E1C64328-A22C-4D53-A36C-8E866417BD8C): 0
LogDevObjectVersion:   Dev-Core (375EC13C-06E4-48FB-B500-84F0262A717E): 2
LogDevObjectVersion:   Dev-Editor (E4B068ED-F494-42E9-A231-DA0B2E46BB41): 20
LogDevObjectVersion:   Dev-Framework (CFFC743F-43B0-4480-9391-14DF171D2073): 28
LogDevObjectVersion:   Dev-Mobile (B02B49B5-BB20-44E9-A304-32B752E40360): 0
LogDevObjectVersion:   Dev-Networking (A4E4105C-59A1-49B5-A7C5-40C4547EDFEE): 0
LogDevObjectVersion:   Dev-Online (39C831C9-5AE6-47DC-9A44-9C173E1C8E7C): 0
LogDevObjectVersion:   Dev-Physics (78F01B33-EBEA-4F98-B9B4-84EACCB95AA2): 0
LogDevObjectVersion:   Dev-Platform (6631380F-2D4D-43E0-8009-CF276956A95A): 0
LogDevObjectVersion:   Dev-Rendering (12F88B9F-8875-4AFC-A67C-D90C383ABD29): 19
LogDevObjectVersion:   Dev-Sequencer (7B5AE74C-D270-4C10-A958-57980B212A5A): 4
LogDevObjectVersion:   Dev-VR (D7296918-1DD6-4BDD-9DE2-64A83CC13884): 0
LogDevObjectVersion:   Dev-LoadTimes (C2A15278-BFE7-4AFE-6C17-90FF531DF755): 1
LogDevObjectVersion:   Private-Geometry (6EACA3D4-40EC-4CC1-B786-8BED09428FC5): 1
LogDevObjectVersion:   Dev-AnimPhys (29E575DD-E0A3-4627-9D10-D276232CDCEA): 7
LogInit: Compiled (64-bit): Aug 15 2017 02:05:26
LogInit: Compiled with Visual C++: 19.00.24215.01
LogInit: Build Configuration: Development
LogInit: Branch Name: ++UE4+Release-4.17
LogInit: Command line: 
LogInit: Base directory: C:/Program Files/Epic Games/UE_4.17/Engine/Binaries/Win64/
LogInit: Installed Engine Build: 1
LogInit: Presizing for max 8388607 objects, including 0 objects not considered by GC, pre-allocating 0 bytes for permanent pool.
LogInit: Object subsystem initialized
[2018.02.08-15.56.18:926][  0]LogInit: Selected Device Profile: [Windows]
[2018.02.08-15.56.18:926][  0]LogInit: Applying CVar settings loaded from the selected device profile: [Windows]
[2018.02.08-15.56.18:993][  0]LogInit: Computer: MIKE_ZBOOK
[2018.02.08-15.56.18:993][  0]LogInit: User: mingargiola21
[2018.02.08-15.56.18:993][  0]LogInit: CPU Page size=4096, Cores=4
[2018.02.08-15.56.18:993][  0]LogInit: High frequency timer resolution =2.728066 MHz
[2018.02.08-15.56.18:994][  0]LogMemory: Memory total: Physical=15.9GB (16GB approx)
[2018.02.08-15.56.18:994][  0]LogMemory: Platform Memory Stats for Windows
[2018.02.08-15.56.18:994][  0]LogMemory: Process Physical Memory: 279.54 MB used, 279.54 MB peak
[2018.02.08-15.56.18:994][  0]LogMemory: Process Virtual Memory: 282.44 MB used, 282.44 MB peak
[2018.02.08-15.56.18:994][  0]LogMemory: Physical Memory: 5033.64 MB used,  11265.47 MB free, 16299.11 MB total
[2018.02.08-15.56.18:994][  0]LogMemory: Virtual Memory: 715.24 MB used,  11265.47 MB free, 134217728.00 MB total
[2018.02.08-15.56.19:279][  0]LogInit: Using OS detected language (en-US).
[2018.02.08-15.56.19:279][  0]LogInit: Using OS detected locale (en-US).
[2018.02.08-15.56.19:283][  0]LogTextLocalizationManager: No specific localization for 'en-US' exists, so the 'en' localization will be used.
[2018.02.08-15.56.20:438][  0]LogD3D11RHI: D3D11 adapters:
[2018.02.08-15.56.20:564][  0]LogD3D11RHI:    0. 'NVIDIA Quadro K3100M' (Feature Level 11_0)
[2018.02.08-15.56.20:564][  0]LogD3D11RHI:       4063/0/8149 MB DedicatedVideo/DedicatedSystem/SharedSystem, Outputs:1, VendorId:0x10de
[2018.02.08-15.56.20:571][  0]LogD3D11RHI:    1. 'Microsoft Basic Render Driver' (Feature Level 11_0)
[2018.02.08-15.56.20:571][  0]LogD3D11RHI:       0/0/8149 MB DedicatedVideo/DedicatedSystem/SharedSystem, Outputs:0, VendorId:0x1414
[2018.02.08-15.56.20:571][  0]LogD3D11RHI: Chosen D3D11 Adapter: 0
[2018.02.08-15.56.20:595][  0]LogD3D11RHI: Creating new Direct3DDevice
[2018.02.08-15.56.20:596][  0]LogD3D11RHI:     GPU DeviceId: 0x11b6 (for the marketing name, search the web for "GPU Device Id")
[2018.02.08-15.56.20:596][  0]LogWindows: EnumDisplayDevices:
[2018.02.08-15.56.20:597][  0]LogWindows:    0. 'NVIDIA Quadro K3100M' (P:1 D:1)
[2018.02.08-15.56.20:597][  0]LogWindows:    1. 'NVIDIA Quadro K3100M' (P:0 D:0)
[2018.02.08-15.56.20:598][  0]LogWindows:    2. 'NVIDIA Quadro K3100M' (P:0 D:0)
[2018.02.08-15.56.20:599][  0]LogWindows:    3. 'NVIDIA Quadro K3100M' (P:0 D:0)
[2018.02.08-15.56.20:599][  0]LogWindows: DebugString: GetVideoDriverDetailsInvalid PrimaryIsNotTheChoosenAdapter GetVideoDriverDetailsInvalid PrimaryIsNotTheChoosenAdapter GetVideoDriverDetailsInvalid PrimaryIsNotTheChoosenAdapter GetVideoDriverDetailsInvalid PrimaryIsNotTheChoosenAdapter FoundDriverCount:0 
[2018.02.08-15.56.20:600][  0]LogD3D11RHI:     Adapter Name: NVIDIA Quadro K3100M
[2018.02.08-15.56.20:600][  0]LogD3D11RHI:   Driver Version: Unknown (internal:Unknown, unified:Unknown)
[2018.02.08-15.56.20:600][  0]LogD3D11RHI:      Driver Date: Unknown
[2018.02.08-15.56.20:600][  0]LogRHI: Texture pool is 1361 MB (70% of 1945 MB)
[2018.02.08-15.56.20:691][  0]LogD3D11RHI: Async texture creation enabled
[2018.02.08-15.56.20:727][  0]LogD3D11RHI: GPU Timing Frequency: 1000.000000 (Debug: 2 1)
[2018.02.08-15.56.20:777][  0]LogShaderCompilers: Guid format shader working directory is -24 characters bigger than the processId version (../../../../../../Columbia/Unreal Fun/repos/netflix-boredom/FPS_NetflixBoredom/Intermediate/Shaders/WorkingDirectory/12268/).
[2018.02.08-15.56.20:777][  0]LogShaderCompilers: Cleaned the shader compiler working directory 'C:/Users/m.ingargiola21/AppData/Local/Temp/UnrealShaderWorkingDir/69D519B04287998ADCB6928A6E9A164F/'.
[2018.02.08-15.56.20:778][  0]LogShaderCompilers: Display: Using Local Shader Compiler.
[2018.02.08-15.56.22:177][  0]LogTemp: Display: Loaded TP AllDesktopTargetPlatform
[2018.02.08-15.56.22:250][  0]LogTemp: Display: Loaded TP MacClientTargetPlatform
[2018.02.08-15.56.22:322][  0]LogTemp: Display: Loaded TP MacNoEditorTargetPlatform
[2018.02.08-15.56.22:513][  0]LogTemp: Display: Loaded TP MacServerTargetPlatform
[2018.02.08-15.56.22:712][  0]LogTemp: Display: Loaded TP MacTargetPlatform
[2018.02.08-15.56.22:803][  0]LogTemp: Display: Loaded TP WindowsClientTargetPlatform
[2018.02.08-15.56.22:875][  0]LogTemp: Display: Loaded TP WindowsNoEditorTargetPlatform
[2018.02.08-15.56.22:950][  0]LogTemp: Display: Loaded TP WindowsServerTargetPlatform
[2018.02.08-15.56.23:069][  0]LogTemp: Display: Loaded TP WindowsTargetPlatform
[2018.02.08-15.56.23:253][  0]LogTemp: Display: Loaded TP AndroidTargetPlatform
[2018.02.08-15.56.23:404][  0]LogTemp: Display: Loaded TP Android_ASTCTargetPlatform
[2018.02.08-15.56.23:479][  0]LogTemp: Display: Loaded TP Android_ATCTargetPlatform
[2018.02.08-15.56.23:656][  0]LogTemp: Display: Loaded TP Android_DXTTargetPlatform
[2018.02.08-15.56.23:739][  0]LogTemp: Display: Loaded TP Android_ETC1TargetPlatform
[2018.02.08-15.56.23:813][  0]LogTemp: Display: Loaded TP Android_ETC2TargetPlatform
[2018.02.08-15.56.23:956][  0]LogTemp: Display: Loaded TP Android_MultiTargetPlatform
[2018.02.08-15.56.23:956][  0]LogTemp: Display: Loaded TP Android_PVRTCTargetPlatform
[2018.02.08-15.56.24:068][  0]LogTemp: Display: Loaded TP HTML5TargetPlatform
[2018.02.08-15.56.24:258][  0]LogTemp: Display: Loaded TP IOSTargetPlatform
[2018.02.08-15.56.24:343][  0]LogTemp: Display: Loaded TP TVOSTargetPlatform
[2018.02.08-15.56.24:491][  0]LogTemp: Display: Loaded TP LinuxClientTargetPlatform
[2018.02.08-15.56.24:564][  0]LogTemp: Display: Loaded TP LinuxNoEditorTargetPlatform
[2018.02.08-15.56.24:754][  0]LogTemp: Display: Loaded TP LinuxServerTargetPlatform
[2018.02.08-15.56.24:944][  0]LogTemp: Display: Loaded TP LinuxTargetPlatform
[2018.02.08-15.56.24:944][  0]LogTargetPlatformManager: Display: Building Assets For Windows
[2018.02.08-15.56.25:831][  0]LogDerivedDataCache: Display: Max Cache Size: 512 MB
[2018.02.08-15.56.26:129][  0]LogDerivedDataCache: Loaded boot cache 0.30s 93MB C:/Users/m.ingargiola21/AppData/Local/UnrealEngine/4.17/DerivedDataCache/Boot.ddc.
[2018.02.08-15.56.26:129][  0]LogDerivedDataCache: Display: Loaded Boot cache: C:/Users/m.ingargiola21/AppData/Local/UnrealEngine/4.17/DerivedDataCache/Boot.ddc
[2018.02.08-15.56.26:129][  0]LogDerivedDataCache: FDerivedDataBackendGraph:  Pak pak cache file ../../../../../../Columbia/Unreal Fun/repos/netflix-boredom/FPS_NetflixBoredom/DerivedDataCache/DDC.ddp not found, will not use a pak cache.
[2018.02.08-15.56.26:129][  0]LogDerivedDataCache: Unable to find inner node Pak for hierarchical cache Hierarchy.
[2018.02.08-15.56.26:129][  0]LogDerivedDataCache: FDerivedDataBackendGraph:  CompressedPak pak cache file ../../../../../../Columbia/Unreal Fun/repos/netflix-boredom/FPS_NetflixBoredom/DerivedDataCache/Compressed.ddp not found, will not use a pak cache.
[2018.02.08-15.56.26:129][  0]LogDerivedDataCache: Unable to find inner node CompressedPak for hierarchical cache Hierarchy.
[2018.02.08-15.56.26:163][  0]LogDerivedDataCache: Display: Pak cache opened for reading ../../../Engine/DerivedDataCache/Compressed.ddp.
[2018.02.08-15.56.26:175][  0]LogDerivedDataCache: Using Local data cache path C:/Users/m.ingargiola21/AppData/Local/UnrealEngine/Common/DerivedDataCache: Writable
[2018.02.08-15.56.26:189][  0]LogMaterial: Verifying Global Shaders for PCD3D_SM5
[2018.02.08-15.56.26:190][  0]LogSlate: Using Freetype 2.6.0
[2018.02.08-15.56.26:191][  0]LogSlate: SlateFontCache - WITH_FREETYPE: 1, WITH_HARFBUZZ: 1
[2018.02.08-15.56.26:191][  0]LogSlate: SlateFontCache - WITH_FREETYPE: 1, WITH_HARFBUZZ: 1
[2018.02.08-15.56.26:625][  0]LogAssetRegistry: FAssetRegistry took 0.0280 seconds to start up
[2018.02.08-15.56.26:815][  0]LogInit: Selected Device Profile: [Windows]
[2018.02.08-15.56.27:082][  0]LogContentStreaming: Texture pool size is 0.00 MB
[2018.02.08-15.56.27:525][  0]LogSimplygon: Simplygon DLL not present - disabling.
[2018.02.08-15.56.27:718][  0]LogMeshReduction: Using SimplygonSwarm for distributed automatic mesh merging
[2018.02.08-15.56.27:718][  0]LogMeshReduction: Using QuadricMeshReduction for automatic static mesh reduction
[2018.02.08-15.56.27:718][  0]LogMeshReduction: No automatic skeletal mesh reduction module available
[2018.02.08-15.56.27:718][  0]LogMeshReduction: No automatic mesh merging module available
[2018.02.08-15.56.27:718][  0]LogMeshMerging: No automatic mesh merging module available
[2018.02.08-15.56.28:472][  0]LogNetVersion: FPS_NetflixBoredom , NetCL: 3573198, EngineNetVer: 2, GameNetVer: 0 (Checksum: 2483267665)
[2018.02.08-15.56.29:191][  0]LogPackageLocalizationCache: Processed 5 localized package path(s) for 2 prioritized culture(s) in 0.155040 seconds
[2018.02.08-15.56.29:212][  0]LogUObjectArray: 35825 objects as part of root set at end of initial load.
[2018.02.08-15.56.29:212][  0]LogUObjectAllocator: 7529112 out of 0 bytes used by permanent object pool.
[2018.02.08-15.56.29:212][  0]LogUObjectArray: CloseDisregardForGC: 0/0 objects in disregard for GC pool
[2018.02.08-15.56.29:431][  0]LogInit: WinSock: version 1.1 (2.2), MaxSocks=32767, MaxUdp=65467
[2018.02.08-15.56.34:677][  0]LogTcpMessaging: Initializing TcpMessaging bridge
[2018.02.08-15.56.34:733][  0]LogUdpMessaging: Initializing bridge on interface 0.0.0.0:0 to multicast group 230.0.0.1:6666.
[2018.02.08-15.56.35:726][  0]LogMaterial: Uniform references updated for custom material expression Custom.
[2018.02.08-15.56.37:382][  0]SourceControl: Source control is disabled
[2018.02.08-15.56.37:382][  0]SourceControl: Source control is disabled
[2018.02.08-15.56.37:556][  0]SourceControl: Source control is disabled
[2018.02.08-15.56.37:638][  0]SourceControl: Source control is disabled
[2018.02.08-15.56.38:957][  0]LogAndroidPermission: UAndroidPermissionCallbackProxy::GetInstance
[2018.02.08-15.56.39:440][  0]LogOcInput: OculusInput pre-init called
[2018.02.08-15.56.40:112][  0]LogEngine: Initializing Engine...
[2018.02.08-15.56.40:114][  0]LogHMD: Failed to initialize OpenVR with code 110
[2018.02.08-15.56.40:362][  0]LogStats: UGameplayTagsManager::ConstructGameplayTagTree: Construct from data asset -  0.000 s
[2018.02.08-15.56.40:362][  0]LogStats: UGameplayTagsManager::ConstructGameplayTagTree: GameplayTagTreeChangedEvent.Broadcast -  0.000 s
[2018.02.08-15.56.40:546][  0]LogAIModule: Creating AISystem for world Untitled
[2018.02.08-15.56.40:553][  0]LogInit: XAudio2 using 'Speakers/Headphones (Realtek High Definition Audio)' : 2 channels at 48 kHz using 32 bits per sample (channel mask 0x3)
[2018.02.08-15.56.40:806][  0]LogInit: FAudioDevice initialized.
[2018.02.08-15.56.40:971][  0]LogDerivedDataCache: Saved boot cache 0.16s 93MB C:/Users/m.ingargiola21/AppData/Local/UnrealEngine/4.17/DerivedDataCache/Boot.ddc.
[2018.02.08-15.56.40:991][  0]LogInit: Texture streaming: Enabled
[2018.02.08-15.56.41:228][  0]LogEngineSessionManager: EngineSessionManager initialized
[2018.02.08-15.56.41:642][  0]LogWindowsTextInputMethodSystem: Display: IME system now deactivated.
[2018.02.08-15.56.41:678][  0]LogInit: Transaction tracking system initialized
[2018.02.08-15.56.42:827][  0]BlueprintLog: New page: Editor Load
[2018.02.08-15.56.44:803][  0]LocalizationService: Localization service is disabled
[2018.02.08-15.56.46:479][  0]LogConsoleResponse: Display: 
[2018.02.08-15.56.46:755][  0]LogCook: Display: Max memory allowance for cook 16384mb min free memory 0mb
[2018.02.08-15.56.46:756][  0]LogCook: Display: Mobile HDR setting 1
[2018.02.08-15.56.46:756][  0]LogGameplayTags: Display: UGameplayTagsManager::DoneAddingNativeTags. DelegateIsBound: 0
[2018.02.08-15.56.47:360][  0]LogFileCache: Scanning file cache for directory 'C:/Columbia/Unreal Fun/repos/netflix-boredom/FPS_NetflixBoredom/Content/' took 0.03s
[2018.02.08-15.56.49:156][  0]SourceControl: Source control is disabled
[2018.02.08-15.56.49:156][  0]Cmd: MAP LOAD FILE="../../../../../../Columbia/Unreal Fun/repos/netflix-boredom/FPS_NetflixBoredom/Content/FirstPersonBP/Maps/FirstPersonExampleMap.umap" TEMPLATE=0 SHOWPROGRESS=1 FEATURELEVEL=3
[2018.02.08-15.56.49:163][  0]LightingResults: New page: Lighting Build
[2018.02.08-15.56.49:242][  0]MapCheck: New page: Map Check
[2018.02.08-15.56.49:243][  0]LightingResults: New page: Lighting Build
[2018.02.08-15.56.50:623][  0]LogAIModule: Creating AISystem for world FirstPersonExampleMap
[2018.02.08-15.56.50:647][  0]LogEditorServer: Finished looking for orphan Actors (0.000 secs)
[2018.02.08-15.56.50:677][  0]Cmd: MAP CHECKDEP NOCLEARLOG
[2018.02.08-15.56.50:776][  0]MapCheck: Map check complete: 0 Error(s), 0 Warning(s), took 98.981ms to complete.
[2018.02.08-15.56.50:776][  0]LogFileHelpers: Loading map 'FirstPersonExampleMap' took 1.619
[2018.02.08-15.56.51:033][  0]LogCollectionManager: Loaded 0 collections in 0.004825 seconds
[2018.02.08-15.56.51:162][  0]LogFileCache: Scanning file cache for directory 'C:/Columbia/Unreal Fun/repos/netflix-boredom/FPS_NetflixBoredom/Saved/Collections/' took 0.01s
[2018.02.08-15.56.51:162][  0]LogFileCache: Scanning file cache for directory 'C:/Columbia/Unreal Fun/repos/netflix-boredom/FPS_NetflixBoredom/Content/Developers/mingargiola21/Collections/' took 0.01s
[2018.02.08-15.56.51:163][  0]LogFileCache: Scanning file cache for directory 'C:/Columbia/Unreal Fun/repos/netflix-boredom/FPS_NetflixBoredom/Content/Collections/' took 0.01s
[2018.02.08-15.56.51:163][  0]LogCollectionManager: Rebuilt the GUID cache for 0 collections in 0.000000 seconds
[2018.02.08-15.56.51:176][  0]LogContentBrowser: Native class hierarchy populated in 0.0111 seconds. Added 2386 classes and 500 folders.
[2018.02.08-15.56.51:282][  0]LogContentBrowser: Native class hierarchy updated for 'WidgetCarousel' in 0.0012 seconds. Added 0 classes and 0 folders.
[2018.02.08-15.56.51:833][  0]LogContentBrowser: Native class hierarchy updated for 'AddContentDialog' in 0.0008 seconds. Added 0 classes and 0 folders.
[2018.02.08-15.56.51:917][  0]LogContentBrowser: Native class hierarchy updated for 'SceneOutliner' in 0.0012 seconds. Added 1 classes and 2 folders.
[2018.02.08-15.56.51:993][  0]LogSlate: Took 0.000387 seconds to synchronously load lazily loaded font '../../../Engine/Content/Slate/Fonts/Roboto-Regular.ttf' (155K)
[2018.02.08-15.56.51:998][  0]LogSlate: Took 0.000488 seconds to synchronously load lazily loaded font '../../../Engine/Content/Slate/Fonts/Roboto-Bold.ttf' (160K)
[2018.02.08-15.56.52:013][  0]LogSlate: Took 0.006207 seconds to synchronously load lazily loaded font '../../../Engine/Content/Editor/Slate/Fonts/FontAwesome.ttf' (139K)
[2018.02.08-15.56.52:239][  0]LogRenderer: Reallocating scene render targets to support 1208x576 Format 10 NumSamples 1 (Frame:1).
[2018.02.08-15.56.52:561][  0]LogContentBrowser: Native class hierarchy updated for 'HierarchicalLODOutliner' in 0.0017 seconds. Added 1 classes and 2 folders.
[2018.02.08-15.56.52:562][  0]LogLoad: (Engine Initialization) Total time: 36.54 seconds
[2018.02.08-15.56.52:562][  0]LogLoad: (Engine Initialization) Total Blueprint compile time: 0.00 seconds
[2018.02.08-15.56.52:562][  0]LogExternalProfiler: Found external profiler: VSPerf
[2018.02.08-15.56.52:562][  0]LogExternalProfiler: Using external profiler: VSPerf
[2018.02.08-15.56.52:607][  0]LogContentStreaming: Texture pool size now 1000 MB
[2018.02.08-15.56.52:958][  3]LogAssetRegistry: Asset discovery search completed in 26.3551 seconds
[2018.02.08-15.56.52:964][  3]LogCollectionManager: Rebuilt the object cache for 0 collections in 0.000001 seconds (found 0 objects)
[2018.02.08-15.56.52:964][  3]LogCollectionManager: Fixed up redirectors for 0 collections in 0.000191 seconds (updated 0 objects)
[2018.02.08-16.05.58:580][912]LogEditorViewport: Clicking on Actor (LMB): StaticMeshActor (Stairs_Half_Flight)
[2018.02.08-16.06.37:819][158]LogTemp: Repeating last play command: New Editor Window (PIE)
[2018.02.08-16.06.37:879][158]LogBlueprintUserMessages: Early PlayInEditor Detection: Level '/Game/FirstPersonBP/Maps/FirstPersonExampleMap.FirstPersonExampleMap:PersistentLevel' has LevelScriptBlueprint '/Game/FirstPersonBP/Maps/FirstPersonExampleMap.FirstPersonExampleMap:PersistentLevel.FirstPersonExampleMap' with GeneratedClass '/Game/FirstPersonBP/Maps/FirstPersonExampleMap.FirstPersonExampleMap_C' with ClassGeneratedBy '/Game/FirstPersonBP/Maps/FirstPersonExampleMap.FirstPersonExampleMap:PersistentLevel.FirstPersonExampleMap'
[2018.02.08-16.06.37:879][158]LogPlayLevel: PlayLevel: No blueprints needed recompiling
[2018.02.08-16.06.37:882][158]PIE: New page: PIE session: FirstPersonExampleMap (Feb 8, 2018, 4:06:37 AM)
[2018.02.08-16.06.37:882][158]LogPlayLevel: Creating play world package: /Game/FirstPersonBP/Maps/UEDPIE_0_FirstPersonExampleMap
[2018.02.08-16.06.37:901][158]LogPlayLevel: PIE: StaticDuplicateObject took: (0.019390s)
[2018.02.08-16.06.37:902][158]LogAIModule: Creating AISystem for world FirstPersonExampleMap
[2018.02.08-16.06.37:903][158]LogPlayLevel: PIE: World Init took: (0.001205s)
[2018.02.08-16.06.37:903][158]LogPlayLevel: PIE: Created PIE world by copying editor world from /Game/FirstPersonBP/Maps/FirstPersonExampleMap.FirstPersonExampleMap to /Game/FirstPersonBP/Maps/UEDPIE_0_FirstPersonExampleMap.FirstPersonExampleMap (0.021042s)
[2018.02.08-16.06.37:919][158]LogInit: XAudio2 using 'Speakers/Headphones (Realtek High Definition Audio)' : 2 channels at 48 kHz using 32 bits per sample (channel mask 0x3)
[2018.02.08-16.06.37:944][158]LogInit: FAudioDevice initialized.
[2018.02.08-16.06.38:009][158]LogLoad: Game class is 'FirstPersonGameMode_C'
[2018.02.08-16.06.38:015][158]LogWorld: Bringing World /Game/FirstPersonBP/Maps/UEDPIE_0_FirstPersonExampleMap.FirstPersonExampleMap up for play (max tick rate 0) at 2018.02.08-10.06.38
[2018.02.08-16.06.38:017][158]LogWorld: Bringing up level for play took: 0.005565
[2018.02.08-16.06.38:087][158]LogContentBrowser: Native class hierarchy updated for 'MovieSceneCapture' in 0.0009 seconds. Added 11 classes and 0 folders.
[2018.02.08-16.06.38:096][158]PIE: Play in editor start time for /Game/FirstPersonBP/Maps/UEDPIE_0_FirstPersonExampleMap 0.929
[2018.02.08-16.06.38:097][158]LogBlueprintUserMessages: Late PlayInEditor Detection: Level '/Game/FirstPersonBP/Maps/FirstPersonExampleMap.FirstPersonExampleMap:PersistentLevel' has LevelScriptBlueprint '/Game/FirstPersonBP/Maps/FirstPersonExampleMap.FirstPersonExampleMap:PersistentLevel.FirstPersonExampleMap' with GeneratedClass '/Game/FirstPersonBP/Maps/FirstPersonExampleMap.FirstPersonExampleMap_C' with ClassGeneratedBy '/Game/FirstPersonBP/Maps/FirstPersonExampleMap.FirstPersonExampleMap:PersistentLevel.FirstPersonExampleMap'
[2018.02.08-16.06.38:169][158]LogRenderer: Reallocating scene render targets to support 1292x756 Format 10 NumSamples 1 (Frame:1).
[2018.02.08-16.07.04:128][116]LogBlueprintUserMessages: Early EndPlayMap Detection: Level '/Game/FirstPersonBP/Maps/FirstPersonExampleMap.FirstPersonExampleMap:PersistentLevel' has LevelScriptBlueprint '/Game/FirstPersonBP/Maps/FirstPersonExampleMap.FirstPersonExampleMap:PersistentLevel.FirstPersonExampleMap' with GeneratedClass '/Game/FirstPersonBP/Maps/FirstPersonExampleMap.FirstPersonExampleMap_C' with ClassGeneratedBy '/Game/FirstPersonBP/Maps/FirstPersonExampleMap.FirstPersonExampleMap:PersistentLevel.FirstPersonExampleMap'
[2018.02.08-16.07.04:200][116]LogBlueprintUserMessages: Late EndPlayMap Detection: Level '/Game/FirstPersonBP/Maps/FirstPersonExampleMap.FirstPersonExampleMap:PersistentLevel' has LevelScriptBlueprint '/Game/FirstPersonBP/Maps/FirstPersonExampleMap.FirstPersonExampleMap:PersistentLevel.FirstPersonExampleMap' with GeneratedClass '/Game/FirstPersonBP/Maps/FirstPersonExampleMap.FirstPersonExampleMap_C' with ClassGeneratedBy '/Game/FirstPersonBP/Maps/FirstPersonExampleMap.FirstPersonExampleMap:PersistentLevel.FirstPersonExampleMap'
[2018.02.08-16.07.18:856][752]LogEditorViewport: Clicking on Actor (context menu): StaticMeshActor (Stairs_Half_Flight)
[2018.02.08-16.07.46:653][716]LogSlate: Took 0.018331 seconds to synchronously load lazily loaded font '../../../Engine/Content/Slate/Fonts/Roboto-Light.ttf' (159K)
[2018.02.08-16.07.54:494][778]LogEditorViewport: Clicking on Actor (LMB): StaticMeshActor (Stairs_Half_Flight)
[2018.02.08-16.07.54:564][778]LogEditorViewport: Clicking on Component (LMB): StaticMeshComponent (StaticMeshComponent0)
[2018.02.08-16.07.55:297][807]LogSlate: Took 0.000599 seconds to synchronously load lazily loaded font '../../../Engine/Content/Slate/Fonts/Roboto-Light.ttf' (159K)
[2018.02.08-16.07.55:708][807]LogSavePackage: Save=206.42ms
[2018.02.08-16.07.55:708][807]LogSavePackage: Moving '../../../../../../Columbia/Unreal Fun/repos/netflix-boredom/FPS_NetflixBoredom/Saved/FirstPersonExampleMap_Auto18342009D43CC72AAFAE947825BACC668.tmp' to '../../../../../../Columbia/Unreal Fun/repos/netflix-boredom/FPS_NetflixBoredom/Saved/Autosaves/Game/FirstPersonBP/Maps/FirstPersonExampleMap_Auto1.umap'
[2018.02.08-16.07.55:710][807]LogSavePackage: Display: Finished SavePackage ../../../../../../Columbia/Unreal Fun/repos/netflix-boredom/FPS_NetflixBoredom/Saved/Autosaves/Game/FirstPersonBP/Maps/FirstPersonExampleMap_Auto1.umap
[2018.02.08-16.07.55:716][807]LogFileHelpers: Editor autosave (incl. sublevels) for '/Game/FirstPersonBP/Maps/FirstPersonExampleMap' took 0.303
[2018.02.08-16.07.55:716][807]LogFileHelpers: Editor autosave (incl. sublevels) for all levels took 0.303
[2018.02.08-16.08.00:175][  3]LogSlate: Took 0.010040 seconds to synchronously load lazily loaded font '../../../Engine/Content/Editor/Slate/Fonts/Roboto-Italic.ttf' (157K)
[2018.02.08-16.17.56:325][746]LogSavePackage: Save=254.36ms
[2018.02.08-16.17.56:325][746]LogSavePackage: Moving '../../../../../../Columbia/Unreal Fun/repos/netflix-boredom/FPS_NetflixBoredom/Saved/FirstPersonExampleMap_Auto2FAF95CFD424E335EEB8C82B76B85AAF7.tmp' to '../../../../../../Columbia/Unreal Fun/repos/netflix-boredom/FPS_NetflixBoredom/Saved/Autosaves/Game/FirstPersonBP/Maps/FirstPersonExampleMap_Auto2.umap'
[2018.02.08-16.17.56:327][746]LogSavePackage: Display: Finished SavePackage ../../../../../../Columbia/Unreal Fun/repos/netflix-boredom/FPS_NetflixBoredom/Saved/Autosaves/Game/FirstPersonBP/Maps/FirstPersonExampleMap_Auto2.umap
[2018.02.08-16.17.56:330][746]LogFileHelpers: Editor autosave (incl. sublevels) for '/Game/FirstPersonBP/Maps/FirstPersonExampleMap' took 0.352
[2018.02.08-16.17.56:330][746]LogFileHelpers: Editor autosave (incl. sublevels) for all levels took 0.352
[2018.02.08-16.23.20:248][824]LogEditorViewport: Clicking on Actor (LMB): StaticMeshActor (Stairs_Half_Flight)
[2018.02.08-16.24.19:858][744]LogTemp: Repeating last play command: New Editor Window (PIE)
[2018.02.08-16.24.19:876][744]LogBlueprintUserMessages: Early PlayInEditor Detection: Level '/Game/FirstPersonBP/Maps/FirstPersonExampleMap.FirstPersonExampleMap:PersistentLevel' has LevelScriptBlueprint '/Game/FirstPersonBP/Maps/FirstPersonExampleMap.FirstPersonExampleMap:PersistentLevel.FirstPersonExampleMap' with GeneratedClass '/Game/FirstPersonBP/Maps/FirstPersonExampleMap.FirstPersonExampleMap_C' with ClassGeneratedBy '/Game/FirstPersonBP/Maps/FirstPersonExampleMap.FirstPersonExampleMap:PersistentLevel.FirstPersonExampleMap'
[2018.02.08-16.24.19:876][744]LogPlayLevel: PlayLevel: No blueprints needed recompiling
[2018.02.08-16.24.19:876][744]PIE: New page: PIE session: FirstPersonExampleMap (Feb 8, 2018, 4:24:19 AM)
[2018.02.08-16.24.19:876][744]LogPlayLevel: Creating play world package: /Game/FirstPersonBP/Maps/UEDPIE_0_FirstPersonExampleMap
[2018.02.08-16.24.19:894][744]LogPlayLevel: PIE: StaticDuplicateObject took: (0.018033s)
[2018.02.08-16.24.19:895][744]LogAIModule: Creating AISystem for world FirstPersonExampleMap
[2018.02.08-16.24.19:896][744]LogPlayLevel: PIE: World Init took: (0.001534s)
[2018.02.08-16.24.19:896][744]LogPlayLevel: PIE: Created PIE world by copying editor world from /Game/FirstPersonBP/Maps/FirstPersonExampleMap.FirstPersonExampleMap to /Game/FirstPersonBP/Maps/UEDPIE_0_FirstPersonExampleMap.FirstPersonExampleMap (0.020011s)
[2018.02.08-16.24.19:923][744]LogInit: XAudio2 using 'Speakers/Headphones (Realtek High Definition Audio)' : 2 channels at 48 kHz using 32 bits per sample (channel mask 0x3)
[2018.02.08-16.24.19:942][744]LogInit: FAudioDevice initialized.
[2018.02.08-16.24.19:996][744]LogLoad: Game class is 'FirstPersonGameMode_C'
[2018.02.08-16.24.20:005][744]LogWorld: Bringing World /Game/FirstPersonBP/Maps/UEDPIE_0_FirstPersonExampleMap.FirstPersonExampleMap up for play (max tick rate 60) at 2018.02.08-10.24.20
[2018.02.08-16.24.20:006][744]LogWorld: Bringing up level for play took: 0.007487
[2018.02.08-16.24.20:018][744]PIE: Play in editor start time for /Game/FirstPersonBP/Maps/UEDPIE_0_FirstPersonExampleMap 0.852
[2018.02.08-16.24.20:019][744]LogBlueprintUserMessages: Late PlayInEditor Detection: Level '/Game/FirstPersonBP/Maps/FirstPersonExampleMap.FirstPersonExampleMap:PersistentLevel' has LevelScriptBlueprint '/Game/FirstPersonBP/Maps/FirstPersonExampleMap.FirstPersonExampleMap:PersistentLevel.FirstPersonExampleMap' with GeneratedClass '/Game/FirstPersonBP/Maps/FirstPersonExampleMap.FirstPersonExampleMap_C' with ClassGeneratedBy '/Game/FirstPersonBP/Maps/FirstPersonExampleMap.FirstPersonExampleMap:PersistentLevel.FirstPersonExampleMap'
[2018.02.08-16.24.27:716][ 30]LogBlueprintUserMessages: Early EndPlayMap Detection: Level '/Game/FirstPersonBP/Maps/FirstPersonExampleMap.FirstPersonExampleMap:PersistentLevel' has LevelScriptBlueprint '/Game/FirstPersonBP/Maps/FirstPersonExampleMap.FirstPersonExampleMap:PersistentLevel.FirstPersonExampleMap' with GeneratedClass '/Game/FirstPersonBP/Maps/FirstPersonExampleMap.FirstPersonExampleMap_C' with ClassGeneratedBy '/Game/FirstPersonBP/Maps/FirstPersonExampleMap.FirstPersonExampleMap:PersistentLevel.FirstPersonExampleMap'
[2018.02.08-16.24.27:786][ 30]LogBlueprintUserMessages: Late EndPlayMap Detection: Level '/Game/FirstPersonBP/Maps/FirstPersonExampleMap.FirstPersonExampleMap:PersistentLevel' has LevelScriptBlueprint '/Game/FirstPersonBP/Maps/FirstPersonExampleMap.FirstPersonExampleMap:PersistentLevel.FirstPersonExampleMap' with GeneratedClass '/Game/FirstPersonBP/Maps/FirstPersonExampleMap.FirstPersonExampleMap_C' with ClassGeneratedBy '/Game/FirstPersonBP/Maps/FirstPersonExampleMap.FirstPersonExampleMap:PersistentLevel.FirstPersonExampleMap'
[2018.02.08-16.24.43:919][672]LogEditorViewport: Clicking on Actor (context menu): StaticMeshActor (Stairs_Half_Flight)
[2018.02.08-16.25.27:760][ 83]LogSavePackage: Save=18.20ms
[2018.02.08-16.25.27:760][ 83]LogSavePackage: Moving '../../../../../../Columbia/Unreal Fun/repos/netflix-boredom/FPS_NetflixBoredom/Saved/Stairs_Half_FlightF5437A7646FE203ED50042B87B4FD2FB.tmp' to '../../../../../../Columbia/Unreal Fun/repos/netflix-boredom/FPS_NetflixBoredom/Content/NetflixBoredom/Art/Modular_Assets/Stairs/Stairs_Half_Flight.uasset'
[2018.02.08-16.25.27:762][ 83]LogSavePackage: Display: Finished SavePackage ../../../../../../Columbia/Unreal Fun/repos/netflix-boredom/FPS_NetflixBoredom/Content/NetflixBoredom/Art/Modular_Assets/Stairs/Stairs_Half_Flight.uasset
[2018.02.08-16.25.34:570][318]LogTemp: Repeating last play command: New Editor Window (PIE)
[2018.02.08-16.25.34:586][318]LogBlueprintUserMessages: Early PlayInEditor Detection: Level '/Game/FirstPersonBP/Maps/FirstPersonExampleMap.FirstPersonExampleMap:PersistentLevel' has LevelScriptBlueprint '/Game/FirstPersonBP/Maps/FirstPersonExampleMap.FirstPersonExampleMap:PersistentLevel.FirstPersonExampleMap' with GeneratedClass '/Game/FirstPersonBP/Maps/FirstPersonExampleMap.FirstPersonExampleMap_C' with ClassGeneratedBy '/Game/FirstPersonBP/Maps/FirstPersonExampleMap.FirstPersonExampleMap:PersistentLevel.FirstPersonExampleMap'
[2018.02.08-16.25.34:586][318]LogPlayLevel: PlayLevel: No blueprints needed recompiling
[2018.02.08-16.25.34:587][318]PIE: New page: PIE session: FirstPersonExampleMap (Feb 8, 2018, 4:25:34 AM)
[2018.02.08-16.25.34:587][318]LogPlayLevel: Creating play world package: /Game/FirstPersonBP/Maps/UEDPIE_0_FirstPersonExampleMap
[2018.02.08-16.25.34:603][318]LogPlayLevel: PIE: StaticDuplicateObject took: (0.016490s)
[2018.02.08-16.25.34:604][318]LogAIModule: Creating AISystem for world FirstPersonExampleMap
[2018.02.08-16.25.34:604][318]LogPlayLevel: PIE: World Init took: (0.000939s)
[2018.02.08-16.25.34:605][318]LogPlayLevel: PIE: Created PIE world by copying editor world from /Game/FirstPersonBP/Maps/FirstPersonExampleMap.FirstPersonExampleMap to /Game/FirstPersonBP/Maps/UEDPIE_0_FirstPersonExampleMap.FirstPersonExampleMap (0.017756s)
[2018.02.08-16.25.34:628][318]LogInit: XAudio2 using 'Speakers/Headphones (Realtek High Definition Audio)' : 2 channels at 48 kHz using 32 bits per sample (channel mask 0x3)
[2018.02.08-16.25.34:647][318]LogInit: FAudioDevice initialized.
[2018.02.08-16.25.34:697][318]LogLoad: Game class is 'FirstPersonGameMode_C'
[2018.02.08-16.25.34:702][318]LogWorld: Bringing World /Game/FirstPersonBP/Maps/UEDPIE_0_FirstPersonExampleMap.FirstPersonExampleMap up for play (max tick rate 60) at 2018.02.08-10.25.34
[2018.02.08-16.25.34:702][318]LogWorld: Bringing up level for play took: 0.003793
[2018.02.08-16.25.34:708][318]PIE: Play in editor start time for /Game/FirstPersonBP/Maps/UEDPIE_0_FirstPersonExampleMap -0.458
[2018.02.08-16.25.34:709][318]LogBlueprintUserMessages: Late PlayInEditor Detection: Level '/Game/FirstPersonBP/Maps/FirstPersonExampleMap.FirstPersonExampleMap:PersistentLevel' has LevelScriptBlueprint '/Game/FirstPersonBP/Maps/FirstPersonExampleMap.FirstPersonExampleMap:PersistentLevel.FirstPersonExampleMap' with GeneratedClass '/Game/FirstPersonBP/Maps/FirstPersonExampleMap.FirstPersonExampleMap_C' with ClassGeneratedBy '/Game/FirstPersonBP/Maps/FirstPersonExampleMap.FirstPersonExampleMap:PersistentLevel.FirstPersonExampleMap'
[2018.02.08-16.25.46:058][750]LogBlueprintUserMessages: Early EndPlayMap Detection: Level '/Game/FirstPersonBP/Maps/FirstPersonExampleMap.FirstPersonExampleMap:PersistentLevel' has LevelScriptBlueprint '/Game/FirstPersonBP/Maps/FirstPersonExampleMap.FirstPersonExampleMap:PersistentLevel.FirstPersonExampleMap' with GeneratedClass '/Game/FirstPersonBP/Maps/FirstPersonExampleMap.FirstPersonExampleMap_C' with ClassGeneratedBy '/Game/FirstPersonBP/Maps/FirstPersonExampleMap.FirstPersonExampleMap:PersistentLevel.FirstPersonExampleMap'
[2018.02.08-16.25.46:122][750]LogBlueprintUserMessages: Late EndPlayMap Detection: Level '/Game/FirstPersonBP/Maps/FirstPersonExampleMap.FirstPersonExampleMap:PersistentLevel' has LevelScriptBlueprint '/Game/FirstPersonBP/Maps/FirstPersonExampleMap.FirstPersonExampleMap:PersistentLevel.FirstPersonExampleMap' with GeneratedClass '/Game/FirstPersonBP/Maps/FirstPersonExampleMap.FirstPersonExampleMap_C' with ClassGeneratedBy '/Game/FirstPersonBP/Maps/FirstPersonExampleMap.FirstPersonExampleMap:PersistentLevel.FirstPersonExampleMap'
[2018.02.08-16.27.13:373][930]LogTemp: Repeating last play command: New Editor Window (PIE)
[2018.02.08-16.27.13:392][930]LogBlueprintUserMessages: Early PlayInEditor Detection: Level '/Game/FirstPersonBP/Maps/FirstPersonExampleMap.FirstPersonExampleMap:PersistentLevel' has LevelScriptBlueprint '/Game/FirstPersonBP/Maps/FirstPersonExampleMap.FirstPersonExampleMap:PersistentLevel.FirstPersonExampleMap' with GeneratedClass '/Game/FirstPersonBP/Maps/FirstPersonExampleMap.FirstPersonExampleMap_C' with ClassGeneratedBy '/Game/FirstPersonBP/Maps/FirstPersonExampleMap.FirstPersonExampleMap:PersistentLevel.FirstPersonExampleMap'
[2018.02.08-16.27.13:392][930]LogPlayLevel: PlayLevel: No blueprints needed recompiling
[2018.02.08-16.27.13:392][930]PIE: New page: PIE session: FirstPersonExampleMap (Feb 8, 2018, 4:27:13 AM)
[2018.02.08-16.27.13:392][930]LogPlayLevel: Creating play world package: /Game/FirstPersonBP/Maps/UEDPIE_0_FirstPersonExampleMap
[2018.02.08-16.27.13:409][930]LogPlayLevel: PIE: StaticDuplicateObject took: (0.017485s)
[2018.02.08-16.27.13:410][930]LogAIModule: Creating AISystem for world FirstPersonExampleMap
[2018.02.08-16.27.13:411][930]LogPlayLevel: PIE: World Init took: (0.000979s)
[2018.02.08-16.27.13:411][930]LogPlayLevel: PIE: Created PIE world by copying editor world from /Game/FirstPersonBP/Maps/FirstPersonExampleMap.FirstPersonExampleMap to /Game/FirstPersonBP/Maps/UEDPIE_0_FirstPersonExampleMap.FirstPersonExampleMap (0.018846s)
[2018.02.08-16.27.13:427][930]LogInit: XAudio2 using 'Speakers/Headphones (Realtek High Definition Audio)' : 2 channels at 48 kHz using 32 bits per sample (channel mask 0x3)
[2018.02.08-16.27.13:447][930]LogInit: FAudioDevice initialized.
[2018.02.08-16.27.13:499][930]LogLoad: Game class is 'FirstPersonGameMode_C'
[2018.02.08-16.27.13:503][930]LogWorld: Bringing World /Game/FirstPersonBP/Maps/UEDPIE_0_FirstPersonExampleMap.FirstPersonExampleMap up for play (max tick rate 60) at 2018.02.08-10.27.13
[2018.02.08-16.27.13:503][930]LogWorld: Bringing up level for play took: 0.003393
[2018.02.08-16.27.13:509][930]PIE: Play in editor start time for /Game/FirstPersonBP/Maps/UEDPIE_0_FirstPersonExampleMap 0.343
[2018.02.08-16.27.13:510][930]LogBlueprintUserMessages: Late PlayInEditor Detection: Level '/Game/FirstPersonBP/Maps/FirstPersonExampleMap.FirstPersonExampleMap:PersistentLevel' has LevelScriptBlueprint '/Game/FirstPersonBP/Maps/FirstPersonExampleMap.FirstPersonExampleMap:PersistentLevel.FirstPersonExampleMap' with GeneratedClass '/Game/FirstPersonBP/Maps/FirstPersonExampleMap.FirstPersonExampleMap_C' with ClassGeneratedBy '/Game/FirstPersonBP/Maps/FirstPersonExampleMap.FirstPersonExampleMap:PersistentLevel.FirstPersonExampleMap'
[2018.02.08-16.27.32:001][639]LogBlueprintUserMessages: Early EndPlayMap Detection: Level '/Game/FirstPersonBP/Maps/FirstPersonExampleMap.FirstPersonExampleMap:PersistentLevel' has LevelScriptBlueprint '/Game/FirstPersonBP/Maps/FirstPersonExampleMap.FirstPersonExampleMap:PersistentLevel.FirstPersonExampleMap' with GeneratedClass '/Game/FirstPersonBP/Maps/FirstPersonExampleMap.FirstPersonExampleMap_C' with ClassGeneratedBy '/Game/FirstPersonBP/Maps/FirstPersonExampleMap.FirstPersonExampleMap:PersistentLevel.FirstPersonExampleMap'
[2018.02.08-16.27.32:078][639]LogBlueprintUserMessages: Late EndPlayMap Detection: Level '/Game/FirstPersonBP/Maps/FirstPersonExampleMap.FirstPersonExampleMap:PersistentLevel' has LevelScriptBlueprint '/Game/FirstPersonBP/Maps/FirstPersonExampleMap.FirstPersonExampleMap:PersistentLevel.FirstPersonExampleMap' with GeneratedClass '/Game/FirstPersonBP/Maps/FirstPersonExampleMap.FirstPersonExampleMap_C' with ClassGeneratedBy '/Game/FirstPersonBP/Maps/FirstPersonExampleMap.FirstPersonExampleMap:PersistentLevel.FirstPersonExampleMap'
[2018.02.08-16.28.26:928][455]LogTemp: Repeating last play command: New Editor Window (PIE)
[2018.02.08-16.28.26:944][455]LogBlueprintUserMessages: Early PlayInEditor Detection: Level '/Game/FirstPersonBP/Maps/FirstPersonExampleMap.FirstPersonExampleMap:PersistentLevel' has LevelScriptBlueprint '/Game/FirstPersonBP/Maps/FirstPersonExampleMap.FirstPersonExampleMap:PersistentLevel.FirstPersonExampleMap' with GeneratedClass '/Game/FirstPersonBP/Maps/FirstPersonExampleMap.FirstPersonExampleMap_C' with ClassGeneratedBy '/Game/FirstPersonBP/Maps/FirstPersonExampleMap.FirstPersonExampleMap:PersistentLevel.FirstPersonExampleMap'
[2018.02.08-16.28.26:945][455]LogPlayLevel: PlayLevel: No blueprints needed recompiling
[2018.02.08-16.28.26:945][455]PIE: New page: PIE session: FirstPersonExampleMap (Feb 8, 2018, 4:28:26 AM)
[2018.02.08-16.28.26:945][455]LogPlayLevel: Creating play world package: /Game/FirstPersonBP/Maps/UEDPIE_0_FirstPersonExampleMap
[2018.02.08-16.28.26:962][455]LogPlayLevel: PIE: StaticDuplicateObject took: (0.017376s)
[2018.02.08-16.28.26:963][455]LogAIModule: Creating AISystem for world FirstPersonExampleMap
[2018.02.08-16.28.26:963][455]LogPlayLevel: PIE: World Init took: (0.000867s)
[2018.02.08-16.28.26:963][455]LogPlayLevel: PIE: Created PIE world by copying editor world from /Game/FirstPersonBP/Maps/FirstPersonExampleMap.FirstPersonExampleMap to /Game/FirstPersonBP/Maps/UEDPIE_0_FirstPersonExampleMap.FirstPersonExampleMap (0.018651s)
[2018.02.08-16.28.26:979][455]LogInit: XAudio2 using 'Speakers/Headphones (Realtek High Definition Audio)' : 2 channels at 48 kHz using 32 bits per sample (channel mask 0x3)
[2018.02.08-16.28.26:998][455]LogInit: FAudioDevice initialized.
[2018.02.08-16.28.27:048][455]LogLoad: Game class is 'FirstPersonGameMode_C'
[2018.02.08-16.28.27:052][455]LogWorld: Bringing World /Game/FirstPersonBP/Maps/UEDPIE_0_FirstPersonExampleMap.FirstPersonExampleMap up for play (max tick rate 60) at 2018.02.08-10.28.27
[2018.02.08-16.28.27:052][455]LogWorld: Bringing up level for play took: 0.003033
[2018.02.08-16.28.27:058][455]PIE: Play in editor start time for /Game/FirstPersonBP/Maps/UEDPIE_0_FirstPersonExampleMap -0.108
[2018.02.08-16.28.27:058][455]LogBlueprintUserMessages: Late PlayInEditor Detection: Level '/Game/FirstPersonBP/Maps/FirstPersonExampleMap.FirstPersonExampleMap:PersistentLevel' has LevelScriptBlueprint '/Game/FirstPersonBP/Maps/FirstPersonExampleMap.FirstPersonExampleMap:PersistentLevel.FirstPersonExampleMap' with GeneratedClass '/Game/FirstPersonBP/Maps/FirstPersonExampleMap.FirstPersonExampleMap_C' with ClassGeneratedBy '/Game/FirstPersonBP/Maps/FirstPersonExampleMap.FirstPersonExampleMap:PersistentLevel.FirstPersonExampleMap'
[2018.02.08-16.28.33:245][680]LogBlueprintUserMessages: Early EndPlayMap Detection: Level '/Game/FirstPersonBP/Maps/FirstPersonExampleMap.FirstPersonExampleMap:PersistentLevel' has LevelScriptBlueprint '/Game/FirstPersonBP/Maps/FirstPersonExampleMap.FirstPersonExampleMap:PersistentLevel.FirstPersonExampleMap' with GeneratedClass '/Game/FirstPersonBP/Maps/FirstPersonExampleMap.FirstPersonExampleMap_C' with ClassGeneratedBy '/Game/FirstPersonBP/Maps/FirstPersonExampleMap.FirstPersonExampleMap:PersistentLevel.FirstPersonExampleMap'
[2018.02.08-16.28.33:313][680]LogBlueprintUserMessages: Late EndPlayMap Detection: Level '/Game/FirstPersonBP/Maps/FirstPersonExampleMap.FirstPersonExampleMap:PersistentLevel' has LevelScriptBlueprint '/Game/FirstPersonBP/Maps/FirstPersonExampleMap.FirstPersonExampleMap:PersistentLevel.FirstPersonExampleMap' with GeneratedClass '/Game/FirstPersonBP/Maps/FirstPersonExampleMap.FirstPersonExampleMap_C' with ClassGeneratedBy '/Game/FirstPersonBP/Maps/FirstPersonExampleMap.FirstPersonExampleMap:PersistentLevel.FirstPersonExampleMap'
[2018.02.08-16.29.00:617][844]LogSavePackage: Save=280.99ms
[2018.02.08-16.29.00:617][844]LogSavePackage: Moving '../../../../../../Columbia/Unreal Fun/repos/netflix-boredom/FPS_NetflixBoredom/Saved/FirstPersonExampleMap_Auto3D82C093448809AE075E8CBA585D36CB2.tmp' to '../../../../../../Columbia/Unreal Fun/repos/netflix-boredom/FPS_NetflixBoredom/Saved/Autosaves/Game/FirstPersonBP/Maps/FirstPersonExampleMap_Auto3.umap'
[2018.02.08-16.29.00:625][844]LogSavePackage: Display: Finished SavePackage ../../../../../../Columbia/Unreal Fun/repos/netflix-boredom/FPS_NetflixBoredom/Saved/Autosaves/Game/FirstPersonBP/Maps/FirstPersonExampleMap_Auto3.umap
[2018.02.08-16.29.00:633][844]LogFileHelpers: Editor autosave (incl. sublevels) for '/Game/FirstPersonBP/Maps/FirstPersonExampleMap' took 0.367
[2018.02.08-16.29.00:633][844]LogFileHelpers: Editor autosave (incl. sublevels) for all levels took 0.367
[2018.02.08-16.29.28:536][981]LogEditorViewport: Clicking on Actor (context menu): StaticMeshActor (Stairs_Half_Flight)
[2018.02.08-16.29.40:131][619]LogEditorViewport: Clicking on Actor (LMB): StaticMeshActor (Stairs_Half_Flight)
[2018.02.08-16.29.41:061][665]LogEditorViewport: Clicking on Actor (context menu): StaticMeshActor (Stairs_Half_Flight)
[2018.02.08-16.29.54:956][355]LogEditorViewport: Clicking on Actor (LMB): StaticMeshActor (Stairs_Half_Flight)
[2018.02.08-16.29.55:081][360]LogEditorViewport: Clicking on Component (LMB): StaticMeshComponent (StaticMeshComponent0)
[2018.02.08-16.30.06:971][  1]LogEditorViewport: Clicking on Actor (LMB): StaticMeshActor (Stairs_Half_Flight)
[2018.02.08-16.30.08:327][ 80]LogEditorViewport: Clicking on Actor (context menu): StaticMeshActor (Stairs_Half_Flight)
[2018.02.08-16.30.47:175][915]LogRenderer: Reallocating scene render targets to support 1292x904 Format 10 NumSamples 1 (Frame:756).
[2018.02.08-16.30.48:158][964]LogRenderer: Reallocating scene render targets to support 1292x908 Format 10 NumSamples 1 (Frame:758).
[2018.02.08-16.34.41:101][402]LogEditorTransaction: Undo Translate Collision
[2018.02.08-16.35.25:413][376]LogEditorTransaction: Undo Rotate Collision
[2018.02.08-16.37.27:556][995]LogSavePackage: Save=6.94ms
[2018.02.08-16.37.27:557][995]LogSavePackage: Moving '../../../../../../Columbia/Unreal Fun/repos/netflix-boredom/FPS_NetflixBoredom/Saved/Stairs_Half_FlightDEDADF9845C425845FDA7C893C761AEA.tmp' to '../../../../../../Columbia/Unreal Fun/repos/netflix-boredom/FPS_NetflixBoredom/Content/NetflixBoredom/Art/Modular_Assets/Stairs/Stairs_Half_Flight.uasset'
[2018.02.08-16.37.27:560][995]LogSavePackage: Display: Finished SavePackage ../../../../../../Columbia/Unreal Fun/repos/netflix-boredom/FPS_NetflixBoredom/Content/NetflixBoredom/Art/Modular_Assets/Stairs/Stairs_Half_Flight.uasset
[2018.02.08-16.40.27:006][699]LogSavePackage: Save=79.76ms
[2018.02.08-16.40.27:006][699]LogSavePackage: Moving '../../../../../../Columbia/Unreal Fun/repos/netflix-boredom/FPS_NetflixBoredom/Saved/FirstPersonExampleMap60EDC8B24ADBDD3CA160C9A78608DADE.tmp' to '../../../../../../Columbia/Unreal Fun/repos/netflix-boredom/FPS_NetflixBoredom/Content/FirstPersonBP/Maps/FirstPersonExampleMap.umap'
[2018.02.08-16.40.27:012][699]LogSavePackage: Display: Finished SavePackage ../../../../../../Columbia/Unreal Fun/repos/netflix-boredom/FPS_NetflixBoredom/Content/FirstPersonBP/Maps/FirstPersonExampleMap.umap
[2018.02.08-16.41.07:076][683]LogTemp: Repeating last play command: New Editor Window (PIE)
[2018.02.08-16.41.07:090][683]LogBlueprintUserMessages: Early PlayInEditor Detection: Level '/Game/FirstPersonBP/Maps/FirstPersonExampleMap.FirstPersonExampleMap:PersistentLevel' has LevelScriptBlueprint '/Game/FirstPersonBP/Maps/FirstPersonExampleMap.FirstPersonExampleMap:PersistentLevel.FirstPersonExampleMap' with GeneratedClass '/Game/FirstPersonBP/Maps/FirstPersonExampleMap.FirstPersonExampleMap_C' with ClassGeneratedBy '/Game/FirstPersonBP/Maps/FirstPersonExampleMap.FirstPersonExampleMap:PersistentLevel.FirstPersonExampleMap'
[2018.02.08-16.41.07:090][683]LogPlayLevel: PlayLevel: No blueprints needed recompiling
[2018.02.08-16.41.07:091][683]PIE: New page: PIE session: FirstPersonExampleMap (Feb 8, 2018, 4:41:07 AM)
[2018.02.08-16.41.07:091][683]LogPlayLevel: Creating play world package: /Game/FirstPersonBP/Maps/UEDPIE_0_FirstPersonExampleMap
[2018.02.08-16.41.07:106][683]LogPlayLevel: PIE: StaticDuplicateObject took: (0.014941s)
[2018.02.08-16.41.07:107][683]LogAIModule: Creating AISystem for world FirstPersonExampleMap
[2018.02.08-16.41.07:107][683]LogPlayLevel: PIE: World Init took: (0.001355s)
[2018.02.08-16.41.07:107][683]LogPlayLevel: PIE: Created PIE world by copying editor world from /Game/FirstPersonBP/Maps/FirstPersonExampleMap.FirstPersonExampleMap to /Game/FirstPersonBP/Maps/UEDPIE_0_FirstPersonExampleMap.FirstPersonExampleMap (0.016647s)
[2018.02.08-16.41.07:156][683]LogInit: XAudio2 using 'Speakers/Headphones (Realtek High Definition Audio)' : 2 channels at 48 kHz using 32 bits per sample (channel mask 0x3)
[2018.02.08-16.41.07:172][683]LogInit: FAudioDevice initialized.
[2018.02.08-16.41.07:219][683]LogLoad: Game class is 'FirstPersonGameMode_C'
[2018.02.08-16.41.07:223][683]LogWorld: Bringing World /Game/FirstPersonBP/Maps/UEDPIE_0_FirstPersonExampleMap.FirstPersonExampleMap up for play (max tick rate 0) at 2018.02.08-10.41.07
[2018.02.08-16.41.07:224][683]LogWorld: Bringing up level for play took: 0.003081
[2018.02.08-16.41.07:229][683]PIE: Play in editor start time for /Game/FirstPersonBP/Maps/UEDPIE_0_FirstPersonExampleMap 0.062
[2018.02.08-16.41.07:229][683]LogBlueprintUserMessages: Late PlayInEditor Detection: Level '/Game/FirstPersonBP/Maps/FirstPersonExampleMap.FirstPersonExampleMap:PersistentLevel' has LevelScriptBlueprint '/Game/FirstPersonBP/Maps/FirstPersonExampleMap.FirstPersonExampleMap:PersistentLevel.FirstPersonExampleMap' with GeneratedClass '/Game/FirstPersonBP/Maps/FirstPersonExampleMap.FirstPersonExampleMap_C' with ClassGeneratedBy '/Game/FirstPersonBP/Maps/FirstPersonExampleMap.FirstPersonExampleMap:PersistentLevel.FirstPersonExampleMap'
[2018.02.08-16.41.18:687][392]LogBlueprintUserMessages: Early EndPlayMap Detection: Level '/Game/FirstPersonBP/Maps/FirstPersonExampleMap.FirstPersonExampleMap:PersistentLevel' has LevelScriptBlueprint '/Game/FirstPersonBP/Maps/FirstPersonExampleMap.FirstPersonExampleMap:PersistentLevel.FirstPersonExampleMap' with GeneratedClass '/Game/FirstPersonBP/Maps/FirstPersonExampleMap.FirstPersonExampleMap_C' with ClassGeneratedBy '/Game/FirstPersonBP/Maps/FirstPersonExampleMap.FirstPersonExampleMap:PersistentLevel.FirstPersonExampleMap'
[2018.02.08-16.41.18:766][392]LogBlueprintUserMessages: Late EndPlayMap Detection: Level '/Game/FirstPersonBP/Maps/FirstPersonExampleMap.FirstPersonExampleMap:PersistentLevel' has LevelScriptBlueprint '/Game/FirstPersonBP/Maps/FirstPersonExampleMap.FirstPersonExampleMap:PersistentLevel.FirstPersonExampleMap' with GeneratedClass '/Game/FirstPersonBP/Maps/FirstPersonExampleMap.FirstPersonExampleMap_C' with ClassGeneratedBy '/Game/FirstPersonBP/Maps/FirstPersonExampleMap.FirstPersonExampleMap:PersistentLevel.FirstPersonExampleMap'
[2018.02.08-16.41.39:854][396]LogContentBrowser: Native class hierarchy updated for 'BlueprintGraph' in 0.0010 seconds. Added 113 classes and 0 folders.
[2018.02.08-16.41.40:623][396]LogSlate: Took 0.004718 seconds to synchronously load lazily loaded font '../../../Engine/Content/Editor/Slate/Fonts/Roboto-BoldCondensed.ttf' (158K)
[2018.02.08-16.43.11:040][214]LogRenderer: Reallocating scene render targets to support 1432x924 Format 10 NumSamples 1 (Frame:24316).
[2018.02.08-16.47.46:561][161]LogSavePackage: Save=119.86ms
[2018.02.08-16.47.46:561][161]LogSavePackage: Moving '../../../../../../Columbia/Unreal Fun/repos/netflix-boredom/FPS_NetflixBoredom/Saved/FirstPersonCharacterE3E0BFE1471CD82A6B7E4FBA3F3EA440.tmp' to '../../../../../../Columbia/Unreal Fun/repos/netflix-boredom/FPS_NetflixBoredom/Content/FirstPersonBP/Blueprints/FirstPersonCharacter.uasset'
[2018.02.08-16.47.46:564][161]LogSavePackage: Display: Finished SavePackage ../../../../../../Columbia/Unreal Fun/repos/netflix-boredom/FPS_NetflixBoredom/Content/FirstPersonBP/Blueprints/FirstPersonCharacter.uasset
[2018.02.08-16.47.48:408][248]BlueprintLog: New page: Compile FirstPersonCharacter
[2018.02.08-16.48.07:936][283]LogEditorViewport: Clicking on Actor (LMB): FirstPersonCharacter_C (FirstPersonCharacter)
[2018.02.08-16.48.12:510][430]LogTemp: Repeating last play command: New Editor Window (PIE)
[2018.02.08-16.48.12:534][430]LogBlueprintUserMessages: Early PlayInEditor Detection: Level '/Game/FirstPersonBP/Maps/FirstPersonExampleMap.FirstPersonExampleMap:PersistentLevel' has LevelScriptBlueprint '/Game/FirstPersonBP/Maps/FirstPersonExampleMap.FirstPersonExampleMap:PersistentLevel.FirstPersonExampleMap' with GeneratedClass '/Game/FirstPersonBP/Maps/FirstPersonExampleMap.FirstPersonExampleMap_C' with ClassGeneratedBy '/Game/FirstPersonBP/Maps/FirstPersonExampleMap.FirstPersonExampleMap:PersistentLevel.FirstPersonExampleMap'
[2018.02.08-16.48.12:534][430]LogPlayLevel: PlayLevel: No blueprints needed recompiling
[2018.02.08-16.48.12:534][430]PIE: New page: PIE session: FirstPersonExampleMap (Feb 8, 2018, 4:48:12 AM)
[2018.02.08-16.48.12:534][430]LogPlayLevel: Creating play world package: /Game/FirstPersonBP/Maps/UEDPIE_0_FirstPersonExampleMap
[2018.02.08-16.48.12:550][430]LogPlayLevel: PIE: StaticDuplicateObject took: (0.015311s)
[2018.02.08-16.48.12:551][430]LogAIModule: Creating AISystem for world FirstPersonExampleMap
[2018.02.08-16.48.12:551][430]LogPlayLevel: PIE: World Init took: (0.000964s)
[2018.02.08-16.48.12:552][430]LogPlayLevel: PIE: Created PIE world by copying editor world from /Game/FirstPersonBP/Maps/FirstPersonExampleMap.FirstPersonExampleMap to /Game/FirstPersonBP/Maps/UEDPIE_0_FirstPersonExampleMap.FirstPersonExampleMap (0.016613s)
[2018.02.08-16.48.12:603][430]LogInit: XAudio2 using 'Speakers/Headphones (Realtek High Definition Audio)' : 2 channels at 48 kHz using 32 bits per sample (channel mask 0x3)
[2018.02.08-16.48.12:620][430]LogInit: FAudioDevice initialized.
[2018.02.08-16.48.12:663][430]LogLoad: Game class is 'FirstPersonGameMode_C'
[2018.02.08-16.48.12:667][430]LogWorld: Bringing World /Game/FirstPersonBP/Maps/UEDPIE_0_FirstPersonExampleMap.FirstPersonExampleMap up for play (max tick rate 0) at 2018.02.08-10.48.12
[2018.02.08-16.48.12:668][430]LogWorld: Bringing up level for play took: 0.003033
[2018.02.08-16.48.12:672][430]PIE: Play in editor start time for /Game/FirstPersonBP/Maps/UEDPIE_0_FirstPersonExampleMap -0.494
[2018.02.08-16.48.12:672][430]LogBlueprintUserMessages: Late PlayInEditor Detection: Level '/Game/FirstPersonBP/Maps/FirstPersonExampleMap.FirstPersonExampleMap:PersistentLevel' has LevelScriptBlueprint '/Game/FirstPersonBP/Maps/FirstPersonExampleMap.FirstPersonExampleMap:PersistentLevel.FirstPersonExampleMap' with GeneratedClass '/Game/FirstPersonBP/Maps/FirstPersonExampleMap.FirstPersonExampleMap_C' with ClassGeneratedBy '/Game/FirstPersonBP/Maps/FirstPersonExampleMap.FirstPersonExampleMap:PersistentLevel.FirstPersonExampleMap'
[2018.02.08-16.49.31:501][625]LogBlueprintUserMessages: Early EndPlayMap Detection: Level '/Game/FirstPersonBP/Maps/FirstPersonExampleMap.FirstPersonExampleMap:PersistentLevel' has LevelScriptBlueprint '/Game/FirstPersonBP/Maps/FirstPersonExampleMap.FirstPersonExampleMap:PersistentLevel.FirstPersonExampleMap' with GeneratedClass '/Game/FirstPersonBP/Maps/FirstPersonExampleMap.FirstPersonExampleMap_C' with ClassGeneratedBy '/Game/FirstPersonBP/Maps/FirstPersonExampleMap.FirstPersonExampleMap:PersistentLevel.FirstPersonExampleMap'
[2018.02.08-16.49.31:602][625]LogBlueprintUserMessages: Late EndPlayMap Detection: Level '/Game/FirstPersonBP/Maps/FirstPersonExampleMap.FirstPersonExampleMap:PersistentLevel' has LevelScriptBlueprint '/Game/FirstPersonBP/Maps/FirstPersonExampleMap.FirstPersonExampleMap:PersistentLevel.FirstPersonExampleMap' with GeneratedClass '/Game/FirstPersonBP/Maps/FirstPersonExampleMap.FirstPersonExampleMap_C' with ClassGeneratedBy '/Game/FirstPersonBP/Maps/FirstPersonExampleMap.FirstPersonExampleMap:PersistentLevel.FirstPersonExampleMap'
[2018.02.08-16.49.47:305][529]LogSavePackage: Save=121.34ms
[2018.02.08-16.49.47:305][529]LogSavePackage: Moving '../../../../../../Columbia/Unreal Fun/repos/netflix-boredom/FPS_NetflixBoredom/Saved/FirstPersonCharacterAB202F7A4744B516659FF1BA014CD1A1.tmp' to '../../../../../../Columbia/Unreal Fun/repos/netflix-boredom/FPS_NetflixBoredom/Content/FirstPersonBP/Blueprints/FirstPersonCharacter.uasset'
[2018.02.08-16.49.47:309][529]LogSavePackage: Display: Finished SavePackage ../../../../../../Columbia/Unreal Fun/repos/netflix-boredom/FPS_NetflixBoredom/Content/FirstPersonBP/Blueprints/FirstPersonCharacter.uasset
[2018.02.08-16.49.48:000][564]BlueprintLog: New page: Compile FirstPersonCharacter
[2018.02.08-16.50.34:413][492]LogSavePackage: Save=81.52ms
[2018.02.08-16.50.34:413][492]LogSavePackage: Moving '../../../../../../Columbia/Unreal Fun/repos/netflix-boredom/FPS_NetflixBoredom/Saved/FirstPersonExampleMap3058936342322CB51D06E08C8E847AF1.tmp' to '../../../../../../Columbia/Unreal Fun/repos/netflix-boredom/FPS_NetflixBoredom/Content/FirstPersonBP/Maps/FirstPersonExampleMap.umap'
[2018.02.08-16.50.34:417][492]LogSavePackage: Display: Finished SavePackage ../../../../../../Columbia/Unreal Fun/repos/netflix-boredom/FPS_NetflixBoredom/Content/FirstPersonBP/Maps/FirstPersonExampleMap.umap
[2018.02.08-16.50.45:089][450]Cmd: QUIT_EDITOR
[2018.02.08-16.50.45:984][450]LogWindowsTextInputMethodSystem: Display: IME system now deactivated.
[2018.02.08-16.50.46:003][450]LogExit: Preparing to exit.
[2018.02.08-16.50.46:419][450]LogDirectoryWatcher: A directory notification for 'C:/Columbia/Unreal Fun/repos/netflix-boredom/FPS_NetflixBoredom/Content/' was aborted.
[2018.02.08-16.50.46:451][450]LogExit: Editor shut down
[2018.02.08-16.50.46:455][450]LogExit: Transaction tracking system shut down
[2018.02.08-16.50.46:582][450]LogDirectoryWatcher: A directory notification for '../../../Engine/Content/' was aborted.
[2018.02.08-16.50.46:582][450]LogDirectoryWatcher: A directory notification for '../../../../../../Columbia/Unreal Fun/repos/netflix-boredom/FPS_NetflixBoredom/Content/' was aborted.
[2018.02.08-16.50.46:582][450]LogDirectoryWatcher: A directory notification for '../../../Engine/Plugins/2D/Paper2D/Content/' was aborted.
[2018.02.08-16.50.46:582][450]LogDirectoryWatcher: A directory notification for '../../../Engine/Plugins/Runtime/Oculus/OculusVR/Content/' was aborted.
[2018.02.08-16.50.46:583][450]LogDirectoryWatcher: A directory notification for '../../../Engine/Plugins/Runtime/Steam/SteamVR/Content/' was aborted.
[2018.02.08-16.50.46:660][450]LogExit: Object subsystem successfully closed.
[2018.02.08-16.50.46:677][450]LogD3D11RHI: Shutdown
[2018.02.08-16.50.46:677][450]LogD3D11RHI: CleanupD3DDevice
[2018.02.08-16.50.46:801][450]LogD3D11RHI: ~FD3D11DynamicRHI
[2018.02.08-16.50.46:820][450]LogModuleManager: Shutting down and abandoning module BlueprintGraph (538)
[2018.02.08-16.50.46:821][450]LogModuleManager: Shutting down and abandoning module BlueprintProfiler (536)
[2018.02.08-16.50.46:821][450]LogModuleManager: Shutting down and abandoning module StaticMeshEditor (534)
[2018.02.08-16.50.46:821][450]LogModuleManager: Shutting down and abandoning module MovieSceneCapture (532)
[2018.02.08-16.50.46:821][450]LogModuleManager: Shutting down and abandoning module HierarchicalLODOutliner (530)
[2018.02.08-16.50.46:821][450]LogModuleManager: Shutting down and abandoning module SceneOutliner (528)
[2018.02.08-16.50.46:821][450]LogModuleManager: Shutting down and abandoning module AddContentDialog (526)
[2018.02.08-16.50.46:821][450]LogDirectoryWatcher: A directory notification for 'C:/Program Files/Epic Games/UE_4.17/FeaturePacks/' was aborted.
[2018.02.08-16.50.46:822][450]LogModuleManager: Shutting down and abandoning module WidgetCarousel (525)
[2018.02.08-16.50.46:823][450]LogModuleManager: Shutting down and abandoning module EditorWidgets (522)
[2018.02.08-16.50.46:823][450]LogModuleManager: Shutting down and abandoning module CollectionManager (520)
[2018.02.08-16.50.46:823][450]LogDirectoryWatcher: A directory notification for 'C:/Columbia/Unreal Fun/repos/netflix-boredom/FPS_NetflixBoredom/Content/Collections/' was aborted.
[2018.02.08-16.50.46:823][450]LogDirectoryWatcher: A directory notification for 'C:/Columbia/Unreal Fun/repos/netflix-boredom/FPS_NetflixBoredom/Content/Developers/mingargiola21/Collections/' was aborted.
[2018.02.08-16.50.46:823][450]LogDirectoryWatcher: A directory notification for 'C:/Columbia/Unreal Fun/repos/netflix-boredom/FPS_NetflixBoredom/Saved/Collections/' was aborted.
[2018.02.08-16.50.46:823][450]LogModuleManager: Shutting down and abandoning module StatsViewer (518)
[2018.02.08-16.50.46:823][450]LogModuleManager: Shutting down and abandoning module FoliageEdit (516)
[2018.02.08-16.50.46:823][450]LogModuleManager: Shutting down and abandoning module LandscapeEditor (514)
[2018.02.08-16.50.46:823][450]LogModuleManager: Shutting down and abandoning module MeshPaintMode (512)
[2018.02.08-16.50.46:823][450]LogModuleManager: Shutting down and abandoning module SceneDepthPickerMode (510)
[2018.02.08-16.50.46:823][450]LogModuleManager: Shutting down and abandoning module ActorPickerMode (508)
[2018.02.08-16.50.46:823][450]LogModuleManager: Shutting down and abandoning module GeometryMode (506)
[2018.02.08-16.50.46:823][450]LogModuleManager: Shutting down and abandoning module TextureAlignMode (504)
[2018.02.08-16.50.46:823][450]LogModuleManager: Shutting down and abandoning module BspMode (502)
[2018.02.08-16.50.46:823][450]LogModuleManager: Shutting down and abandoning module PIEPreviewDeviceProfileSelector (500)
[2018.02.08-16.50.46:823][450]LogModuleManager: Shutting down and abandoning module HardwareSurvey (498)
[2018.02.08-16.50.46:823][450]LogModuleManager: Shutting down and abandoning module SequenceRecorderSections (496)
[2018.02.08-16.50.46:823][450]LogModuleManager: Shutting down and abandoning module AutomationWorker (494)
[2018.02.08-16.50.46:823][450]LogModuleManager: Shutting down and abandoning module MatineeToLevelSequence (492)
[2018.02.08-16.50.46:823][450]LogModuleManager: Shutting down and abandoning module LevelSequenceEditor (490)
[2018.02.08-16.50.46:823][450]LogModuleManager: Shutting down and abandoning module PlacementMode (489)
[2018.02.08-16.50.46:823][450]LogModuleManager: Shutting down and abandoning module WmfMediaFactory (486)
[2018.02.08-16.50.46:823][450]LogModuleManager: Shutting down and abandoning module WmfMediaEditor (484)
[2018.02.08-16.50.46:823][450]LogModuleManager: Shutting down and abandoning module AvfMediaFactory (482)
[2018.02.08-16.50.46:823][450]LogModuleManager: Shutting down and abandoning module AvfMediaEditor (480)
[2018.02.08-16.50.46:823][450]LogModuleManager: Shutting down and abandoning module AndroidMediaFactory (478)
[2018.02.08-16.50.46:823][450]LogModuleManager: Shutting down and abandoning module Media (477)
[2018.02.08-16.50.46:823][450]LogModuleManager: Shutting down and abandoning module AndroidMediaEditor (474)
[2018.02.08-16.50.46:823][450]LogModuleManager: Shutting down and abandoning module CharacterAI (472)
[2018.02.08-16.50.46:823][450]LogModuleManager: Shutting down and abandoning module AudioCapture (470)
[2018.02.08-16.50.46:823][450]LogModuleManager: Shutting down and abandoning module SequenceRecorder (469)
[2018.02.08-16.50.46:823][450]LogModuleManager: Shutting down and abandoning module SmartSnapping (466)
[2018.02.08-16.50.46:823][450]LogModuleManager: Shutting down and abandoning module SessionServices (464)
[2018.02.08-16.50.46:824][450]LogModuleManager: Shutting down and abandoning module ViewportSnapping (462)
[2018.02.08-16.50.46:824][450]LogModuleManager: Shutting down and abandoning module ViewportInteraction (460)
[2018.02.08-16.50.46:824][450]LogModuleManager: Shutting down and abandoning module ClothPainter (458)
[2018.02.08-16.50.46:824][450]LogModuleManager: Shutting down and abandoning module LogVisualizer (456)
[2018.02.08-16.50.46:824][450]LogModuleManager: Shutting down and abandoning module IntroTutorials (454)
[2018.02.08-16.50.46:824][450]LogModuleManager: Shutting down and abandoning module GameProjectGeneration (453)
[2018.02.08-16.50.46:824][450]LogModuleManager: Shutting down and abandoning module IOSPlatformEditor (450)
[2018.02.08-16.50.46:824][450]LogModuleManager: Shutting down and abandoning module HTML5PlatformEditor (448)
[2018.02.08-16.50.46:824][450]LogModuleManager: Shutting down and abandoning module AndroidPlatformEditor (446)
[2018.02.08-16.50.46:824][450]LogModuleManager: Shutting down and abandoning module AndroidDeviceDetection (445)
[2018.02.08-16.50.47:021][450]LogModuleManager: Shutting down and abandoning module WindowsPlatformEditor (442)
[2018.02.08-16.50.47:021][450]LogModuleManager: Shutting down and abandoning module IOSRuntimeSettings (440)
[2018.02.08-16.50.47:021][450]LogModuleManager: Shutting down and abandoning module AndroidRuntimeSettings (438)
[2018.02.08-16.50.47:021][450]LogModuleManager: Shutting down and abandoning module InputBindingEditor (436)
[2018.02.08-16.50.47:021][450]LogModuleManager: Shutting down and abandoning module MergeActors (434)
[2018.02.08-16.50.47:021][450]LogModuleManager: Shutting down and abandoning module SizeMap (432)
[2018.02.08-16.50.47:022][450]LogModuleManager: Shutting down and abandoning module TreeMap (430)
[2018.02.08-16.50.47:022][450]LogModuleManager: Shutting down and abandoning module ReferenceViewer (428)
[2018.02.08-16.50.47:022][450]LogModuleManager: Shutting down and abandoning module LocalizationDashboard (426)
[2018.02.08-16.50.47:022][450]LogModuleManager: Shutting down and abandoning module LocalizationService (425)
[2018.02.08-16.50.47:022][450]LogModuleManager: Shutting down and abandoning module HardwareTargeting (422)
[2018.02.08-16.50.47:022][450]LogModuleManager: Shutting down and abandoning module DeviceProfileEditor (420)
[2018.02.08-16.50.47:022][450]LogModuleManager: Shutting down and abandoning module UndoHistory (418)
[2018.02.08-16.50.47:022][450]LogModuleManager: Shutting down and abandoning module XmlParser (416)
[2018.02.08-16.50.47:022][450]LogModuleManager: Shutting down and abandoning module Blutility (414)
[2018.02.08-16.50.47:022][450]LogModuleManager: Shutting down and abandoning module ProjectSettingsViewer (412)
[2018.02.08-16.50.47:023][450]LogModuleManager: Shutting down and abandoning module ProjectTargetPlatformEditor (411)
[2018.02.08-16.50.47:023][450]LogModuleManager: Shutting down and abandoning module EditorSettingsViewer (408)
[2018.02.08-16.50.47:023][450]LogModuleManager: Shutting down and abandoning module SettingsEditor (406)
[2018.02.08-16.50.47:023][450]LogModuleManager: Shutting down and abandoning module ProjectLauncher (404)
[2018.02.08-16.50.47:024][450]LogModuleManager: Shutting down and abandoning module SessionFrontend (402)
[2018.02.08-16.50.47:024][450]LogModuleManager: Shutting down and abandoning module ProfilerClient (400)
[2018.02.08-16.50.47:024][450]LogModuleManager: Shutting down and abandoning module DeviceManager (398)
[2018.02.08-16.50.47:024][450]LogModuleManager: Shutting down and abandoning module TargetDeviceServices (397)
[2018.02.08-16.50.47:089][450]LogModuleManager: Shutting down and abandoning module AutomationController (394)
[2018.02.08-16.50.47:089][450]LogModuleManager: Shutting down and abandoning module AutomationWindow (392)
[2018.02.08-16.50.47:089][450]LogModuleManager: Shutting down and abandoning module Layers (390)
[2018.02.08-16.50.47:089][450]LogModuleManager: Shutting down and abandoning module ComponentVisualizers (388)
[2018.02.08-16.50.47:089][450]LogModuleManager: Shutting down and abandoning module DetailCustomizations (386)
[2018.02.08-16.50.47:090][450]LogModuleManager: Shutting down and abandoning module PackagesDialog (384)
[2018.02.08-16.50.47:090][450]LogModuleManager: Shutting down and abandoning module Persona (382)
[2018.02.08-16.50.47:090][450]LogModuleManager: Shutting down and abandoning module AdvancedPreviewScene (381)
[2018.02.08-16.50.47:090][450]LogModuleManager: Shutting down and abandoning module AnimGraph (379)
[2018.02.08-16.50.47:091][450]LogModuleManager: Shutting down and abandoning module Kismet (376)
[2018.02.08-16.50.47:112][450]LogModuleManager: Shutting down and abandoning module ClassViewer (374)
[2018.02.08-16.50.47:113][450]LogModuleManager: Shutting down and abandoning module Toolbox (372)
[2018.02.08-16.50.47:113][450]LogModuleManager: Shutting down and abandoning module ModuleUI (370)
[2018.02.08-16.50.47:113][450]LogModuleManager: Shutting down and abandoning module MovieSceneTools (368)
[2018.02.08-16.50.47:113][450]LogModuleManager: Shutting down and abandoning module OutputLog (366)
[2018.02.08-16.50.47:113][450]LogModuleManager: Shutting down and abandoning module GammaUI (364)
[2018.02.08-16.50.47:113][450]LogModuleManager: Shutting down and abandoning module Documentation (362)
[2018.02.08-16.50.47:113][450]LogModuleManager: Shutting down and abandoning module MovieSceneTracks (360)
[2018.02.08-16.50.47:114][450]LogModuleManager: Shutting down and abandoning module MovieScene (358)
[2018.02.08-16.50.47:114][450]LogModuleManager: Shutting down and abandoning module Niagara (356)
[2018.02.08-16.50.47:114][450]LogModuleManager: Shutting down and abandoning module NiagaraEditor (355)
[2018.02.08-16.50.47:114][450]LogModuleManager: Shutting down and abandoning module StreamingPauseRendering (352)
[2018.02.08-16.50.47:114][450]LogModuleManager: Shutting down and abandoning module LauncherPlatform (350)
[2018.02.08-16.50.47:114][450]LogModuleManager: Shutting down and abandoning module AnalyticsET (348)
[2018.02.08-16.50.47:114][450]LogModuleManager: Shutting down and abandoning module PortalServices (346)
[2018.02.08-16.50.47:114][450]LogModuleManager: Shutting down and abandoning module PortalRpc (344)
[2018.02.08-16.50.47:114][450]LogModuleManager: Shutting down and abandoning module MessagingRpc (342)
[2018.02.08-16.50.47:114][450]LogModuleManager: Shutting down and abandoning module AIModule (340)
[2018.02.08-16.50.47:115][450]LogModuleManager: Shutting down and abandoning module GameplayDebugger (339)
[2018.02.08-16.50.47:115][450]LogModuleManager: Shutting down and abandoning module AITestSuite (337)
[2018.02.08-16.50.47:115][450]LogModuleManager: Shutting down and abandoning module ProfilerService (334)
[2018.02.08-16.50.47:317][450]LogModuleManager: Shutting down and abandoning module TaskGraph (332)
[2018.02.08-16.50.47:317][450]LogModuleManager: Shutting down and abandoning module SteamVRController (330)
[2018.02.08-16.50.47:317][450]LogModuleManager: Shutting down and abandoning module ProceduralMeshComponentEditor (328)
[2018.02.08-16.50.47:317][450]LogModuleManager: Shutting down and abandoning module ProceduralMeshComponent (326)
[2018.02.08-16.50.47:317][450]LogModuleManager: Shutting down and abandoning module OculusInput (324)
[2018.02.08-16.50.47:317][450]LogModuleManager: Shutting down and abandoning module MobilePatchingUtils (322)
[2018.02.08-16.50.47:317][450]LogModuleManager: Shutting down and abandoning module CustomMeshComponent (320)
[2018.02.08-16.50.47:317][450]LogModuleManager: Shutting down and abandoning module CableComponent (318)
[2018.02.08-16.50.47:317][450]LogModuleManager: Shutting down and abandoning module ArchVisCharacter (316)
[2018.02.08-16.50.47:317][450]LogModuleManager: Shutting down and abandoning module AndroidPermission (314)
[2018.02.08-16.50.47:317][450]LogModuleManager: Shutting down and abandoning module MediaPlayerEditor (310)
[2018.02.08-16.50.47:318][450]LogModuleManager: Shutting down and abandoning module HTML5Networking (308)
[2018.02.08-16.50.47:318][450]LogModuleManager: Shutting down and abandoning module AlembicImporter (306)
[2018.02.08-16.50.47:318][450]LogModuleManager: Shutting down and abandoning module AlembicLibrary (305)
[2018.02.08-16.50.47:318][450]LogModuleManager: Shutting down and abandoning module GeometryCache (304)
[2018.02.08-16.50.47:318][450]LogModuleManager: Shutting down and abandoning module GeometryCacheEd (303)
[2018.02.08-16.50.47:318][450]LogModuleManager: Shutting down and abandoning module SpeedTreeImporter (298)
[2018.02.08-16.50.47:318][450]LogModuleManager: Shutting down and abandoning module PluginBrowser (296)
[2018.02.08-16.50.47:318][450]LogModuleManager: Shutting down and abandoning module MobileLauncherProfileWizard (294)
[2018.02.08-16.50.47:318][450]LogModuleManager: Shutting down and abandoning module VisualStudioSourceCodeAccess (292)
[2018.02.08-16.50.47:318][450]LogModuleManager: Shutting down and abandoning module DesktopPlatform (291)
[2018.02.08-16.50.47:318][450]LogModuleManager: Shutting down and abandoning module UObjectPlugin (288)
[2018.02.08-16.50.47:318][450]LogModuleManager: Shutting down and abandoning module SubversionSourceControl (286)
[2018.02.08-16.50.47:318][450]LogModuleManager: Shutting down and abandoning module PerforceSourceControl (284)
[2018.02.08-16.50.47:318][450]LogModuleManager: Shutting down and abandoning module GitSourceControl (282)
[2018.02.08-16.50.47:318][450]LogModuleManager: Shutting down and abandoning module SourceControl (281)
[2018.02.08-16.50.47:318][450]LogModuleManager: Shutting down and abandoning module LightPropagationVolumeEditor (278)
[2018.02.08-16.50.47:318][450]LogModuleManager: Shutting down and abandoning module PaperTiledImporter (276)
[2018.02.08-16.50.47:318][450]LogModuleManager: Shutting down and abandoning module PaperSpriteSheetImporter (274)
[2018.02.08-16.50.47:318][450]LogModuleManager: Shutting down and abandoning module Paper2DEditor (272)
[2018.02.08-16.50.47:318][450]LogModuleManager: Shutting down and abandoning module MeshPaint (271)
[2018.02.08-16.50.47:318][450]LogModuleManager: Shutting down and abandoning module LevelEditor (269)
[2018.02.08-16.50.47:319][450]LogModuleManager: Shutting down and abandoning module PixelInspectorModule (268)
[2018.02.08-16.50.47:319][450]LogModuleManager: Shutting down and abandoning module MainFrame (266)
[2018.02.08-16.50.47:319][450]LogModuleManager: Shutting down and abandoning module HotReload (265)
[2018.02.08-16.50.47:320][450]LogModuleManager: Shutting down and abandoning module RuntimePhysXCooking (260)
[2018.02.08-16.50.47:320][450]LogModuleManager: Shutting down and abandoning module PhysXVehiclesEditor (258)
[2018.02.08-16.50.47:320][450]LogModuleManager: Shutting down and abandoning module PhysXVehicles (256)
[2018.02.08-16.50.47:320][450]LogModuleManager: Shutting down and abandoning module OculusEditor (254)
[2018.02.08-16.50.47:320][450]LogModuleManager: Shutting down and abandoning module LocationServicesBPLibrary (252)
[2018.02.08-16.50.47:320][450]LogModuleManager: Shutting down and abandoning module ImmediatePhysicsEditor (250)
[2018.02.08-16.50.47:320][450]LogModuleManager: Shutting down and abandoning module ImmediatePhysics (248)
[2018.02.08-16.50.47:320][450]LogModuleManager: Shutting down and abandoning module UdpMessaging (246)
[2018.02.08-16.50.47:421][450]LogModuleManager: Shutting down and abandoning module TcpMessaging (244)
[2018.02.08-16.50.47:521][450]LogModuleManager: Shutting down and abandoning module GameplayTagsEditor (242)
[2018.02.08-16.50.47:521][450]LogModuleManager: Shutting down and abandoning module FacialAnimationEditor (240)
[2018.02.08-16.50.47:521][450]LogModuleManager: Shutting down and abandoning module FacialAnimation (238)
[2018.02.08-16.50.47:521][450]LogModuleManager: Shutting down and abandoning module AssetManagerEditor (236)
[2018.02.08-16.50.47:521][450]LogModuleManager: Shutting down and abandoning module GraphEditor (235)
[2018.02.08-16.50.47:521][450]LogModuleManager: Shutting down and abandoning module ContentBrowser (233)
[2018.02.08-16.50.47:522][450]LogModuleManager: Shutting down and abandoning module LightPropagationVolumeRuntime (230)
[2018.02.08-16.50.47:522][450]LogModuleManager: Shutting down and abandoning module Paper2D (228)
[2018.02.08-16.50.47:522][450]LogModuleManager: Shutting down and abandoning module WindowsMoviePlayer (226)
[2018.02.08-16.50.47:522][450]LogModuleManager: Shutting down and abandoning module WmfMedia (224)
[2018.02.08-16.50.47:525][450]LogModuleManager: Shutting down and abandoning module PacketHandler (222)
[2018.02.08-16.50.47:525][450]LogModuleManager: Shutting down and abandoning module ClothingSystemEditor (220)
[2018.02.08-16.50.47:525][450]LogModuleManager: Shutting down and abandoning module ClothingSystemRuntime (218)
[2018.02.08-16.50.47:525][450]LogModuleManager: Shutting down and abandoning module Overlay (216)
[2018.02.08-16.50.47:525][450]LogModuleManager: Shutting down and abandoning module OverlayEditor (215)
[2018.02.08-16.50.47:525][450]LogModuleManager: Shutting down and abandoning module MediaAssets (212)
[2018.02.08-16.50.47:525][450]LogModuleManager: Shutting down and abandoning module VREditor (210)
[2018.02.08-16.50.47:525][450]LogModuleManager: Shutting down and abandoning module StringTableEditor (208)
[2018.02.08-16.50.47:525][450]LogModuleManager: Shutting down and abandoning module GameplayTasksEditor (206)
[2018.02.08-16.50.47:525][450]LogModuleManager: Shutting down and abandoning module BehaviorTreeEditor (204)
[2018.02.08-16.50.47:525][450]LogModuleManager: Shutting down and abandoning module FunctionalTesting (202)
[2018.02.08-16.50.47:525][450]LogModuleManager: Shutting down and abandoning module CollisionAnalyzer (200)
[2018.02.08-16.50.47:525][450]LogModuleManager: Shutting down and abandoning module WorkspaceMenuStructure (199)
[2018.02.08-16.50.47:525][450]LogModuleManager: Shutting down and abandoning module UMG (196)
[2018.02.08-16.50.47:525][450]LogModuleManager: Shutting down and abandoning module UMGEditor (195)
[2018.02.08-16.50.47:525][450]LogModuleManager: Shutting down and abandoning module Sequencer (194)
[2018.02.08-16.50.47:525][450]LogModuleManager: Shutting down and abandoning module MessageLog (191)
[2018.02.08-16.50.47:525][450]LogModuleManager: Shutting down and abandoning module SlateReflector (186)
[2018.02.08-16.50.47:525][450]LogModuleManager: Shutting down and abandoning module Slate (184)
[2018.02.08-16.50.47:525][450]LogModuleManager: Shutting down and abandoning module EditorStyle (182)
[2018.02.08-16.50.47:528][450]LogModuleManager: Shutting down and abandoning module MRMesh (180)
[2018.02.08-16.50.47:528][450]LogModuleManager: Shutting down and abandoning module SourceCodeAccess (178)
[2018.02.08-16.50.47:528][450]LogModuleManager: Shutting down and abandoning module HeadMountedDisplay (176)
[2018.02.08-16.50.47:528][450]LogModuleManager: Shutting down and abandoning module XAudio2 (174)
[2018.02.08-16.50.47:528][450]LogModuleManager: Shutting down and abandoning module Networking (172)
[2018.02.08-16.50.47:528][450]LogModuleManager: Shutting down and abandoning module Core (168)
[2018.02.08-16.50.47:528][450]LogModuleManager: Shutting down and abandoning module KismetCompiler (164)
[2018.02.08-16.50.47:528][450]LogModuleManager: Shutting down and abandoning module LevelSequence (162)
[2018.02.08-16.50.47:528][450]LogModuleManager: Shutting down and abandoning module MeshUtilities (160)
[2018.02.08-16.50.47:528][450]LogModuleManager: Shutting down and abandoning module MeshMergeUtilities (159)
[2018.02.08-16.50.47:528][450]LogModuleManager: Shutting down and abandoning module MeshReductionInterface (158)
[2018.02.08-16.50.47:528][450]LogModuleManager: Shutting down and abandoning module SimplygonSwarm (157)
[2018.02.08-16.50.47:528][450]LogModuleManager: Shutting down and abandoning module SimplygonMeshReduction (155)
[2018.02.08-16.50.47:528][450]LogModuleManager: Shutting down and abandoning module QuadricMeshReduction (153)
[2018.02.08-16.50.47:528][450]LogModuleManager: Shutting down and abandoning module MaterialBaking (149)
[2018.02.08-16.50.47:529][450]LogModuleManager: Shutting down and abandoning module DirectoryWatcher (146)
[2018.02.08-16.50.47:529][450]LogModuleManager: Shutting down and abandoning module DerivedDataCache (144)
[2018.02.08-16.50.47:567][450]LogDerivedDataCache: Shutdown
[2018.02.08-16.50.47:568][450]LogModuleManager: Shutting down and abandoning module TargetPlatform (142)
[2018.02.08-16.50.47:568][450]LogModuleManager: Shutting down and abandoning module VulkanShaderFormat (141)
[2018.02.08-16.50.47:568][450]LogModuleManager: Shutting down and abandoning module ShaderFormatVectorVM (139)
[2018.02.08-16.50.47:568][450]LogModuleManager: Shutting down and abandoning module ShaderFormatOpenGL (137)
[2018.02.08-16.50.47:568][450]LogModuleManager: Shutting down and abandoning module ShaderFormatD3D (135)
[2018.02.08-16.50.47:568][450]LogModuleManager: Shutting down and abandoning module MetalShaderFormat (133)
[2018.02.08-16.50.47:568][450]LogModuleManager: Shutting down and abandoning module TextureFormatUncompressed (131)
[2018.02.08-16.50.47:568][450]LogModuleManager: Shutting down and abandoning module TextureFormatPVR (129)
[2018.02.08-16.50.47:568][450]LogModuleManager: Shutting down and abandoning module TextureFormatDXT (127)
[2018.02.08-16.50.47:568][450]LogModuleManager: Shutting down and abandoning module TextureFormatIntelISPCTexComp (125)
[2018.02.08-16.50.47:568][450]LogModuleManager: Shutting down and abandoning module TextureFormatASTC (123)
[2018.02.08-16.50.47:568][450]LogModuleManager: Shutting down and abandoning module ImageWrapper (122)
[2018.02.08-16.50.47:568][450]LogModuleManager: Shutting down and abandoning module TextureFormatAndroid (119)
[2018.02.08-16.50.47:568][450]LogModuleManager: Shutting down and abandoning module AudioFormatOpus (117)
[2018.02.08-16.50.47:568][450]LogModuleManager: Shutting down and abandoning module AudioFormatOgg (115)
[2018.02.08-16.50.47:568][450]LogModuleManager: Shutting down and abandoning module AudioFormatADPCM (113)
[2018.02.08-16.50.47:568][450]LogModuleManager: Shutting down and abandoning module LinuxTargetPlatform (111)
[2018.02.08-16.50.47:568][450]LogModuleManager: Shutting down and abandoning module LinuxServerTargetPlatform (109)
[2018.02.08-16.50.47:568][450]LogModuleManager: Shutting down and abandoning module LinuxNoEditorTargetPlatform (107)
[2018.02.08-16.50.47:568][450]LogModuleManager: Shutting down and abandoning module LinuxClientTargetPlatform (105)
[2018.02.08-16.50.47:568][450]LogModuleManager: Shutting down and abandoning module TVOSTargetPlatform (103)
[2018.02.08-16.50.47:568][450]LogModuleManager: Shutting down and abandoning module Messaging (101)
[2018.02.08-16.50.47:568][450]LogModuleManager: Shutting down and abandoning module IOSTargetPlatform (99)
[2018.02.08-16.50.47:568][450]LogModuleManager: Shutting down and abandoning module HTML5TargetPlatform (97)
[2018.02.08-16.50.47:568][450]LogModuleManager: Shutting down and abandoning module Android_PVRTCTargetPlatform (95)
[2018.02.08-16.50.47:568][450]LogModuleManager: Shutting down and abandoning module Android_MultiTargetPlatform (93)
[2018.02.08-16.50.47:568][450]LogModuleManager: Shutting down and abandoning module Android_ETC2TargetPlatform (91)
[2018.02.08-16.50.47:568][450]LogModuleManager: Shutting down and abandoning module Android_ETC1TargetPlatform (89)
[2018.02.08-16.50.47:568][450]LogModuleManager: Shutting down and abandoning module Android_DXTTargetPlatform (87)
[2018.02.08-16.50.47:568][450]LogModuleManager: Shutting down and abandoning module Android_ATCTargetPlatform (85)
[2018.02.08-16.50.47:568][450]LogModuleManager: Shutting down and abandoning module Android_ASTCTargetPlatform (83)
[2018.02.08-16.50.47:568][450]LogModuleManager: Shutting down and abandoning module AndroidTargetPlatform (81)
[2018.02.08-16.50.47:568][450]LogModuleManager: Shutting down and abandoning module WindowsTargetPlatform (79)
[2018.02.08-16.50.47:568][450]LogModuleManager: Shutting down and abandoning module WindowsServerTargetPlatform (77)
[2018.02.08-16.50.47:568][450]LogModuleManager: Shutting down and abandoning module WindowsNoEditorTargetPlatform (75)
[2018.02.08-16.50.47:568][450]LogModuleManager: Shutting down and abandoning module WindowsClientTargetPlatform (73)
[2018.02.08-16.50.47:568][450]LogModuleManager: Shutting down and abandoning module MacTargetPlatform (71)
[2018.02.08-16.50.47:568][450]LogModuleManager: Shutting down and abandoning module MacServerTargetPlatform (69)
[2018.02.08-16.50.47:568][450]LogModuleManager: Shutting down and abandoning module MacNoEditorTargetPlatform (67)
[2018.02.08-16.50.47:568][450]LogModuleManager: Shutting down and abandoning module MacClientTargetPlatform (65)
[2018.02.08-16.50.47:568][450]LogModuleManager: Shutting down and abandoning module AllDesktopTargetPlatform (63)
[2018.02.08-16.50.47:568][450]LogModuleManager: Shutting down and abandoning module InputCore (60)
[2018.02.08-16.50.47:568][450]LogModuleManager: Shutting down and abandoning module Settings (58)
[2018.02.08-16.50.47:568][450]LogModuleManager: Shutting down and abandoning module PhysXCooking (56)
[2018.02.08-16.50.47:569][450]LogModuleManager: Shutting down and abandoning module SteamVR (54)
[2018.02.08-16.50.47:569][450]LogModuleManager: Shutting down and abandoning module OculusHMD (52)
[2018.02.08-16.50.47:569][450]LogModuleManager: Shutting down and abandoning module ExampleDeviceProfileSelector (50)
[2018.02.08-16.50.47:569][450]LogModuleManager: Shutting down and abandoning module OnlineBlueprintSupport (48)
[2018.02.08-16.50.47:569][450]LogModuleManager: Shutting down and abandoning module OnlineSubsystem (44)
[2018.02.08-16.50.47:569][450]LogOnline: Display: Unloading online subsystem: NULL
[2018.02.08-16.50.47:569][450]LogModuleManager: Shutting down and abandoning module XMPP (43)
[2018.02.08-16.50.47:569][450]LogModuleManager: Shutting down and abandoning module HTTP (41)
[2018.02.08-16.50.47:569][450]LogHttp: Display: Http module shutting down, but needs to wait on 1 outstanding Http requests:
[2018.02.08-16.50.47:569][450]LogHttp: Display: 	verb=[POST] url=[https://datarouter.ol.epicgames.com/datarouter/api/v1/public/data?SessionID=%7BB89892AF-4230-8F58-BECE-548CA9A273AE%7D&AppID=UEEditor.Rocket.Release&AppVersion=4.17.1-3586342%2B%2B%2BUE4%2BRelease-4.17&UserID=84dfc17b4e9f31e909ddc1b318eebdea%7Cc3fdeb3d8bcd4097a4768718e05c9cf8%7C53216c03-6ce2-4aa7-831b-9b13ed8ec1ec&AppEnvironment=datacollector-binary&UploadType=eteventstream] status=Processing
[2018.02.08-16.50.47:604][450]LogModuleManager: Shutting down and abandoning module SSL (40)
[2018.02.08-16.50.47:607][450]LogModuleManager: Shutting down and abandoning module AnimationModifiers (36)
[2018.02.08-16.50.47:608][450]LogModuleManager: Shutting down and abandoning module PropertyEditor (35)
[2018.02.08-16.50.47:608][450]LogModuleManager: Shutting down and abandoning module AudioEditor (32)
[2018.02.08-16.50.47:608][450]LogModuleManager: Shutting down and abandoning module TextureCompressor (30)
[2018.02.08-16.50.47:608][450]LogModuleManager: Shutting down and abandoning module ShaderCore (28)
[2018.02.08-16.50.47:608][450]LogModuleManager: Shutting down and abandoning module Landscape (26)
[2018.02.08-16.50.47:608][450]LogModuleManager: Shutting down and abandoning module SlateRHIRenderer (24)
[2018.02.08-16.50.47:610][450]LogModuleManager: Shutting down and abandoning module OpenGLDrv (22)
[2018.02.08-16.50.47:610][450]LogModuleManager: Shutting down and abandoning module D3D11RHI (20)
[2018.02.08-16.50.47:610][450]LogModuleManager: Shutting down and abandoning module AnimGraphRuntime (18)
[2018.02.08-16.50.47:610][450]LogModuleManager: Shutting down and abandoning module Renderer (16)
[2018.02.08-16.50.47:610][450]LogModuleManager: Shutting down and abandoning module Engine (14)
[2018.02.08-16.50.47:610][450]LogModuleManager: Shutting down and abandoning module CoreUObject (12)
[2018.02.08-16.50.47:611][450]LogModuleManager: Shutting down and abandoning module NetworkFile (10)
[2018.02.08-16.50.47:611][450]LogModuleManager: Shutting down and abandoning module CookedIterativeFile (8)
[2018.02.08-16.50.47:611][450]LogModuleManager: Shutting down and abandoning module StreamingFile (6)
[2018.02.08-16.50.47:611][450]LogModuleManager: Shutting down and abandoning module SandboxFile (4)
[2018.02.08-16.50.47:611][450]LogModuleManager: Shutting down and abandoning module PakFile (2)
[2018.02.08-16.50.47:617][450]LogExit: Exiting.
[2018.02.08-16.50.47:641][450]Log file closed, 02/08/18 10:50:47
