Log file open, 02/08/18 14:21:04
LogWindows: LoadLibraryWithSearchPaths failed for file aqProf.dll. GetLastError=0
LogWindows: LoadLibraryWithSearchPaths failed for file VtuneApi.dll. GetLastError=0
LogWindows: LoadLibraryWithSearchPaths failed for file VtuneApi32e.dll. GetLastError=0
LogInit: Display: Running engine for game: FPS_NetflixBoredom
LogPlatformFile: Not using cached read wrapper
LogInit: Display: RandInit(2026343806) SRandInit(2026343806).
LogTaskGraph: Started task graph with 5 named threads and 14 total threads with 3 sets of task threads.
LogStats: Stats thread started at 0.204108
LogD3D11RHI: Aftermath initialized
LogPluginManager: Mounting plugin Paper2D
LogPluginManager: Mounting plugin LightPropagationVolume
LogPluginManager: Mounting plugin CodeLiteSourceCodeAccess
LogPluginManager: Mounting plugin GitSourceControl
LogPluginManager: Mounting plugin KDevelopSourceCodeAccess
LogPluginManager: Mounting plugin NullSourceCodeAccess
LogPluginManager: Mounting plugin PerforceSourceControl
LogPluginManager: Mounting plugin SubversionSourceControl
LogPluginManager: Mounting plugin UObjectPlugin
LogPluginManager: Mounting plugin VisualStudioSourceCodeAccess
LogPluginManager: Mounting plugin XCodeSourceCodeAccess
LogPluginManager: Mounting plugin AssetManagerEditor
LogPluginManager: Mounting plugin AudioCapture
LogPluginManager: Mounting plugin FacialAnimation
LogPluginManager: Mounting plugin GameplayTagsEditor
LogPluginManager: Mounting plugin MobileLauncherProfileWizard
LogPluginManager: Mounting plugin PluginBrowser
LogPluginManager: Mounting plugin SpeedTreeImporter
LogPluginManager: Mounting plugin AlembicImporter
LogPluginManager: Mounting plugin CharacterAI
LogPluginManager: Mounting plugin HTML5Networking
LogPluginManager: Mounting plugin AndroidMedia
LogPluginManager: Mounting plugin AvfMedia
LogPluginManager: Mounting plugin MediaPlayerEditor
LogPluginManager: Mounting plugin WmfMedia
LogPluginManager: Mounting plugin TcpMessaging
LogPluginManager: Mounting plugin UdpMessaging
LogPluginManager: Mounting plugin LevelSequenceEditor
LogPluginManager: Mounting plugin MatineeToLevelSequence
LogPluginManager: Mounting plugin OnlineSubsystemGooglePlay
LogPluginManager: Mounting plugin OnlineSubsystemIOS
LogPluginManager: Mounting plugin OnlineSubsystem
LogPluginManager: Mounting plugin OnlineSubsystemNull
LogPluginManager: Mounting plugin OnlineSubsystemUtils
LogPluginManager: Mounting plugin AndroidDeviceProfileSelector
LogPluginManager: Mounting plugin AndroidMoviePlayer
LogPluginManager: Mounting plugin AndroidPermission
LogPluginManager: Mounting plugin AppleMoviePlayer
LogPluginManager: Mounting plugin ArchVisCharacter
LogPluginManager: Mounting plugin CableComponent
LogPluginManager: Mounting plugin CustomMeshComponent
LogPluginManager: Mounting plugin ExampleDeviceProfileSelector
LogPluginManager: Mounting plugin GoogleCloudMessaging
LogPluginManager: Mounting plugin ImmediatePhysics
LogPluginManager: Mounting plugin IOSDeviceProfileSelector
LogPluginManager: Mounting plugin LinuxDeviceProfileSelector
LogPluginManager: Mounting plugin LocationServicesBPLibrary
LogPluginManager: Mounting plugin MobilePatchingUtils
LogPluginManager: Mounting plugin OculusVR
LogPluginManager: Mounting plugin PhysXVehicles
LogPluginManager: Mounting plugin ProceduralMeshComponent
LogPluginManager: Mounting plugin RuntimePhysXCooking
LogPluginManager: Mounting plugin SteamVR
LogPluginManager: Mounting plugin WindowsMoviePlayer
LogInit: Using libcurl 7.47.1
LogInit:  - built for x86_64-pc-win32
LogInit:  - supports SSL with OpenSSL/1.0.2g
LogInit:  - supports HTTP deflate (compression) using libz 1.2.8
LogInit:  - other features:
LogInit:      CURL_VERSION_SSL
LogInit:      CURL_VERSION_LIBZ
LogInit:      CURL_VERSION_IPV6
LogInit:      CURL_VERSION_ASYNCHDNS
LogInit:      CURL_VERSION_LARGEFILE
LogInit:      CURL_VERSION_IDN
LogInit:  CurlRequestOptions (configurable via config and command line):
LogInit:  - bVerifyPeer = false  - Libcurl will NOT verify peer certificate
LogInit:  - bUseHttpProxy = false  - Libcurl will NOT use HTTP proxy
LogInit:  - bDontReuseConnections = false  - Libcurl will reuse connections
LogInit:  - CertBundlePath = nullptr  - Libcurl will use whatever was configured at build time.
LogInit: Build: ++UE4+Release-4.17-CL-3586342
LogInit: Engine Version: 4.17.1-3586342+++UE4+Release-4.17
LogInit: Compatible Engine Version: 4.17.0-3573198+++UE4+Release-4.17
LogInit: Net CL: 3573198
LogDevObjectVersion: Number of dev versions registered: 16
LogDevObjectVersion:   Dev-Blueprints (B0D832E4-1F89-4F0D-ACCF-7EB736FD4AA2): 10
LogDevObjectVersion:   Dev-Build (E1C64328-A22C-4D53-A36C-8E866417BD8C): 0
LogDevObjectVersion:   Dev-Core (375EC13C-06E4-48FB-B500-84F0262A717E): 2
LogDevObjectVersion:   Dev-Editor (E4B068ED-F494-42E9-A231-DA0B2E46BB41): 20
LogDevObjectVersion:   Dev-Framework (CFFC743F-43B0-4480-9391-14DF171D2073): 28
LogDevObjectVersion:   Dev-Mobile (B02B49B5-BB20-44E9-A304-32B752E40360): 0
LogDevObjectVersion:   Dev-Networking (A4E4105C-59A1-49B5-A7C5-40C4547EDFEE): 0
LogDevObjectVersion:   Dev-Online (39C831C9-5AE6-47DC-9A44-9C173E1C8E7C): 0
LogDevObjectVersion:   Dev-Physics (78F01B33-EBEA-4F98-B9B4-84EACCB95AA2): 0
LogDevObjectVersion:   Dev-Platform (6631380F-2D4D-43E0-8009-CF276956A95A): 0
LogDevObjectVersion:   Dev-Rendering (12F88B9F-8875-4AFC-A67C-D90C383ABD29): 19
LogDevObjectVersion:   Dev-Sequencer (7B5AE74C-D270-4C10-A958-57980B212A5A): 4
LogDevObjectVersion:   Dev-VR (D7296918-1DD6-4BDD-9DE2-64A83CC13884): 0
LogDevObjectVersion:   Dev-LoadTimes (C2A15278-BFE7-4AFE-6C17-90FF531DF755): 1
LogDevObjectVersion:   Private-Geometry (6EACA3D4-40EC-4CC1-B786-8BED09428FC5): 1
LogDevObjectVersion:   Dev-AnimPhys (29E575DD-E0A3-4627-9D10-D276232CDCEA): 7
LogInit: Compiled (64-bit): Aug 15 2017 02:05:26
LogInit: Compiled with Visual C++: 19.00.24215.01
LogInit: Build Configuration: Development
LogInit: Branch Name: ++UE4+Release-4.17
LogInit: Command line:  
LogInit: Base directory: C:/Program Files/Epic Games/UE_4.17/Engine/Binaries/Win64/
LogInit: Installed Engine Build: 1
LogInit: Presizing for max 8388607 objects, including 0 objects not considered by GC, pre-allocating 0 bytes for permanent pool.
LogInit: Object subsystem initialized
[2018.02.08-20.21.05:938][  0]LogInit: Selected Device Profile: [Windows]
[2018.02.08-20.21.05:938][  0]LogInit: Applying CVar settings loaded from the selected device profile: [Windows]
[2018.02.08-20.21.05:956][  0]LogInit: Computer: MIKE_ZBOOK
[2018.02.08-20.21.05:956][  0]LogInit: User: mingargiola21
[2018.02.08-20.21.05:956][  0]LogInit: CPU Page size=4096, Cores=4
[2018.02.08-20.21.05:956][  0]LogInit: High frequency timer resolution =2.728066 MHz
[2018.02.08-20.21.05:956][  0]LogMemory: Memory total: Physical=15.9GB (16GB approx)
[2018.02.08-20.21.05:956][  0]LogMemory: Platform Memory Stats for Windows
[2018.02.08-20.21.05:956][  0]LogMemory: Process Physical Memory: 279.59 MB used, 279.59 MB peak
[2018.02.08-20.21.05:956][  0]LogMemory: Process Virtual Memory: 282.35 MB used, 282.35 MB peak
[2018.02.08-20.21.05:956][  0]LogMemory: Physical Memory: 4977.57 MB used,  11321.54 MB free, 16299.11 MB total
[2018.02.08-20.21.05:956][  0]LogMemory: Virtual Memory: 715.24 MB used,  11321.54 MB free, 134217728.00 MB total
[2018.02.08-20.21.06:252][  0]LogInit: Using OS detected language (en-US).
[2018.02.08-20.21.06:252][  0]LogInit: Using OS detected locale (en-US).
[2018.02.08-20.21.06:256][  0]LogTextLocalizationManager: No specific localization for 'en-US' exists, so the 'en' localization will be used.
[2018.02.08-20.21.08:229][  0]LogD3D11RHI: D3D11 adapters:
[2018.02.08-20.21.08:284][  0]LogD3D11RHI:    0. 'NVIDIA Quadro K3100M' (Feature Level 11_0)
[2018.02.08-20.21.08:284][  0]LogD3D11RHI:       4063/0/8149 MB DedicatedVideo/DedicatedSystem/SharedSystem, Outputs:1, VendorId:0x10de
[2018.02.08-20.21.08:287][  0]LogD3D11RHI:    1. 'Microsoft Basic Render Driver' (Feature Level 11_0)
[2018.02.08-20.21.08:287][  0]LogD3D11RHI:       0/0/8149 MB DedicatedVideo/DedicatedSystem/SharedSystem, Outputs:0, VendorId:0x1414
[2018.02.08-20.21.08:287][  0]LogD3D11RHI: Chosen D3D11 Adapter: 0
[2018.02.08-20.21.08:297][  0]LogD3D11RHI: Creating new Direct3DDevice
[2018.02.08-20.21.08:297][  0]LogD3D11RHI:     GPU DeviceId: 0x11b6 (for the marketing name, search the web for "GPU Device Id")
[2018.02.08-20.21.08:297][  0]LogWindows: EnumDisplayDevices:
[2018.02.08-20.21.08:297][  0]LogWindows:    0. 'NVIDIA Quadro K3100M' (P:1 D:1)
[2018.02.08-20.21.08:297][  0]LogWindows:    1. 'NVIDIA Quadro K3100M' (P:0 D:0)
[2018.02.08-20.21.08:297][  0]LogWindows:    2. 'NVIDIA Quadro K3100M' (P:0 D:0)
[2018.02.08-20.21.08:298][  0]LogWindows:    3. 'NVIDIA Quadro K3100M' (P:0 D:0)
[2018.02.08-20.21.08:298][  0]LogWindows: DebugString: GetVideoDriverDetailsInvalid PrimaryIsNotTheChoosenAdapter GetVideoDriverDetailsInvalid PrimaryIsNotTheChoosenAdapter GetVideoDriverDetailsInvalid PrimaryIsNotTheChoosenAdapter GetVideoDriverDetailsInvalid PrimaryIsNotTheChoosenAdapter FoundDriverCount:0 
[2018.02.08-20.21.08:298][  0]LogD3D11RHI:     Adapter Name: NVIDIA Quadro K3100M
[2018.02.08-20.21.08:298][  0]LogD3D11RHI:   Driver Version: Unknown (internal:Unknown, unified:Unknown)
[2018.02.08-20.21.08:298][  0]LogD3D11RHI:      Driver Date: Unknown
[2018.02.08-20.21.08:298][  0]LogRHI: Texture pool is 1361 MB (70% of 1945 MB)
[2018.02.08-20.21.08:334][  0]LogD3D11RHI: Async texture creation enabled
[2018.02.08-20.21.08:350][  0]LogD3D11RHI: GPU Timing Frequency: 1000.000000 (Debug: 2 1)
[2018.02.08-20.21.08:395][  0]LogShaderCompilers: Guid format shader working directory is -23 characters bigger than the processId version (../../../../../../Columbia/Unreal Fun/repos/netflix-boredom/FPS_NetflixBoredom/Intermediate/Shaders/WorkingDirectory/9420/).
[2018.02.08-20.21.08:395][  0]LogShaderCompilers: Cleaned the shader compiler working directory 'C:/Users/m.ingargiola21/AppData/Local/Temp/UnrealShaderWorkingDir/2E3050474B2DEEAA5AFBD5AB72B1FEC0/'.
[2018.02.08-20.21.08:395][  0]LogShaderCompilers: Display: Using Local Shader Compiler.
[2018.02.08-20.21.10:494][  0]LogTemp: Display: Loaded TP AllDesktopTargetPlatform
[2018.02.08-20.21.10:696][  0]LogTemp: Display: Loaded TP MacClientTargetPlatform
[2018.02.08-20.21.10:800][  0]LogTemp: Display: Loaded TP MacNoEditorTargetPlatform
[2018.02.08-20.21.10:876][  0]LogTemp: Display: Loaded TP MacServerTargetPlatform
[2018.02.08-20.21.10:952][  0]LogTemp: Display: Loaded TP MacTargetPlatform
[2018.02.08-20.21.11:029][  0]LogTemp: Display: Loaded TP WindowsClientTargetPlatform
[2018.02.08-20.21.11:147][  0]LogTemp: Display: Loaded TP WindowsNoEditorTargetPlatform
[2018.02.08-20.21.11:255][  0]LogTemp: Display: Loaded TP WindowsServerTargetPlatform
[2018.02.08-20.21.11:424][  0]LogTemp: Display: Loaded TP WindowsTargetPlatform
[2018.02.08-20.21.11:570][  0]LogTemp: Display: Loaded TP AndroidTargetPlatform
[2018.02.08-20.21.11:654][  0]LogTemp: Display: Loaded TP Android_ASTCTargetPlatform
[2018.02.08-20.21.11:750][  0]LogTemp: Display: Loaded TP Android_ATCTargetPlatform
[2018.02.08-20.21.11:829][  0]LogTemp: Display: Loaded TP Android_DXTTargetPlatform
[2018.02.08-20.21.11:907][  0]LogTemp: Display: Loaded TP Android_ETC1TargetPlatform
[2018.02.08-20.21.11:983][  0]LogTemp: Display: Loaded TP Android_ETC2TargetPlatform
[2018.02.08-20.21.12:221][  0]LogTemp: Display: Loaded TP Android_MultiTargetPlatform
[2018.02.08-20.21.12:221][  0]LogTemp: Display: Loaded TP Android_PVRTCTargetPlatform
[2018.02.08-20.21.12:296][  0]LogTemp: Display: Loaded TP HTML5TargetPlatform
[2018.02.08-20.21.12:576][  0]LogTemp: Display: Loaded TP IOSTargetPlatform
[2018.02.08-20.21.12:708][  0]LogTemp: Display: Loaded TP TVOSTargetPlatform
[2018.02.08-20.21.12:910][  0]LogTemp: Display: Loaded TP LinuxClientTargetPlatform
[2018.02.08-20.21.13:050][  0]LogTemp: Display: Loaded TP LinuxNoEditorTargetPlatform
[2018.02.08-20.21.13:198][  0]LogTemp: Display: Loaded TP LinuxServerTargetPlatform
[2018.02.08-20.21.13:276][  0]LogTemp: Display: Loaded TP LinuxTargetPlatform
[2018.02.08-20.21.13:276][  0]LogTargetPlatformManager: Display: Building Assets For Windows
[2018.02.08-20.21.14:601][  0]LogDerivedDataCache: Display: Max Cache Size: 512 MB
[2018.02.08-20.21.14:922][  0]LogDerivedDataCache: Loaded boot cache 0.32s 93MB C:/Users/m.ingargiola21/AppData/Local/UnrealEngine/4.17/DerivedDataCache/Boot.ddc.
[2018.02.08-20.21.14:922][  0]LogDerivedDataCache: Display: Loaded Boot cache: C:/Users/m.ingargiola21/AppData/Local/UnrealEngine/4.17/DerivedDataCache/Boot.ddc
[2018.02.08-20.21.14:922][  0]LogDerivedDataCache: FDerivedDataBackendGraph:  Pak pak cache file ../../../../../../Columbia/Unreal Fun/repos/netflix-boredom/FPS_NetflixBoredom/DerivedDataCache/DDC.ddp not found, will not use a pak cache.
[2018.02.08-20.21.14:922][  0]LogDerivedDataCache: Unable to find inner node Pak for hierarchical cache Hierarchy.
[2018.02.08-20.21.14:923][  0]LogDerivedDataCache: FDerivedDataBackendGraph:  CompressedPak pak cache file ../../../../../../Columbia/Unreal Fun/repos/netflix-boredom/FPS_NetflixBoredom/DerivedDataCache/Compressed.ddp not found, will not use a pak cache.
[2018.02.08-20.21.14:923][  0]LogDerivedDataCache: Unable to find inner node CompressedPak for hierarchical cache Hierarchy.
[2018.02.08-20.21.14:989][  0]LogDerivedDataCache: Display: Pak cache opened for reading ../../../Engine/DerivedDataCache/Compressed.ddp.
[2018.02.08-20.21.15:003][  0]LogDerivedDataCache: Using Local data cache path C:/Users/m.ingargiola21/AppData/Local/UnrealEngine/Common/DerivedDataCache: Writable
[2018.02.08-20.21.15:031][  0]LogMaterial: Verifying Global Shaders for PCD3D_SM5
[2018.02.08-20.21.15:031][  0]LogSlate: Using Freetype 2.6.0
[2018.02.08-20.21.15:032][  0]LogSlate: SlateFontCache - WITH_FREETYPE: 1, WITH_HARFBUZZ: 1
[2018.02.08-20.21.15:032][  0]LogSlate: SlateFontCache - WITH_FREETYPE: 1, WITH_HARFBUZZ: 1
[2018.02.08-20.21.15:483][  0]LogAssetRegistry: FAssetRegistry took 0.0280 seconds to start up
[2018.02.08-20.21.15:663][  0]LogInit: Selected Device Profile: [Windows]
[2018.02.08-20.21.15:968][  0]LogContentStreaming: Texture pool size is 0.00 MB
[2018.02.08-20.21.16:642][  0]LogSimplygon: Simplygon DLL not present - disabling.
[2018.02.08-20.21.16:793][  0]LogMeshReduction: Using SimplygonSwarm for distributed automatic mesh merging
[2018.02.08-20.21.16:793][  0]LogMeshReduction: Using QuadricMeshReduction for automatic static mesh reduction
[2018.02.08-20.21.16:793][  0]LogMeshReduction: No automatic skeletal mesh reduction module available
[2018.02.08-20.21.16:793][  0]LogMeshReduction: No automatic mesh merging module available
[2018.02.08-20.21.16:793][  0]LogMeshMerging: No automatic mesh merging module available
[2018.02.08-20.21.17:637][  0]LogNetVersion: FPS_NetflixBoredom , NetCL: 3573198, EngineNetVer: 2, GameNetVer: 0 (Checksum: 2483267665)
[2018.02.08-20.21.18:285][  0]LogPackageLocalizationCache: Processed 5 localized package path(s) for 2 prioritized culture(s) in 0.062108 seconds
[2018.02.08-20.21.18:294][  0]LogUObjectArray: 35825 objects as part of root set at end of initial load.
[2018.02.08-20.21.18:294][  0]LogUObjectAllocator: 7529104 out of 0 bytes used by permanent object pool.
[2018.02.08-20.21.18:294][  0]LogUObjectArray: CloseDisregardForGC: 0/0 objects in disregard for GC pool
[2018.02.08-20.21.18:402][  0]LogInit: WinSock: version 1.1 (2.2), MaxSocks=32767, MaxUdp=65467
[2018.02.08-20.21.29:087][  0]LogTcpMessaging: Initializing TcpMessaging bridge
[2018.02.08-20.21.29:225][  0]LogUdpMessaging: Initializing bridge on interface 0.0.0.0:0 to multicast group 230.0.0.1:6666.
[2018.02.08-20.21.31:882][  0]LogMaterial: Uniform references updated for custom material expression Custom.
[2018.02.08-20.21.33:952][  0]SourceControl: Source control is disabled
[2018.02.08-20.21.33:952][  0]SourceControl: Source control is disabled
[2018.02.08-20.21.34:276][  0]SourceControl: Source control is disabled
[2018.02.08-20.21.34:596][  0]SourceControl: Source control is disabled
[2018.02.08-20.21.36:752][  0]LogAndroidPermission: UAndroidPermissionCallbackProxy::GetInstance
[2018.02.08-20.21.38:039][  0]LogOcInput: OculusInput pre-init called
[2018.02.08-20.21.38:575][  0]LogEngine: Initializing Engine...
[2018.02.08-20.21.38:577][  0]LogHMD: Failed to initialize OpenVR with code 110
[2018.02.08-20.21.38:855][  0]LogStats: UGameplayTagsManager::ConstructGameplayTagTree: Construct from data asset -  0.000 s
[2018.02.08-20.21.38:855][  0]LogStats: UGameplayTagsManager::ConstructGameplayTagTree: GameplayTagTreeChangedEvent.Broadcast -  0.000 s
[2018.02.08-20.21.39:079][  0]LogAIModule: Creating AISystem for world Untitled
[2018.02.08-20.21.39:088][  0]LogInit: XAudio2 using 'Speakers/Headphones (Realtek High Definition Audio)' : 2 channels at 48 kHz using 32 bits per sample (channel mask 0x3)
[2018.02.08-20.21.39:452][  0]LogInit: FAudioDevice initialized.
[2018.02.08-20.21.39:714][  0]LogDerivedDataCache: Saved boot cache 0.26s 93MB C:/Users/m.ingargiola21/AppData/Local/UnrealEngine/4.17/DerivedDataCache/Boot.ddc.
[2018.02.08-20.21.39:752][  0]LogInit: Texture streaming: Enabled
[2018.02.08-20.21.40:324][  0]LogEngineSessionManager: EngineSessionManager initialized
[2018.02.08-20.21.41:416][  0]LogInit: Transaction tracking system initialized
[2018.02.08-20.21.42:929][  0]BlueprintLog: New page: Editor Load
[2018.02.08-20.21.46:672][  0]LocalizationService: Localization service is disabled
[2018.02.08-20.21.50:116][  0]LogConsoleResponse: Display: 
[2018.02.08-20.21.50:482][  0]LogCook: Display: Max memory allowance for cook 16384mb min free memory 0mb
[2018.02.08-20.21.50:483][  0]LogCook: Display: Mobile HDR setting 1
[2018.02.08-20.21.50:483][  0]LogGameplayTags: Display: UGameplayTagsManager::DoneAddingNativeTags. DelegateIsBound: 0
[2018.02.08-20.21.51:369][  0]LogFileCache: Scanning file cache for directory 'C:/Columbia/Unreal Fun/repos/netflix-boredom/FPS_NetflixBoredom/Content/' took 0.03s
[2018.02.08-20.21.55:380][  0]SourceControl: Source control is disabled
[2018.02.08-20.21.55:381][  0]Cmd: MAP LOAD FILE="../../../../../../Columbia/Unreal Fun/repos/netflix-boredom/FPS_NetflixBoredom/Content/FirstPersonBP/Maps/FirstPersonExampleMap.umap" TEMPLATE=0 SHOWPROGRESS=1 FEATURELEVEL=3
[2018.02.08-20.21.55:383][  0]LightingResults: New page: Lighting Build
[2018.02.08-20.21.55:627][  0]MapCheck: New page: Map Check
[2018.02.08-20.21.55:627][  0]LightingResults: New page: Lighting Build
[2018.02.08-20.21.56:928][  0]LogAIModule: Creating AISystem for world FirstPersonExampleMap
[2018.02.08-20.21.56:971][  0]LogEditorServer: Finished looking for orphan Actors (0.000 secs)
[2018.02.08-20.21.57:018][  0]Cmd: MAP CHECKDEP NOCLEARLOG
[2018.02.08-20.21.57:191][  0]MapCheck: Map check complete: 0 Error(s), 0 Warning(s), took 172.728ms to complete.
[2018.02.08-20.21.57:192][  0]LogFileHelpers: Loading map 'FirstPersonExampleMap' took 1.810
[2018.02.08-20.21.57:786][  0]LogCollectionManager: Loaded 0 collections in 0.010901 seconds
[2018.02.08-20.21.58:126][  0]LogFileCache: Scanning file cache for directory 'C:/Columbia/Unreal Fun/repos/netflix-boredom/FPS_NetflixBoredom/Saved/Collections/' took 0.01s
[2018.02.08-20.21.58:126][  0]LogFileCache: Scanning file cache for directory 'C:/Columbia/Unreal Fun/repos/netflix-boredom/FPS_NetflixBoredom/Content/Developers/mingargiola21/Collections/' took 0.01s
[2018.02.08-20.21.58:126][  0]LogFileCache: Scanning file cache for directory 'C:/Columbia/Unreal Fun/repos/netflix-boredom/FPS_NetflixBoredom/Content/Collections/' took 0.01s
[2018.02.08-20.21.58:126][  0]LogCollectionManager: Rebuilt the GUID cache for 0 collections in 0.000001 seconds
[2018.02.08-20.21.58:147][  0]LogContentBrowser: Native class hierarchy populated in 0.0208 seconds. Added 2386 classes and 500 folders.
[2018.02.08-20.21.58:306][  0]LogContentBrowser: Native class hierarchy updated for 'WidgetCarousel' in 0.0009 seconds. Added 0 classes and 0 folders.
[2018.02.08-20.21.58:427][  0]LogContentBrowser: Native class hierarchy updated for 'AddContentDialog' in 0.0019 seconds. Added 0 classes and 0 folders.
[2018.02.08-20.21.58:610][  0]LogContentBrowser: Native class hierarchy updated for 'SceneOutliner' in 0.0018 seconds. Added 1 classes and 2 folders.
[2018.02.08-20.21.58:671][  0]LogSlate: Took 0.000388 seconds to synchronously load lazily loaded font '../../../Engine/Content/Slate/Fonts/Roboto-Regular.ttf' (155K)
[2018.02.08-20.21.58:677][  0]LogSlate: Took 0.000500 seconds to synchronously load lazily loaded font '../../../Engine/Content/Slate/Fonts/Roboto-Bold.ttf' (160K)
[2018.02.08-20.21.58:687][  0]LogSlate: Took 0.000387 seconds to synchronously load lazily loaded font '../../../Engine/Content/Editor/Slate/Fonts/FontAwesome.ttf' (139K)
[2018.02.08-20.21.58:974][  0]LogRenderer: Reallocating scene render targets to support 1316x544 Format 10 NumSamples 1 (Frame:1).
[2018.02.08-20.21.59:523][  0]LogContentBrowser: Native class hierarchy updated for 'HierarchicalLODOutliner' in 0.0020 seconds. Added 1 classes and 2 folders.
[2018.02.08-20.21.59:523][  0]LogLoad: (Engine Initialization) Total time: 57.78 seconds
[2018.02.08-20.21.59:523][  0]LogLoad: (Engine Initialization) Total Blueprint compile time: 0.00 seconds
[2018.02.08-20.21.59:524][  0]LogExternalProfiler: Found external profiler: VSPerf
[2018.02.08-20.21.59:524][  0]LogExternalProfiler: Using external profiler: VSPerf
[2018.02.08-20.21.59:541][  0]LogWindowsTextInputMethodSystem: Display: IME system now deactivated.
[2018.02.08-20.21.59:573][  0]LogContentStreaming: Texture pool size now 1000 MB
[2018.02.08-20.21.59:989][  3]LogAssetRegistry: Asset discovery search completed in 44.5289 seconds
[2018.02.08-20.21.59:996][  3]LogCollectionManager: Rebuilt the object cache for 0 collections in 0.000001 seconds (found 0 objects)
[2018.02.08-20.21.59:997][  3]LogCollectionManager: Fixed up redirectors for 0 collections in 0.000179 seconds (updated 0 objects)
[2018.02.08-20.22.19:338][456]LogEditorViewport: Clicking on Actor (LMB): StaticMeshActor (Ground_Half_Length11)
[2018.02.08-20.22.27:541][807]Cmd: MODE GRID=0
[2018.02.08-20.22.34:645][116]Cmd: TRANSACTION UNDO
[2018.02.08-20.22.34:645][116]LogEditorTransaction: Undo Move Actors
[2018.02.08-20.22.34:687][116]LogSlate: Took 0.000561 seconds to synchronously load lazily loaded font '../../../Engine/Content/Slate/Fonts/Roboto-Light.ttf' (159K)
[2018.02.08-20.22.34:952][122]Cmd: TRANSACTION UNDO
[2018.02.08-20.22.34:953][122]LogEditorTransaction: Undo Move Actors
[2018.02.08-20.22.39:285][307]LogEditorViewport: Clicking on Actor (LMB): StaticMeshActor (Curved_Ground_Quarter4)
[2018.02.08-20.22.41:223][390]LogEditorViewport: Clicking on Actor (LMB): StaticMeshActor (Ground_Half_Length11)
[2018.02.08-20.22.43:608][493]Cmd: MODE GRID=1
[2018.02.08-20.22.55:144][  0]Cmd: MODE GRID=0
[2018.02.08-20.22.56:128][ 44]LogEditorViewport: Clicking on Actor (LMB): StaticMeshActor (Ground_Half_Length11)
[2018.02.08-20.23.02:993][347]Cmd: TRANSACTION UNDO
[2018.02.08-20.23.02:993][347]LogEditorTransaction: Undo Move Actors
[2018.02.08-20.23.05:465][447]Cmd: MODE GRID=1
[2018.02.08-20.23.08:734][589]LogEditorViewport: Clicking on Actor (LMB): StaticMeshActor (Ground_Half_Length11)
[2018.02.08-20.23.10:009][645]LogEditorViewport: Clicking on Actor (LMB): BP_Sky_Sphere_C (SkySphereBlueprint)
[2018.02.08-20.24.43:700][575]LogEditorViewport: Clicking on Actor (LMB): StaticMeshActor (Ground_Full3)
[2018.02.08-20.24.48:509][786]LogEditorViewport: Clicking on Actor (LMB): BP_Sky_Sphere_C (SkySphereBlueprint)
[2018.02.08-20.25.39:105][938]LogEditorViewport: Clicking on Actor (LMB): StaticMeshActor (Curved_Ground_Quarter2)
[2018.02.08-20.25.41:902][ 55]LogEditorViewport: Clicking on Actor (LMB): StaticMeshActor (Ground_Half_Length6)
[2018.02.08-20.25.47:429][302]LogEditorViewport: Clicking on Actor (LMB): StaticMeshActor (Curved_Ground_Quarter2)
[2018.02.08-20.25.49:531][392]LogEditorViewport: Clicking on Actor (LMB): StaticMeshActor (Curved_Ground_Quarter3)
[2018.02.08-20.26.38:457][712]LogEditorViewport: Clicking on Actor (LMB): StaticMeshActor (Ground_Half_Length12)
[2018.02.08-20.26.39:843][768]LogEditorViewport: Clicking on Actor (LMB): StaticMeshActor (Ground_Half_Length11)
[2018.02.08-20.26.45:591][ 24]LogEditorViewport: Clicking on Actor (LMB): StaticMeshActor (Ground_Half_Length38)
[2018.02.08-20.26.47:151][ 87]LogEditorViewport: Clicking on Actor (LMB): StaticMeshActor (Ground_Half_Length39)
[2018.02.08-20.26.48:094][125]LogEditorViewport: Clicking on Actor (LMB): StaticMeshActor (Ground_Half_Length40)
[2018.02.08-20.26.48:966][159]LogEditorViewport: Clicking on Actor (LMB): StaticMeshActor (Ground_Half_Length37)
[2018.02.08-20.27.44:564][667]LogTemp: Repeating last play command: New Editor Window (PIE)
[2018.02.08-20.27.44:671][667]LogBlueprintUserMessages: Early PlayInEditor Detection: Level '/Game/FirstPersonBP/Maps/FirstPersonExampleMap.FirstPersonExampleMap:PersistentLevel' has LevelScriptBlueprint '/Game/FirstPersonBP/Maps/FirstPersonExampleMap.FirstPersonExampleMap:PersistentLevel.FirstPersonExampleMap' with GeneratedClass '/Game/FirstPersonBP/Maps/FirstPersonExampleMap.FirstPersonExampleMap_C' with ClassGeneratedBy '/Game/FirstPersonBP/Maps/FirstPersonExampleMap.FirstPersonExampleMap:PersistentLevel.FirstPersonExampleMap'
[2018.02.08-20.27.44:671][667]LogPlayLevel: PlayLevel: No blueprints needed recompiling
[2018.02.08-20.27.44:671][667]PIE: New page: PIE session: FirstPersonExampleMap (Feb 8, 2018, 8:27:44 AM)
[2018.02.08-20.27.44:672][667]LogPlayLevel: Creating play world package: /Game/FirstPersonBP/Maps/UEDPIE_0_FirstPersonExampleMap
[2018.02.08-20.27.44:694][667]LogPlayLevel: PIE: StaticDuplicateObject took: (0.022784s)
[2018.02.08-20.27.44:696][667]LogAIModule: Creating AISystem for world FirstPersonExampleMap
[2018.02.08-20.27.44:696][667]LogPlayLevel: PIE: World Init took: (0.001764s)
[2018.02.08-20.27.44:697][667]LogPlayLevel: PIE: Created PIE world by copying editor world from /Game/FirstPersonBP/Maps/FirstPersonExampleMap.FirstPersonExampleMap to /Game/FirstPersonBP/Maps/UEDPIE_0_FirstPersonExampleMap.FirstPersonExampleMap (0.025226s)
[2018.02.08-20.27.44:716][667]LogInit: XAudio2 using 'Speakers/Headphones (Realtek High Definition Audio)' : 2 channels at 48 kHz using 32 bits per sample (channel mask 0x3)
[2018.02.08-20.27.44:738][667]LogInit: FAudioDevice initialized.
[2018.02.08-20.27.44:807][667]LogLoad: Game class is 'FirstPersonGameMode_C'
[2018.02.08-20.27.44:830][667]LogWorld: Bringing World /Game/FirstPersonBP/Maps/UEDPIE_0_FirstPersonExampleMap.FirstPersonExampleMap up for play (max tick rate 0) at 2018.02.08-14.27.44
[2018.02.08-20.27.44:832][667]LogWorld: Bringing up level for play took: 0.017762
[2018.02.08-20.27.44:978][667]LogContentBrowser: Native class hierarchy updated for 'MovieSceneCapture' in 0.0010 seconds. Added 11 classes and 0 folders.
[2018.02.08-20.27.44:985][667]PIE: Play in editor start time for /Game/FirstPersonBP/Maps/UEDPIE_0_FirstPersonExampleMap -0.08
[2018.02.08-20.27.44:985][667]LogBlueprintUserMessages: Late PlayInEditor Detection: Level '/Game/FirstPersonBP/Maps/FirstPersonExampleMap.FirstPersonExampleMap:PersistentLevel' has LevelScriptBlueprint '/Game/FirstPersonBP/Maps/FirstPersonExampleMap.FirstPersonExampleMap:PersistentLevel.FirstPersonExampleMap' with GeneratedClass '/Game/FirstPersonBP/Maps/FirstPersonExampleMap.FirstPersonExampleMap_C' with ClassGeneratedBy '/Game/FirstPersonBP/Maps/FirstPersonExampleMap.FirstPersonExampleMap:PersistentLevel.FirstPersonExampleMap'
[2018.02.08-20.27.45:044][667]LogRenderer: Reallocating scene render targets to support 1316x756 Format 10 NumSamples 1 (Frame:1).
[2018.02.08-20.28.10:760][607]LogBlueprintUserMessages: Early EndPlayMap Detection: Level '/Game/FirstPersonBP/Maps/FirstPersonExampleMap.FirstPersonExampleMap:PersistentLevel' has LevelScriptBlueprint '/Game/FirstPersonBP/Maps/FirstPersonExampleMap.FirstPersonExampleMap:PersistentLevel.FirstPersonExampleMap' with GeneratedClass '/Game/FirstPersonBP/Maps/FirstPersonExampleMap.FirstPersonExampleMap_C' with ClassGeneratedBy '/Game/FirstPersonBP/Maps/FirstPersonExampleMap.FirstPersonExampleMap:PersistentLevel.FirstPersonExampleMap'
[2018.02.08-20.28.10:867][607]LogBlueprintUserMessages: Late EndPlayMap Detection: Level '/Game/FirstPersonBP/Maps/FirstPersonExampleMap.FirstPersonExampleMap:PersistentLevel' has LevelScriptBlueprint '/Game/FirstPersonBP/Maps/FirstPersonExampleMap.FirstPersonExampleMap:PersistentLevel.FirstPersonExampleMap' with GeneratedClass '/Game/FirstPersonBP/Maps/FirstPersonExampleMap.FirstPersonExampleMap_C' with ClassGeneratedBy '/Game/FirstPersonBP/Maps/FirstPersonExampleMap.FirstPersonExampleMap:PersistentLevel.FirstPersonExampleMap'
[2018.02.08-20.29.36:043][ 23]LogEditorViewport: Clicking on Actor (LMB): StaticMeshActor (Ground_Half_Length28)
[2018.02.08-20.30.08:592][355]LogTemp: Repeating last play command: New Editor Window (PIE)
[2018.02.08-20.30.08:610][355]LogBlueprintUserMessages: Early PlayInEditor Detection: Level '/Game/FirstPersonBP/Maps/FirstPersonExampleMap.FirstPersonExampleMap:PersistentLevel' has LevelScriptBlueprint '/Game/FirstPersonBP/Maps/FirstPersonExampleMap.FirstPersonExampleMap:PersistentLevel.FirstPersonExampleMap' with GeneratedClass '/Game/FirstPersonBP/Maps/FirstPersonExampleMap.FirstPersonExampleMap_C' with ClassGeneratedBy '/Game/FirstPersonBP/Maps/FirstPersonExampleMap.FirstPersonExampleMap:PersistentLevel.FirstPersonExampleMap'
[2018.02.08-20.30.08:610][355]LogPlayLevel: PlayLevel: No blueprints needed recompiling
[2018.02.08-20.30.08:610][355]PIE: New page: PIE session: FirstPersonExampleMap (Feb 8, 2018, 8:30:08 AM)
[2018.02.08-20.30.08:611][355]LogPlayLevel: Creating play world package: /Game/FirstPersonBP/Maps/UEDPIE_0_FirstPersonExampleMap
[2018.02.08-20.30.08:631][355]LogPlayLevel: PIE: StaticDuplicateObject took: (0.020190s)
[2018.02.08-20.30.08:632][355]LogAIModule: Creating AISystem for world FirstPersonExampleMap
[2018.02.08-20.30.08:632][355]LogPlayLevel: PIE: World Init took: (0.001045s)
[2018.02.08-20.30.08:632][355]LogPlayLevel: PIE: Created PIE world by copying editor world from /Game/FirstPersonBP/Maps/FirstPersonExampleMap.FirstPersonExampleMap to /Game/FirstPersonBP/Maps/UEDPIE_0_FirstPersonExampleMap.FirstPersonExampleMap (0.021680s)
[2018.02.08-20.30.08:649][355]LogInit: XAudio2 using 'Speakers/Headphones (Realtek High Definition Audio)' : 2 channels at 48 kHz using 32 bits per sample (channel mask 0x3)
[2018.02.08-20.30.08:669][355]LogInit: FAudioDevice initialized.
[2018.02.08-20.30.08:719][355]LogLoad: Game class is 'FirstPersonGameMode_C'
[2018.02.08-20.30.08:724][355]LogWorld: Bringing World /Game/FirstPersonBP/Maps/UEDPIE_0_FirstPersonExampleMap.FirstPersonExampleMap up for play (max tick rate 0) at 2018.02.08-14.30.08
[2018.02.08-20.30.08:725][355]LogWorld: Bringing up level for play took: 0.004906
[2018.02.08-20.30.08:731][355]PIE: Play in editor start time for /Game/FirstPersonBP/Maps/UEDPIE_0_FirstPersonExampleMap -0.334
[2018.02.08-20.30.08:731][355]LogBlueprintUserMessages: Late PlayInEditor Detection: Level '/Game/FirstPersonBP/Maps/FirstPersonExampleMap.FirstPersonExampleMap:PersistentLevel' has LevelScriptBlueprint '/Game/FirstPersonBP/Maps/FirstPersonExampleMap.FirstPersonExampleMap:PersistentLevel.FirstPersonExampleMap' with GeneratedClass '/Game/FirstPersonBP/Maps/FirstPersonExampleMap.FirstPersonExampleMap_C' with ClassGeneratedBy '/Game/FirstPersonBP/Maps/FirstPersonExampleMap.FirstPersonExampleMap:PersistentLevel.FirstPersonExampleMap'
[2018.02.08-20.30.16:383][620]LogBlueprintUserMessages: Early EndPlayMap Detection: Level '/Game/FirstPersonBP/Maps/FirstPersonExampleMap.FirstPersonExampleMap:PersistentLevel' has LevelScriptBlueprint '/Game/FirstPersonBP/Maps/FirstPersonExampleMap.FirstPersonExampleMap:PersistentLevel.FirstPersonExampleMap' with GeneratedClass '/Game/FirstPersonBP/Maps/FirstPersonExampleMap.FirstPersonExampleMap_C' with ClassGeneratedBy '/Game/FirstPersonBP/Maps/FirstPersonExampleMap.FirstPersonExampleMap:PersistentLevel.FirstPersonExampleMap'
[2018.02.08-20.30.16:444][620]LogBlueprintUserMessages: Late EndPlayMap Detection: Level '/Game/FirstPersonBP/Maps/FirstPersonExampleMap.FirstPersonExampleMap:PersistentLevel' has LevelScriptBlueprint '/Game/FirstPersonBP/Maps/FirstPersonExampleMap.FirstPersonExampleMap:PersistentLevel.FirstPersonExampleMap' with GeneratedClass '/Game/FirstPersonBP/Maps/FirstPersonExampleMap.FirstPersonExampleMap_C' with ClassGeneratedBy '/Game/FirstPersonBP/Maps/FirstPersonExampleMap.FirstPersonExampleMap:PersistentLevel.FirstPersonExampleMap'
[2018.02.08-20.30.25:952][997]LogTemp: Repeating last play command: New Editor Window (PIE)
[2018.02.08-20.30.25:969][997]LogBlueprintUserMessages: Early PlayInEditor Detection: Level '/Game/FirstPersonBP/Maps/FirstPersonExampleMap.FirstPersonExampleMap:PersistentLevel' has LevelScriptBlueprint '/Game/FirstPersonBP/Maps/FirstPersonExampleMap.FirstPersonExampleMap:PersistentLevel.FirstPersonExampleMap' with GeneratedClass '/Game/FirstPersonBP/Maps/FirstPersonExampleMap.FirstPersonExampleMap_C' with ClassGeneratedBy '/Game/FirstPersonBP/Maps/FirstPersonExampleMap.FirstPersonExampleMap:PersistentLevel.FirstPersonExampleMap'
[2018.02.08-20.30.25:969][997]LogPlayLevel: PlayLevel: No blueprints needed recompiling
[2018.02.08-20.30.25:970][997]PIE: New page: PIE session: FirstPersonExampleMap (Feb 8, 2018, 8:30:25 AM)
[2018.02.08-20.30.25:970][997]LogPlayLevel: Creating play world package: /Game/FirstPersonBP/Maps/UEDPIE_0_FirstPersonExampleMap
[2018.02.08-20.30.25:990][997]LogPlayLevel: PIE: StaticDuplicateObject took: (0.020443s)
[2018.02.08-20.30.25:991][997]LogAIModule: Creating AISystem for world FirstPersonExampleMap
[2018.02.08-20.30.25:991][997]LogPlayLevel: PIE: World Init took: (0.000969s)
[2018.02.08-20.30.25:991][997]LogPlayLevel: PIE: Created PIE world by copying editor world from /Game/FirstPersonBP/Maps/FirstPersonExampleMap.FirstPersonExampleMap to /Game/FirstPersonBP/Maps/UEDPIE_0_FirstPersonExampleMap.FirstPersonExampleMap (0.021800s)
[2018.02.08-20.30.26:008][997]LogInit: XAudio2 using 'Speakers/Headphones (Realtek High Definition Audio)' : 2 channels at 48 kHz using 32 bits per sample (channel mask 0x3)
[2018.02.08-20.30.26:026][997]LogInit: FAudioDevice initialized.
[2018.02.08-20.30.26:085][997]LogLoad: Game class is 'FirstPersonGameMode_C'
[2018.02.08-20.30.26:101][997]LogWorld: Bringing World /Game/FirstPersonBP/Maps/UEDPIE_0_FirstPersonExampleMap.FirstPersonExampleMap up for play (max tick rate 0) at 2018.02.08-14.30.26
[2018.02.08-20.30.26:102][997]LogWorld: Bringing up level for play took: 0.014315
[2018.02.08-20.30.26:113][997]PIE: Play in editor start time for /Game/FirstPersonBP/Maps/UEDPIE_0_FirstPersonExampleMap 1.049
[2018.02.08-20.30.26:114][997]LogBlueprintUserMessages: Late PlayInEditor Detection: Level '/Game/FirstPersonBP/Maps/FirstPersonExampleMap.FirstPersonExampleMap:PersistentLevel' has LevelScriptBlueprint '/Game/FirstPersonBP/Maps/FirstPersonExampleMap.FirstPersonExampleMap:PersistentLevel.FirstPersonExampleMap' with GeneratedClass '/Game/FirstPersonBP/Maps/FirstPersonExampleMap.FirstPersonExampleMap_C' with ClassGeneratedBy '/Game/FirstPersonBP/Maps/FirstPersonExampleMap.FirstPersonExampleMap:PersistentLevel.FirstPersonExampleMap'
[2018.02.08-20.32.02:355][524]LogBlueprintUserMessages: Early EndPlayMap Detection: Level '/Game/FirstPersonBP/Maps/FirstPersonExampleMap.FirstPersonExampleMap:PersistentLevel' has LevelScriptBlueprint '/Game/FirstPersonBP/Maps/FirstPersonExampleMap.FirstPersonExampleMap:PersistentLevel.FirstPersonExampleMap' with GeneratedClass '/Game/FirstPersonBP/Maps/FirstPersonExampleMap.FirstPersonExampleMap_C' with ClassGeneratedBy '/Game/FirstPersonBP/Maps/FirstPersonExampleMap.FirstPersonExampleMap:PersistentLevel.FirstPersonExampleMap'
[2018.02.08-20.32.02:473][524]LogBlueprintUserMessages: Late EndPlayMap Detection: Level '/Game/FirstPersonBP/Maps/FirstPersonExampleMap.FirstPersonExampleMap:PersistentLevel' has LevelScriptBlueprint '/Game/FirstPersonBP/Maps/FirstPersonExampleMap.FirstPersonExampleMap:PersistentLevel.FirstPersonExampleMap' with GeneratedClass '/Game/FirstPersonBP/Maps/FirstPersonExampleMap.FirstPersonExampleMap_C' with ClassGeneratedBy '/Game/FirstPersonBP/Maps/FirstPersonExampleMap.FirstPersonExampleMap:PersistentLevel.FirstPersonExampleMap'
[2018.02.08-20.32.27:308][354]LogActorFactory: Actor Factory created Wall_Full
[2018.02.08-20.32.29:777][438]LogActorFactory: Actor Factory created Wall_Full
[2018.02.08-20.32.34:452][620]LogTemp: Repeating last play command: New Editor Window (PIE)
[2018.02.08-20.32.34:470][620]LogBlueprintUserMessages: Early PlayInEditor Detection: Level '/Game/FirstPersonBP/Maps/FirstPersonExampleMap.FirstPersonExampleMap:PersistentLevel' has LevelScriptBlueprint '/Game/FirstPersonBP/Maps/FirstPersonExampleMap.FirstPersonExampleMap:PersistentLevel.FirstPersonExampleMap' with GeneratedClass '/Game/FirstPersonBP/Maps/FirstPersonExampleMap.FirstPersonExampleMap_C' with ClassGeneratedBy '/Game/FirstPersonBP/Maps/FirstPersonExampleMap.FirstPersonExampleMap:PersistentLevel.FirstPersonExampleMap'
[2018.02.08-20.32.34:470][620]LogPlayLevel: PlayLevel: No blueprints needed recompiling
[2018.02.08-20.32.34:470][620]PIE: New page: PIE session: FirstPersonExampleMap (Feb 8, 2018, 8:32:34 AM)
[2018.02.08-20.32.34:470][620]LogPlayLevel: Creating play world package: /Game/FirstPersonBP/Maps/UEDPIE_0_FirstPersonExampleMap
[2018.02.08-20.32.34:492][620]LogPlayLevel: PIE: StaticDuplicateObject took: (0.021311s)
[2018.02.08-20.32.34:493][620]LogAIModule: Creating AISystem for world FirstPersonExampleMap
[2018.02.08-20.32.34:493][620]LogPlayLevel: PIE: World Init took: (0.001295s)
[2018.02.08-20.32.34:493][620]LogPlayLevel: PIE: Created PIE world by copying editor world from /Game/FirstPersonBP/Maps/FirstPersonExampleMap.FirstPersonExampleMap to /Game/FirstPersonBP/Maps/UEDPIE_0_FirstPersonExampleMap.FirstPersonExampleMap (0.023035s)
[2018.02.08-20.32.34:522][620]LogInit: XAudio2 using 'Speakers/Headphones (Realtek High Definition Audio)' : 2 channels at 48 kHz using 32 bits per sample (channel mask 0x3)
[2018.02.08-20.32.34:540][620]LogInit: FAudioDevice initialized.
[2018.02.08-20.32.34:593][620]LogLoad: Game class is 'FirstPersonGameMode_C'
[2018.02.08-20.32.34:600][620]LogWorld: Bringing World /Game/FirstPersonBP/Maps/UEDPIE_0_FirstPersonExampleMap.FirstPersonExampleMap up for play (max tick rate 0) at 2018.02.08-14.32.34
[2018.02.08-20.32.34:600][620]LogWorld: Bringing up level for play took: 0.006075
[2018.02.08-20.32.34:606][620]PIE: Play in editor start time for /Game/FirstPersonBP/Maps/UEDPIE_0_FirstPersonExampleMap -0.458
[2018.02.08-20.32.34:607][620]LogBlueprintUserMessages: Late PlayInEditor Detection: Level '/Game/FirstPersonBP/Maps/FirstPersonExampleMap.FirstPersonExampleMap:PersistentLevel' has LevelScriptBlueprint '/Game/FirstPersonBP/Maps/FirstPersonExampleMap.FirstPersonExampleMap:PersistentLevel.FirstPersonExampleMap' with GeneratedClass '/Game/FirstPersonBP/Maps/FirstPersonExampleMap.FirstPersonExampleMap_C' with ClassGeneratedBy '/Game/FirstPersonBP/Maps/FirstPersonExampleMap.FirstPersonExampleMap:PersistentLevel.FirstPersonExampleMap'
[2018.02.08-20.33.16:958][149]LogBlueprintUserMessages: Early EndPlayMap Detection: Level '/Game/FirstPersonBP/Maps/FirstPersonExampleMap.FirstPersonExampleMap:PersistentLevel' has LevelScriptBlueprint '/Game/FirstPersonBP/Maps/FirstPersonExampleMap.FirstPersonExampleMap:PersistentLevel.FirstPersonExampleMap' with GeneratedClass '/Game/FirstPersonBP/Maps/FirstPersonExampleMap.FirstPersonExampleMap_C' with ClassGeneratedBy '/Game/FirstPersonBP/Maps/FirstPersonExampleMap.FirstPersonExampleMap:PersistentLevel.FirstPersonExampleMap'
[2018.02.08-20.33.17:046][149]LogBlueprintUserMessages: Late EndPlayMap Detection: Level '/Game/FirstPersonBP/Maps/FirstPersonExampleMap.FirstPersonExampleMap:PersistentLevel' has LevelScriptBlueprint '/Game/FirstPersonBP/Maps/FirstPersonExampleMap.FirstPersonExampleMap:PersistentLevel.FirstPersonExampleMap' with GeneratedClass '/Game/FirstPersonBP/Maps/FirstPersonExampleMap.FirstPersonExampleMap_C' with ClassGeneratedBy '/Game/FirstPersonBP/Maps/FirstPersonExampleMap.FirstPersonExampleMap:PersistentLevel.FirstPersonExampleMap'
[2018.02.08-20.33.18:100][192]LogTemp: Repeating last play command: New Editor Window (PIE)
[2018.02.08-20.33.18:118][192]LogBlueprintUserMessages: Early PlayInEditor Detection: Level '/Game/FirstPersonBP/Maps/FirstPersonExampleMap.FirstPersonExampleMap:PersistentLevel' has LevelScriptBlueprint '/Game/FirstPersonBP/Maps/FirstPersonExampleMap.FirstPersonExampleMap:PersistentLevel.FirstPersonExampleMap' with GeneratedClass '/Game/FirstPersonBP/Maps/FirstPersonExampleMap.FirstPersonExampleMap_C' with ClassGeneratedBy '/Game/FirstPersonBP/Maps/FirstPersonExampleMap.FirstPersonExampleMap:PersistentLevel.FirstPersonExampleMap'
[2018.02.08-20.33.18:118][192]LogPlayLevel: PlayLevel: No blueprints needed recompiling
[2018.02.08-20.33.18:118][192]PIE: New page: PIE session: FirstPersonExampleMap (Feb 8, 2018, 8:33:18 AM)
[2018.02.08-20.33.18:118][192]LogPlayLevel: Creating play world package: /Game/FirstPersonBP/Maps/UEDPIE_0_FirstPersonExampleMap
[2018.02.08-20.33.18:138][192]LogPlayLevel: PIE: StaticDuplicateObject took: (0.020325s)
[2018.02.08-20.33.18:139][192]LogAIModule: Creating AISystem for world FirstPersonExampleMap
[2018.02.08-20.33.18:139][192]LogPlayLevel: PIE: World Init took: (0.001028s)
[2018.02.08-20.33.18:140][192]LogPlayLevel: PIE: Created PIE world by copying editor world from /Game/FirstPersonBP/Maps/FirstPersonExampleMap.FirstPersonExampleMap to /Game/FirstPersonBP/Maps/UEDPIE_0_FirstPersonExampleMap.FirstPersonExampleMap (0.021759s)
[2018.02.08-20.33.18:157][192]LogInit: XAudio2 using 'Speakers/Headphones (Realtek High Definition Audio)' : 2 channels at 48 kHz using 32 bits per sample (channel mask 0x3)
[2018.02.08-20.33.18:176][192]LogInit: FAudioDevice initialized.
[2018.02.08-20.33.18:229][192]LogLoad: Game class is 'FirstPersonGameMode_C'
[2018.02.08-20.33.18:235][192]LogWorld: Bringing World /Game/FirstPersonBP/Maps/UEDPIE_0_FirstPersonExampleMap.FirstPersonExampleMap up for play (max tick rate 0) at 2018.02.08-14.33.18
[2018.02.08-20.33.18:236][192]LogWorld: Bringing up level for play took: 0.005715
[2018.02.08-20.33.18:241][192]PIE: Play in editor start time for /Game/FirstPersonBP/Maps/UEDPIE_0_FirstPersonExampleMap -0.823
[2018.02.08-20.33.18:242][192]LogBlueprintUserMessages: Late PlayInEditor Detection: Level '/Game/FirstPersonBP/Maps/FirstPersonExampleMap.FirstPersonExampleMap:PersistentLevel' has LevelScriptBlueprint '/Game/FirstPersonBP/Maps/FirstPersonExampleMap.FirstPersonExampleMap:PersistentLevel.FirstPersonExampleMap' with GeneratedClass '/Game/FirstPersonBP/Maps/FirstPersonExampleMap.FirstPersonExampleMap_C' with ClassGeneratedBy '/Game/FirstPersonBP/Maps/FirstPersonExampleMap.FirstPersonExampleMap:PersistentLevel.FirstPersonExampleMap'
[2018.02.08-20.35.34:913][283]LogBlueprintUserMessages: Early EndPlayMap Detection: Level '/Game/FirstPersonBP/Maps/FirstPersonExampleMap.FirstPersonExampleMap:PersistentLevel' has LevelScriptBlueprint '/Game/FirstPersonBP/Maps/FirstPersonExampleMap.FirstPersonExampleMap:PersistentLevel.FirstPersonExampleMap' with GeneratedClass '/Game/FirstPersonBP/Maps/FirstPersonExampleMap.FirstPersonExampleMap_C' with ClassGeneratedBy '/Game/FirstPersonBP/Maps/FirstPersonExampleMap.FirstPersonExampleMap:PersistentLevel.FirstPersonExampleMap'
[2018.02.08-20.35.35:026][283]LogBlueprintUserMessages: Late EndPlayMap Detection: Level '/Game/FirstPersonBP/Maps/FirstPersonExampleMap.FirstPersonExampleMap:PersistentLevel' has LevelScriptBlueprint '/Game/FirstPersonBP/Maps/FirstPersonExampleMap.FirstPersonExampleMap:PersistentLevel.FirstPersonExampleMap' with GeneratedClass '/Game/FirstPersonBP/Maps/FirstPersonExampleMap.FirstPersonExampleMap_C' with ClassGeneratedBy '/Game/FirstPersonBP/Maps/FirstPersonExampleMap.FirstPersonExampleMap:PersistentLevel.FirstPersonExampleMap'
[2018.02.08-23.36.17:281][440]LogSlate: Took 0.000228 seconds to synchronously load lazily loaded font '../../../Engine/Content/Slate/Fonts/Roboto-Light.ttf' (159K)
[2018.02.08-23.36.17:506][440]LogSavePackage: Save=174.13ms
[2018.02.08-23.36.17:506][440]LogSavePackage: Moving '../../../../../../Columbia/Unreal Fun/repos/netflix-boredom/FPS_NetflixBoredom/Saved/FirstPersonExampleMap_Auto1069EF3D74B2D6BD7B4F10B8EB7B30B18.tmp' to '../../../../../../Columbia/Unreal Fun/repos/netflix-boredom/FPS_NetflixBoredom/Saved/Autosaves/Game/FirstPersonBP/Maps/FirstPersonExampleMap_Auto1.umap'
[2018.02.08-23.36.17:509][440]LogSavePackage: Display: Finished SavePackage ../../../../../../Columbia/Unreal Fun/repos/netflix-boredom/FPS_NetflixBoredom/Saved/Autosaves/Game/FirstPersonBP/Maps/FirstPersonExampleMap_Auto1.umap
[2018.02.08-23.36.17:517][440]LogFileHelpers: Editor autosave (incl. sublevels) for '/Game/FirstPersonBP/Maps/FirstPersonExampleMap' took 0.218
[2018.02.08-23.36.17:517][440]LogFileHelpers: Editor autosave (incl. sublevels) for all levels took 0.218
[2018.02.08-23.36.26:282][468]LogHttp: Warning: 000001DB8FA67B80: request failed, libcurl error: 6 (Couldn't resolve host name)
[2018.02.08-23.36.26:282][468]LogHttp: Warning: 000001DB8FA67B80: libcurl info message cache 0 (Found bundle for host datarouter.ol.epicgames.com: 0x1db947ebfb8 [can pipeline])
[2018.02.08-23.36.26:282][468]LogHttp: Warning: 000001DB8FA67B80: libcurl info message cache 1 (Re-using existing connection! (#5) with host datarouter.ol.epicgames.com)
[2018.02.08-23.36.26:282][468]LogHttp: Warning: 000001DB8FA67B80: libcurl info message cache 2 (Connected to datarouter.ol.epicgames.com (34.227.156.40) port 443 (#5))
[2018.02.08-23.36.26:282][468]LogHttp: Warning: 000001DB8FA67B80: libcurl info message cache 3 (SSL read: error:00000000:lib(0):func(0):reason(0), errno 10054)
[2018.02.08-23.36.26:282][468]LogHttp: Warning: 000001DB8FA67B80: libcurl info message cache 4 (Connection died, retrying a fresh connect)
[2018.02.08-23.36.26:282][468]LogHttp: Warning: 000001DB8FA67B80: libcurl info message cache 5 (Closing connection 5)
[2018.02.08-23.36.26:282][468]LogHttp: Warning: 000001DB8FA67B80: libcurl info message cache 6 (Issue another request to this URL: 'https://datarouter.ol.epicgames.com/datarouter/api/v1/public/data?SessionID=%7B7248161E-4DDF-E173-9BF1-3C9992631DD3%7D&AppID=UEEditor.Rocket.Release&AppVersion=4.17.1-3586342%2B%2B%2BUE4%2BRelease-4.17&UserID=84dfc17b4e9f31e909ddc1b318eebdea%7Cc3fdeb3d8bcd4097a4768718e05c9cf8%7C53216c03-6ce2-4aa7-831b-9b13ed8ec1ec&AppEnvironment=datacollector-binary&UploadType=eteventstream')
[2018.02.08-23.36.26:282][468]LogHttp: Warning: 000001DB8FA67B80: libcurl info message cache 7 (Could not resolve host: datarouter.ol.epicgames.com)
[2018.02.08-23.36.26:282][468]LogHttp: Warning: 000001DB8FA67B80: libcurl info message cache 8 (Closing connection 6)
[2018.02.09-15.43.42:264][677]LogHttp: Warning: 000001DB83A3AF80: request failed, libcurl error: 6 (Couldn't resolve host name)
[2018.02.09-15.43.42:264][677]LogHttp: Warning: 000001DB83A3AF80: libcurl info message cache 0 (Could not resolve host: datarouter.ol.epicgames.com)
[2018.02.09-15.43.42:265][677]LogHttp: Warning: 000001DB83A3AF80: libcurl info message cache 1 (Closing connection 7)
[2018.02.09-15.44.23:321][142]LogSavePackage: Save=197.23ms
[2018.02.09-15.44.23:321][142]LogSavePackage: Moving '../../../../../../Columbia/Unreal Fun/repos/netflix-boredom/FPS_NetflixBoredom/Saved/FirstPersonExampleMap2D3EFA2E4D30D658EFF0D2B8F3E67CAE.tmp' to '../../../../../../Columbia/Unreal Fun/repos/netflix-boredom/FPS_NetflixBoredom/Content/FirstPersonBP/Maps/FirstPersonExampleMap.umap'
[2018.02.09-15.44.23:330][142]LogSavePackage: Display: Finished SavePackage ../../../../../../Columbia/Unreal Fun/repos/netflix-boredom/FPS_NetflixBoredom/Content/FirstPersonBP/Maps/FirstPersonExampleMap.umap
[2018.02.09-15.44.29:961][434]Cmd: QUIT_EDITOR
[2018.02.09-15.44.30:215][434]LogWindowsTextInputMethodSystem: Display: IME system now deactivated.
[2018.02.09-15.44.30:238][434]LogExit: Preparing to exit.
[2018.02.09-15.44.30:844][434]LogDirectoryWatcher: A directory notification for 'C:/Columbia/Unreal Fun/repos/netflix-boredom/FPS_NetflixBoredom/Content/' was aborted.
[2018.02.09-15.44.30:884][434]LogExit: Editor shut down
[2018.02.09-15.44.30:896][434]LogExit: Transaction tracking system shut down
[2018.02.09-15.44.31:067][434]LogDirectoryWatcher: A directory notification for '../../../Engine/Content/' was aborted.
[2018.02.09-15.44.31:067][434]LogDirectoryWatcher: A directory notification for '../../../../../../Columbia/Unreal Fun/repos/netflix-boredom/FPS_NetflixBoredom/Content/' was aborted.
[2018.02.09-15.44.31:067][434]LogDirectoryWatcher: A directory notification for '../../../Engine/Plugins/2D/Paper2D/Content/' was aborted.
[2018.02.09-15.44.31:067][434]LogDirectoryWatcher: A directory notification for '../../../Engine/Plugins/Runtime/Oculus/OculusVR/Content/' was aborted.
[2018.02.09-15.44.31:067][434]LogDirectoryWatcher: A directory notification for '../../../Engine/Plugins/Runtime/Steam/SteamVR/Content/' was aborted.
[2018.02.09-15.44.31:202][434]LogExit: Object subsystem successfully closed.
[2018.02.09-15.44.31:246][434]LogD3D11RHI: Shutdown
[2018.02.09-15.44.31:246][434]LogD3D11RHI: CleanupD3DDevice
[2018.02.09-15.44.31:403][434]LogD3D11RHI: ~FD3D11DynamicRHI
[2018.02.09-15.44.31:457][434]LogModuleManager: Shutting down and abandoning module MovieSceneCapture (532)
[2018.02.09-15.44.31:457][434]LogModuleManager: Shutting down and abandoning module HierarchicalLODOutliner (530)
[2018.02.09-15.44.31:457][434]LogModuleManager: Shutting down and abandoning module SceneOutliner (528)
[2018.02.09-15.44.31:457][434]LogModuleManager: Shutting down and abandoning module AddContentDialog (526)
[2018.02.09-15.44.31:458][434]LogDirectoryWatcher: A directory notification for 'C:/Program Files/Epic Games/UE_4.17/FeaturePacks/' was aborted.
[2018.02.09-15.44.31:459][434]LogModuleManager: Shutting down and abandoning module WidgetCarousel (525)
[2018.02.09-15.44.31:460][434]LogModuleManager: Shutting down and abandoning module EditorWidgets (522)
[2018.02.09-15.44.31:460][434]LogModuleManager: Shutting down and abandoning module CollectionManager (520)
[2018.02.09-15.44.31:460][434]LogDirectoryWatcher: A directory notification for 'C:/Columbia/Unreal Fun/repos/netflix-boredom/FPS_NetflixBoredom/Content/Collections/' was aborted.
[2018.02.09-15.44.31:460][434]LogDirectoryWatcher: A directory notification for 'C:/Columbia/Unreal Fun/repos/netflix-boredom/FPS_NetflixBoredom/Content/Developers/mingargiola21/Collections/' was aborted.
[2018.02.09-15.44.31:460][434]LogDirectoryWatcher: A directory notification for 'C:/Columbia/Unreal Fun/repos/netflix-boredom/FPS_NetflixBoredom/Saved/Collections/' was aborted.
[2018.02.09-15.44.31:460][434]LogModuleManager: Shutting down and abandoning module StatsViewer (518)
[2018.02.09-15.44.31:461][434]LogModuleManager: Shutting down and abandoning module FoliageEdit (516)
[2018.02.09-15.44.31:461][434]LogModuleManager: Shutting down and abandoning module LandscapeEditor (514)
[2018.02.09-15.44.31:462][434]LogModuleManager: Shutting down and abandoning module MeshPaintMode (512)
[2018.02.09-15.44.31:462][434]LogModuleManager: Shutting down and abandoning module SceneDepthPickerMode (510)
[2018.02.09-15.44.31:462][434]LogModuleManager: Shutting down and abandoning module ActorPickerMode (508)
[2018.02.09-15.44.31:462][434]LogModuleManager: Shutting down and abandoning module GeometryMode (506)
[2018.02.09-15.44.31:462][434]LogModuleManager: Shutting down and abandoning module TextureAlignMode (504)
[2018.02.09-15.44.31:462][434]LogModuleManager: Shutting down and abandoning module BspMode (502)
[2018.02.09-15.44.31:463][434]LogModuleManager: Shutting down and abandoning module PIEPreviewDeviceProfileSelector (500)
[2018.02.09-15.44.31:463][434]LogModuleManager: Shutting down and abandoning module HardwareSurvey (498)
[2018.02.09-15.44.31:463][434]LogModuleManager: Shutting down and abandoning module SequenceRecorderSections (496)
[2018.02.09-15.44.31:463][434]LogModuleManager: Shutting down and abandoning module AutomationWorker (494)
[2018.02.09-15.44.31:463][434]LogModuleManager: Shutting down and abandoning module MatineeToLevelSequence (492)
[2018.02.09-15.44.31:464][434]LogModuleManager: Shutting down and abandoning module LevelSequenceEditor (490)
[2018.02.09-15.44.31:467][434]LogModuleManager: Shutting down and abandoning module PlacementMode (489)
[2018.02.09-15.44.31:467][434]LogModuleManager: Shutting down and abandoning module WmfMediaFactory (486)
[2018.02.09-15.44.31:467][434]LogModuleManager: Shutting down and abandoning module WmfMediaEditor (484)
[2018.02.09-15.44.31:467][434]LogModuleManager: Shutting down and abandoning module AvfMediaFactory (482)
[2018.02.09-15.44.31:467][434]LogModuleManager: Shutting down and abandoning module AvfMediaEditor (480)
[2018.02.09-15.44.31:467][434]LogModuleManager: Shutting down and abandoning module AndroidMediaFactory (478)
[2018.02.09-15.44.31:467][434]LogModuleManager: Shutting down and abandoning module Media (477)
[2018.02.09-15.44.31:468][434]LogModuleManager: Shutting down and abandoning module AndroidMediaEditor (474)
[2018.02.09-15.44.31:468][434]LogModuleManager: Shutting down and abandoning module CharacterAI (472)
[2018.02.09-15.44.31:468][434]LogModuleManager: Shutting down and abandoning module AudioCapture (470)
[2018.02.09-15.44.31:468][434]LogModuleManager: Shutting down and abandoning module SequenceRecorder (469)
[2018.02.09-15.44.31:468][434]LogModuleManager: Shutting down and abandoning module SmartSnapping (466)
[2018.02.09-15.44.31:468][434]LogModuleManager: Shutting down and abandoning module SessionServices (464)
[2018.02.09-15.44.31:468][434]LogModuleManager: Shutting down and abandoning module ViewportSnapping (462)
[2018.02.09-15.44.31:468][434]LogModuleManager: Shutting down and abandoning module ViewportInteraction (460)
[2018.02.09-15.44.31:468][434]LogModuleManager: Shutting down and abandoning module ClothPainter (458)
[2018.02.09-15.44.31:470][434]LogModuleManager: Shutting down and abandoning module LogVisualizer (456)
[2018.02.09-15.44.31:471][434]LogModuleManager: Shutting down and abandoning module IntroTutorials (454)
[2018.02.09-15.44.31:472][434]LogModuleManager: Shutting down and abandoning module GameProjectGeneration (453)
[2018.02.09-15.44.31:473][434]LogModuleManager: Shutting down and abandoning module IOSPlatformEditor (450)
[2018.02.09-15.44.31:474][434]LogModuleManager: Shutting down and abandoning module HTML5PlatformEditor (448)
[2018.02.09-15.44.31:474][434]LogModuleManager: Shutting down and abandoning module AndroidPlatformEditor (446)
[2018.02.09-15.44.31:474][434]LogModuleManager: Shutting down and abandoning module AndroidDeviceDetection (445)
[2018.02.09-15.44.31:748][434]LogModuleManager: Shutting down and abandoning module WindowsPlatformEditor (442)
[2018.02.09-15.44.31:748][434]LogModuleManager: Shutting down and abandoning module IOSRuntimeSettings (440)
[2018.02.09-15.44.31:748][434]LogModuleManager: Shutting down and abandoning module AndroidRuntimeSettings (438)
[2018.02.09-15.44.31:748][434]LogModuleManager: Shutting down and abandoning module InputBindingEditor (436)
[2018.02.09-15.44.31:751][434]LogModuleManager: Shutting down and abandoning module MergeActors (434)
[2018.02.09-15.44.31:751][434]LogModuleManager: Shutting down and abandoning module SizeMap (432)
[2018.02.09-15.44.31:751][434]LogModuleManager: Shutting down and abandoning module TreeMap (430)
[2018.02.09-15.44.31:752][434]LogModuleManager: Shutting down and abandoning module ReferenceViewer (428)
[2018.02.09-15.44.31:752][434]LogModuleManager: Shutting down and abandoning module LocalizationDashboard (426)
[2018.02.09-15.44.31:753][434]LogModuleManager: Shutting down and abandoning module LocalizationService (425)
[2018.02.09-15.44.31:753][434]LogModuleManager: Shutting down and abandoning module HardwareTargeting (422)
[2018.02.09-15.44.31:754][434]LogModuleManager: Shutting down and abandoning module DeviceProfileEditor (420)
[2018.02.09-15.44.31:754][434]LogModuleManager: Shutting down and abandoning module UndoHistory (418)
[2018.02.09-15.44.31:754][434]LogModuleManager: Shutting down and abandoning module XmlParser (416)
[2018.02.09-15.44.31:754][434]LogModuleManager: Shutting down and abandoning module Blutility (414)
[2018.02.09-15.44.31:754][434]LogModuleManager: Shutting down and abandoning module ProjectSettingsViewer (412)
[2018.02.09-15.44.31:754][434]LogModuleManager: Shutting down and abandoning module ProjectTargetPlatformEditor (411)
[2018.02.09-15.44.31:755][434]LogModuleManager: Shutting down and abandoning module EditorSettingsViewer (408)
[2018.02.09-15.44.31:755][434]LogModuleManager: Shutting down and abandoning module SettingsEditor (406)
[2018.02.09-15.44.31:756][434]LogModuleManager: Shutting down and abandoning module ProjectLauncher (404)
[2018.02.09-15.44.31:756][434]LogModuleManager: Shutting down and abandoning module SessionFrontend (402)
[2018.02.09-15.44.31:757][434]LogModuleManager: Shutting down and abandoning module ProfilerClient (400)
[2018.02.09-15.44.31:757][434]LogModuleManager: Shutting down and abandoning module DeviceManager (398)
[2018.02.09-15.44.31:758][434]LogModuleManager: Shutting down and abandoning module TargetDeviceServices (397)
[2018.02.09-15.44.31:823][434]LogModuleManager: Shutting down and abandoning module AutomationController (394)
[2018.02.09-15.44.31:826][434]LogModuleManager: Shutting down and abandoning module AutomationWindow (392)
[2018.02.09-15.44.31:827][434]LogModuleManager: Shutting down and abandoning module Layers (390)
[2018.02.09-15.44.31:830][434]LogModuleManager: Shutting down and abandoning module ComponentVisualizers (388)
[2018.02.09-15.44.31:830][434]LogModuleManager: Shutting down and abandoning module DetailCustomizations (386)
[2018.02.09-15.44.31:831][434]LogModuleManager: Shutting down and abandoning module PackagesDialog (384)
[2018.02.09-15.44.31:831][434]LogModuleManager: Shutting down and abandoning module Persona (382)
[2018.02.09-15.44.31:834][434]LogModuleManager: Shutting down and abandoning module AdvancedPreviewScene (381)
[2018.02.09-15.44.31:834][434]LogModuleManager: Shutting down and abandoning module AnimGraph (379)
[2018.02.09-15.44.31:834][434]LogModuleManager: Shutting down and abandoning module Kismet (376)
[2018.02.09-15.44.31:836][434]LogModuleManager: Shutting down and abandoning module ClassViewer (374)
[2018.02.09-15.44.31:836][434]LogModuleManager: Shutting down and abandoning module Toolbox (372)
[2018.02.09-15.44.31:836][434]LogModuleManager: Shutting down and abandoning module ModuleUI (370)
[2018.02.09-15.44.31:837][434]LogModuleManager: Shutting down and abandoning module MovieSceneTools (368)
[2018.02.09-15.44.31:839][434]LogModuleManager: Shutting down and abandoning module OutputLog (366)
[2018.02.09-15.44.31:839][434]LogModuleManager: Shutting down and abandoning module GammaUI (364)
[2018.02.09-15.44.31:840][434]LogModuleManager: Shutting down and abandoning module Documentation (362)
[2018.02.09-15.44.31:840][434]LogModuleManager: Shutting down and abandoning module MovieSceneTracks (360)
[2018.02.09-15.44.31:840][434]LogModuleManager: Shutting down and abandoning module MovieScene (358)
[2018.02.09-15.44.31:840][434]LogModuleManager: Shutting down and abandoning module Niagara (356)
[2018.02.09-15.44.31:841][434]LogModuleManager: Shutting down and abandoning module NiagaraEditor (355)
[2018.02.09-15.44.31:843][434]LogModuleManager: Shutting down and abandoning module StreamingPauseRendering (352)
[2018.02.09-15.44.31:843][434]LogModuleManager: Shutting down and abandoning module LauncherPlatform (350)
[2018.02.09-15.44.31:843][434]LogModuleManager: Shutting down and abandoning module AnalyticsET (348)
[2018.02.09-15.44.31:843][434]LogModuleManager: Shutting down and abandoning module PortalServices (346)
[2018.02.09-15.44.31:843][434]LogModuleManager: Shutting down and abandoning module PortalRpc (344)
[2018.02.09-15.44.31:843][434]LogModuleManager: Shutting down and abandoning module MessagingRpc (342)
[2018.02.09-15.44.31:843][434]LogModuleManager: Shutting down and abandoning module AIModule (340)
[2018.02.09-15.44.31:843][434]LogModuleManager: Shutting down and abandoning module GameplayDebugger (339)
[2018.02.09-15.44.31:843][434]LogModuleManager: Shutting down and abandoning module AITestSuite (337)
[2018.02.09-15.44.31:844][434]LogModuleManager: Shutting down and abandoning module ProfilerService (334)
[2018.02.09-15.44.32:082][434]LogModuleManager: Shutting down and abandoning module TaskGraph (332)
[2018.02.09-15.44.32:086][434]LogModuleManager: Shutting down and abandoning module SteamVRController (330)
[2018.02.09-15.44.32:086][434]LogModuleManager: Shutting down and abandoning module ProceduralMeshComponentEditor (328)
[2018.02.09-15.44.32:086][434]LogModuleManager: Shutting down and abandoning module ProceduralMeshComponent (326)
[2018.02.09-15.44.32:086][434]LogModuleManager: Shutting down and abandoning module OculusInput (324)
[2018.02.09-15.44.32:086][434]LogModuleManager: Shutting down and abandoning module MobilePatchingUtils (322)
[2018.02.09-15.44.32:086][434]LogModuleManager: Shutting down and abandoning module CustomMeshComponent (320)
[2018.02.09-15.44.32:087][434]LogModuleManager: Shutting down and abandoning module CableComponent (318)
[2018.02.09-15.44.32:087][434]LogModuleManager: Shutting down and abandoning module ArchVisCharacter (316)
[2018.02.09-15.44.32:087][434]LogModuleManager: Shutting down and abandoning module AndroidPermission (314)
[2018.02.09-15.44.32:087][434]LogModuleManager: Shutting down and abandoning module MediaPlayerEditor (310)
[2018.02.09-15.44.32:089][434]LogModuleManager: Shutting down and abandoning module HTML5Networking (308)
[2018.02.09-15.44.32:089][434]LogModuleManager: Shutting down and abandoning module AlembicImporter (306)
[2018.02.09-15.44.32:090][434]LogModuleManager: Shutting down and abandoning module AlembicLibrary (305)
[2018.02.09-15.44.32:090][434]LogModuleManager: Shutting down and abandoning module GeometryCache (304)
[2018.02.09-15.44.32:090][434]LogModuleManager: Shutting down and abandoning module GeometryCacheEd (303)
[2018.02.09-15.44.32:090][434]LogModuleManager: Shutting down and abandoning module SpeedTreeImporter (298)
[2018.02.09-15.44.32:090][434]LogModuleManager: Shutting down and abandoning module PluginBrowser (296)
[2018.02.09-15.44.32:092][434]LogModuleManager: Shutting down and abandoning module MobileLauncherProfileWizard (294)
[2018.02.09-15.44.32:095][434]LogModuleManager: Shutting down and abandoning module VisualStudioSourceCodeAccess (292)
[2018.02.09-15.44.32:095][434]LogModuleManager: Shutting down and abandoning module DesktopPlatform (291)
[2018.02.09-15.44.32:096][434]LogModuleManager: Shutting down and abandoning module UObjectPlugin (288)
[2018.02.09-15.44.32:096][434]LogModuleManager: Shutting down and abandoning module SubversionSourceControl (286)
[2018.02.09-15.44.32:097][434]LogModuleManager: Shutting down and abandoning module PerforceSourceControl (284)
[2018.02.09-15.44.32:098][434]LogModuleManager: Shutting down and abandoning module GitSourceControl (282)
[2018.02.09-15.44.32:100][434]LogModuleManager: Shutting down and abandoning module SourceControl (281)
[2018.02.09-15.44.32:101][434]LogModuleManager: Shutting down and abandoning module LightPropagationVolumeEditor (278)
[2018.02.09-15.44.32:101][434]LogModuleManager: Shutting down and abandoning module PaperTiledImporter (276)
[2018.02.09-15.44.32:101][434]LogModuleManager: Shutting down and abandoning module PaperSpriteSheetImporter (274)
[2018.02.09-15.44.32:101][434]LogModuleManager: Shutting down and abandoning module Paper2DEditor (272)
[2018.02.09-15.44.32:102][434]LogModuleManager: Shutting down and abandoning module MeshPaint (271)
[2018.02.09-15.44.32:102][434]LogModuleManager: Shutting down and abandoning module LevelEditor (269)
[2018.02.09-15.44.32:104][434]LogModuleManager: Shutting down and abandoning module PixelInspectorModule (268)
[2018.02.09-15.44.32:107][434]LogModuleManager: Shutting down and abandoning module MainFrame (266)
[2018.02.09-15.44.32:107][434]LogModuleManager: Shutting down and abandoning module HotReload (265)
[2018.02.09-15.44.32:108][434]LogModuleManager: Shutting down and abandoning module RuntimePhysXCooking (260)
[2018.02.09-15.44.32:108][434]LogModuleManager: Shutting down and abandoning module PhysXVehiclesEditor (258)
[2018.02.09-15.44.32:108][434]LogModuleManager: Shutting down and abandoning module PhysXVehicles (256)
[2018.02.09-15.44.32:108][434]LogModuleManager: Shutting down and abandoning module OculusEditor (254)
[2018.02.09-15.44.32:108][434]LogModuleManager: Shutting down and abandoning module LocationServicesBPLibrary (252)
[2018.02.09-15.44.32:108][434]LogModuleManager: Shutting down and abandoning module ImmediatePhysicsEditor (250)
[2018.02.09-15.44.32:108][434]LogModuleManager: Shutting down and abandoning module ImmediatePhysics (248)
[2018.02.09-15.44.32:108][434]LogModuleManager: Shutting down and abandoning module UdpMessaging (246)
[2018.02.09-15.44.32:209][434]LogModuleManager: Shutting down and abandoning module TcpMessaging (244)
[2018.02.09-15.44.32:312][434]LogModuleManager: Shutting down and abandoning module GameplayTagsEditor (242)
[2018.02.09-15.44.32:315][434]LogModuleManager: Shutting down and abandoning module FacialAnimationEditor (240)
[2018.02.09-15.44.32:315][434]LogModuleManager: Shutting down and abandoning module FacialAnimation (238)
[2018.02.09-15.44.32:315][434]LogModuleManager: Shutting down and abandoning module AssetManagerEditor (236)
[2018.02.09-15.44.32:316][434]LogModuleManager: Shutting down and abandoning module GraphEditor (235)
[2018.02.09-15.44.32:319][434]LogModuleManager: Shutting down and abandoning module ContentBrowser (233)
[2018.02.09-15.44.32:320][434]LogModuleManager: Shutting down and abandoning module LightPropagationVolumeRuntime (230)
[2018.02.09-15.44.32:320][434]LogModuleManager: Shutting down and abandoning module Paper2D (228)
[2018.02.09-15.44.32:320][434]LogModuleManager: Shutting down and abandoning module WindowsMoviePlayer (226)
[2018.02.09-15.44.32:321][434]LogModuleManager: Shutting down and abandoning module WmfMedia (224)
[2018.02.09-15.44.32:324][434]LogModuleManager: Shutting down and abandoning module PacketHandler (222)
[2018.02.09-15.44.32:324][434]LogModuleManager: Shutting down and abandoning module ClothingSystemEditor (220)
[2018.02.09-15.44.32:325][434]LogModuleManager: Shutting down and abandoning module ClothingSystemRuntime (218)
[2018.02.09-15.44.32:325][434]LogModuleManager: Shutting down and abandoning module Overlay (216)
[2018.02.09-15.44.32:325][434]LogModuleManager: Shutting down and abandoning module OverlayEditor (215)
[2018.02.09-15.44.32:325][434]LogModuleManager: Shutting down and abandoning module MediaAssets (212)
[2018.02.09-15.44.32:325][434]LogModuleManager: Shutting down and abandoning module VREditor (210)
[2018.02.09-15.44.32:326][434]LogModuleManager: Shutting down and abandoning module StringTableEditor (208)
[2018.02.09-15.44.32:327][434]LogModuleManager: Shutting down and abandoning module GameplayTasksEditor (206)
[2018.02.09-15.44.32:327][434]LogModuleManager: Shutting down and abandoning module BehaviorTreeEditor (204)
[2018.02.09-15.44.32:329][434]LogModuleManager: Shutting down and abandoning module FunctionalTesting (202)
[2018.02.09-15.44.32:329][434]LogModuleManager: Shutting down and abandoning module CollisionAnalyzer (200)
[2018.02.09-15.44.32:330][434]LogModuleManager: Shutting down and abandoning module WorkspaceMenuStructure (199)
[2018.02.09-15.44.32:330][434]LogModuleManager: Shutting down and abandoning module UMG (196)
[2018.02.09-15.44.32:330][434]LogModuleManager: Shutting down and abandoning module UMGEditor (195)
[2018.02.09-15.44.32:332][434]LogModuleManager: Shutting down and abandoning module Sequencer (194)
[2018.02.09-15.44.32:333][434]LogModuleManager: Shutting down and abandoning module MessageLog (191)
[2018.02.09-15.44.32:333][434]LogModuleManager: Shutting down and abandoning module SlateReflector (186)
[2018.02.09-15.44.32:335][434]LogModuleManager: Shutting down and abandoning module Slate (184)
[2018.02.09-15.44.32:335][434]LogModuleManager: Shutting down and abandoning module EditorStyle (182)
[2018.02.09-15.44.32:338][434]LogModuleManager: Shutting down and abandoning module MRMesh (180)
[2018.02.09-15.44.32:338][434]LogModuleManager: Shutting down and abandoning module SourceCodeAccess (178)
[2018.02.09-15.44.32:338][434]LogModuleManager: Shutting down and abandoning module HeadMountedDisplay (176)
[2018.02.09-15.44.32:338][434]LogModuleManager: Shutting down and abandoning module XAudio2 (174)
[2018.02.09-15.44.32:338][434]LogModuleManager: Shutting down and abandoning module Networking (172)
[2018.02.09-15.44.32:338][434]LogModuleManager: Shutting down and abandoning module Core (168)
[2018.02.09-15.44.32:339][434]LogModuleManager: Shutting down and abandoning module KismetCompiler (164)
[2018.02.09-15.44.32:339][434]LogModuleManager: Shutting down and abandoning module LevelSequence (162)
[2018.02.09-15.44.32:339][434]LogModuleManager: Shutting down and abandoning module MeshUtilities (160)
[2018.02.09-15.44.32:340][434]LogModuleManager: Shutting down and abandoning module MeshMergeUtilities (159)
[2018.02.09-15.44.32:340][434]LogModuleManager: Shutting down and abandoning module MeshReductionInterface (158)
[2018.02.09-15.44.32:340][434]LogModuleManager: Shutting down and abandoning module SimplygonSwarm (157)
[2018.02.09-15.44.32:341][434]LogModuleManager: Shutting down and abandoning module SimplygonMeshReduction (155)
[2018.02.09-15.44.32:341][434]LogModuleManager: Shutting down and abandoning module QuadricMeshReduction (153)
[2018.02.09-15.44.32:341][434]LogModuleManager: Shutting down and abandoning module MaterialBaking (149)
[2018.02.09-15.44.32:342][434]LogModuleManager: Shutting down and abandoning module DirectoryWatcher (146)
[2018.02.09-15.44.32:343][434]LogModuleManager: Shutting down and abandoning module DerivedDataCache (144)
[2018.02.09-15.44.32:370][434]LogDerivedDataCache: Shutdown
[2018.02.09-15.44.32:371][434]LogModuleManager: Shutting down and abandoning module TargetPlatform (142)
[2018.02.09-15.44.32:371][434]LogModuleManager: Shutting down and abandoning module VulkanShaderFormat (141)
[2018.02.09-15.44.32:372][434]LogModuleManager: Shutting down and abandoning module ShaderFormatVectorVM (139)
[2018.02.09-15.44.32:372][434]LogModuleManager: Shutting down and abandoning module ShaderFormatOpenGL (137)
[2018.02.09-15.44.32:373][434]LogModuleManager: Shutting down and abandoning module ShaderFormatD3D (135)
[2018.02.09-15.44.32:373][434]LogModuleManager: Shutting down and abandoning module MetalShaderFormat (133)
[2018.02.09-15.44.32:374][434]LogModuleManager: Shutting down and abandoning module TextureFormatUncompressed (131)
[2018.02.09-15.44.32:374][434]LogModuleManager: Shutting down and abandoning module TextureFormatPVR (129)
[2018.02.09-15.44.32:374][434]LogModuleManager: Shutting down and abandoning module TextureFormatDXT (127)
[2018.02.09-15.44.32:375][434]LogModuleManager: Shutting down and abandoning module TextureFormatIntelISPCTexComp (125)
[2018.02.09-15.44.32:375][434]LogModuleManager: Shutting down and abandoning module TextureFormatASTC (123)
[2018.02.09-15.44.32:375][434]LogModuleManager: Shutting down and abandoning module ImageWrapper (122)
[2018.02.09-15.44.32:375][434]LogModuleManager: Shutting down and abandoning module TextureFormatAndroid (119)
[2018.02.09-15.44.32:375][434]LogModuleManager: Shutting down and abandoning module AudioFormatOpus (117)
[2018.02.09-15.44.32:375][434]LogModuleManager: Shutting down and abandoning module AudioFormatOgg (115)
[2018.02.09-15.44.32:375][434]LogModuleManager: Shutting down and abandoning module AudioFormatADPCM (113)
[2018.02.09-15.44.32:375][434]LogModuleManager: Shutting down and abandoning module LinuxTargetPlatform (111)
[2018.02.09-15.44.32:375][434]LogModuleManager: Shutting down and abandoning module LinuxServerTargetPlatform (109)
[2018.02.09-15.44.32:375][434]LogModuleManager: Shutting down and abandoning module LinuxNoEditorTargetPlatform (107)
[2018.02.09-15.44.32:375][434]LogModuleManager: Shutting down and abandoning module LinuxClientTargetPlatform (105)
[2018.02.09-15.44.32:375][434]LogModuleManager: Shutting down and abandoning module TVOSTargetPlatform (103)
[2018.02.09-15.44.32:375][434]LogModuleManager: Shutting down and abandoning module Messaging (101)
[2018.02.09-15.44.32:375][434]LogModuleManager: Shutting down and abandoning module IOSTargetPlatform (99)
[2018.02.09-15.44.32:375][434]LogModuleManager: Shutting down and abandoning module HTML5TargetPlatform (97)
[2018.02.09-15.44.32:375][434]LogModuleManager: Shutting down and abandoning module Android_PVRTCTargetPlatform (95)
[2018.02.09-15.44.32:375][434]LogModuleManager: Shutting down and abandoning module Android_MultiTargetPlatform (93)
[2018.02.09-15.44.32:375][434]LogModuleManager: Shutting down and abandoning module Android_ETC2TargetPlatform (91)
[2018.02.09-15.44.32:376][434]LogModuleManager: Shutting down and abandoning module Android_ETC1TargetPlatform (89)
[2018.02.09-15.44.32:376][434]LogModuleManager: Shutting down and abandoning module Android_DXTTargetPlatform (87)
[2018.02.09-15.44.32:376][434]LogModuleManager: Shutting down and abandoning module Android_ATCTargetPlatform (85)
[2018.02.09-15.44.32:376][434]LogModuleManager: Shutting down and abandoning module Android_ASTCTargetPlatform (83)
[2018.02.09-15.44.32:376][434]LogModuleManager: Shutting down and abandoning module AndroidTargetPlatform (81)
[2018.02.09-15.44.32:376][434]LogModuleManager: Shutting down and abandoning module WindowsTargetPlatform (79)
[2018.02.09-15.44.32:376][434]LogModuleManager: Shutting down and abandoning module WindowsServerTargetPlatform (77)
[2018.02.09-15.44.32:376][434]LogModuleManager: Shutting down and abandoning module WindowsNoEditorTargetPlatform (75)
[2018.02.09-15.44.32:376][434]LogModuleManager: Shutting down and abandoning module WindowsClientTargetPlatform (73)
[2018.02.09-15.44.32:376][434]LogModuleManager: Shutting down and abandoning module MacTargetPlatform (71)
[2018.02.09-15.44.32:376][434]LogModuleManager: Shutting down and abandoning module MacServerTargetPlatform (69)
[2018.02.09-15.44.32:376][434]LogModuleManager: Shutting down and abandoning module MacNoEditorTargetPlatform (67)
[2018.02.09-15.44.32:376][434]LogModuleManager: Shutting down and abandoning module MacClientTargetPlatform (65)
[2018.02.09-15.44.32:376][434]LogModuleManager: Shutting down and abandoning module AllDesktopTargetPlatform (63)
[2018.02.09-15.44.32:376][434]LogModuleManager: Shutting down and abandoning module InputCore (60)
[2018.02.09-15.44.32:376][434]LogModuleManager: Shutting down and abandoning module Settings (58)
[2018.02.09-15.44.32:376][434]LogModuleManager: Shutting down and abandoning module PhysXCooking (56)
[2018.02.09-15.44.32:376][434]LogModuleManager: Shutting down and abandoning module SteamVR (54)
[2018.02.09-15.44.32:376][434]LogModuleManager: Shutting down and abandoning module OculusHMD (52)
[2018.02.09-15.44.32:376][434]LogModuleManager: Shutting down and abandoning module ExampleDeviceProfileSelector (50)
[2018.02.09-15.44.32:376][434]LogModuleManager: Shutting down and abandoning module OnlineBlueprintSupport (48)
[2018.02.09-15.44.32:376][434]LogModuleManager: Shutting down and abandoning module OnlineSubsystem (44)
[2018.02.09-15.44.32:376][434]LogOnline: Display: Unloading online subsystem: NULL
[2018.02.09-15.44.32:378][434]LogModuleManager: Shutting down and abandoning module XMPP (43)
[2018.02.09-15.44.32:379][434]LogModuleManager: Shutting down and abandoning module HTTP (41)
[2018.02.09-15.44.32:379][434]LogHttp: Display: Http module shutting down, but needs to wait on 1 outstanding Http requests:
[2018.02.09-15.44.32:379][434]LogHttp: Display: 	verb=[POST] url=[https://datarouter.ol.epicgames.com/datarouter/api/v1/public/data?SessionID=%7B7248161E-4DDF-E173-9BF1-3C9992631DD3%7D&AppID=UEEditor.Rocket.Release&AppVersion=4.17.1-3586342%2B%2B%2BUE4%2BRelease-4.17&UserID=84dfc17b4e9f31e909ddc1b318eebdea%7Cc3fdeb3d8bcd4097a4768718e05c9cf8%7C53216c03-6ce2-4aa7-831b-9b13ed8ec1ec&AppEnvironment=datacollector-binary&UploadType=eteventstream] status=Processing
[2018.02.09-15.44.32:408][434]LogModuleManager: Shutting down and abandoning module SSL (40)
[2018.02.09-15.44.32:411][434]LogModuleManager: Shutting down and abandoning module AnimationModifiers (36)
[2018.02.09-15.44.32:411][434]LogModuleManager: Shutting down and abandoning module PropertyEditor (35)
[2018.02.09-15.44.32:411][434]LogModuleManager: Shutting down and abandoning module AudioEditor (32)
[2018.02.09-15.44.32:413][434]LogModuleManager: Shutting down and abandoning module TextureCompressor (30)
[2018.02.09-15.44.32:414][434]LogModuleManager: Shutting down and abandoning module ShaderCore (28)
[2018.02.09-15.44.32:414][434]LogModuleManager: Shutting down and abandoning module Landscape (26)
[2018.02.09-15.44.32:414][434]LogModuleManager: Shutting down and abandoning module SlateRHIRenderer (24)
[2018.02.09-15.44.32:416][434]LogModuleManager: Shutting down and abandoning module OpenGLDrv (22)
[2018.02.09-15.44.32:416][434]LogModuleManager: Shutting down and abandoning module D3D11RHI (20)
[2018.02.09-15.44.32:416][434]LogModuleManager: Shutting down and abandoning module AnimGraphRuntime (18)
[2018.02.09-15.44.32:416][434]LogModuleManager: Shutting down and abandoning module Renderer (16)
[2018.02.09-15.44.32:416][434]LogModuleManager: Shutting down and abandoning module Engine (14)
[2018.02.09-15.44.32:416][434]LogModuleManager: Shutting down and abandoning module CoreUObject (12)
[2018.02.09-15.44.32:416][434]LogModuleManager: Shutting down and abandoning module NetworkFile (10)
[2018.02.09-15.44.32:417][434]LogModuleManager: Shutting down and abandoning module CookedIterativeFile (8)
[2018.02.09-15.44.32:417][434]LogModuleManager: Shutting down and abandoning module StreamingFile (6)
[2018.02.09-15.44.32:417][434]LogModuleManager: Shutting down and abandoning module SandboxFile (4)
[2018.02.09-15.44.32:417][434]LogModuleManager: Shutting down and abandoning module PakFile (2)
[2018.02.09-15.44.32:422][434]LogExit: Exiting.
[2018.02.09-15.44.32:438][434]Log file closed, 02/09/18 09:44:32
